{"/Users/apple/Documents/Project/PIS/apps/web/src/middleware-rate-limit.ts": {"path":"/Users/apple/Documents/Project/PIS/apps/web/src/middleware-rate-limit.ts","statementMap":{"0":{"start":{"line":23,"column":30},"end":{"line":23,"column":null}},"1":{"start":{"line":26,"column":23},"end":{"line":26,"column":null}},"2":{"start":{"line":35,"column":38},"end":{"line":35,"column":null}},"3":{"start":{"line":36,"column":23},"end":{"line":36,"column":null}},"4":{"start":{"line":40,"column":2},"end":{"line":40,"column":null}},"5":{"start":{"line":40,"column":24},"end":{"line":40,"column":null}},"6":{"start":{"line":42,"column":2},"end":{"line":42,"column":null}},"7":{"start":{"line":43,"column":19},"end":{"line":43,"column":null}},"8":{"start":{"line":44,"column":21},"end":{"line":44,"column":null}},"9":{"start":{"line":46,"column":2},"end":{"line":48,"column":null}},"10":{"start":{"line":47,"column":4},"end":{"line":47,"column":null}},"11":{"start":{"line":50,"column":2},"end":{"line":63,"column":null}},"12":{"start":{"line":52,"column":22},"end":{"line":52,"column":null}},"13":{"start":{"line":53,"column":4},"end":{"line":56,"column":null}},"14":{"start":{"line":57,"column":4},"end":{"line":57,"column":null}},"15":{"start":{"line":58,"column":4},"end":{"line":58,"column":null}},"16":{"start":{"line":60,"column":25},"end":{"line":60,"column":null}},"17":{"start":{"line":61,"column":4},"end":{"line":61,"column":null}},"18":{"start":{"line":62,"column":4},"end":{"line":62,"column":null}},"19":{"start":{"line":78,"column":14},"end":{"line":78,"column":null}},"20":{"start":{"line":81,"column":17},"end":{"line":81,"column":null}},"21":{"start":{"line":84,"column":2},"end":{"line":109,"column":null}},"22":{"start":{"line":85,"column":4},"end":{"line":108,"column":null}},"23":{"start":{"line":86,"column":18},"end":{"line":86,"column":null}},"24":{"start":{"line":87,"column":28},"end":{"line":87,"column":null}},"25":{"start":{"line":90,"column":20},"end":{"line":90,"column":null}},"26":{"start":{"line":93,"column":6},"end":{"line":95,"column":null}},"27":{"start":{"line":94,"column":8},"end":{"line":94,"column":null}},"28":{"start":{"line":97,"column":22},"end":{"line":97,"column":null}},"29":{"start":{"line":98,"column":22},"end":{"line":98,"column":null}},"30":{"start":{"line":100,"column":6},"end":{"line":104,"column":null}},"31":{"start":{"line":107,"column":6},"end":{"line":107,"column":null}},"32":{"start":{"line":113,"column":2},"end":{"line":113,"column":null}},"33":{"start":{"line":116,"column":2},"end":{"line":118,"column":null}},"34":{"start":{"line":117,"column":4},"end":{"line":117,"column":null}},"35":{"start":{"line":120,"column":14},"end":{"line":120,"column":null}},"36":{"start":{"line":121,"column":17},"end":{"line":121,"column":null}},"37":{"start":{"line":124,"column":2},"end":{"line":135,"column":null}},"38":{"start":{"line":125,"column":4},"end":{"line":129,"column":null}},"39":{"start":{"line":130,"column":4},"end":{"line":134,"column":null}},"40":{"start":{"line":138,"column":2},"end":{"line":145,"column":null}},"41":{"start":{"line":139,"column":4},"end":{"line":139,"column":null}},"42":{"start":{"line":140,"column":4},"end":{"line":144,"column":null}},"43":{"start":{"line":148,"column":2},"end":{"line":152,"column":null}},"44":{"start":{"line":159,"column":14},"end":{"line":159,"column":null}},"45":{"start":{"line":160,"column":33},"end":{"line":160,"column":null}},"46":{"start":{"line":162,"column":2},"end":{"line":166,"column":null}},"47":{"start":{"line":163,"column":4},"end":{"line":165,"column":null}},"48":{"start":{"line":164,"column":6},"end":{"line":164,"column":null}},"49":{"start":{"line":168,"column":2},"end":{"line":170,"column":null}},"50":{"start":{"line":169,"column":4},"end":{"line":169,"column":null}},"51":{"start":{"line":177,"column":18},"end":{"line":177,"column":null}},"52":{"start":{"line":180,"column":2},"end":{"line":180,"column":null}},"53":{"start":{"line":180,"column":25},"end":{"line":180,"column":56}},"54":{"start":{"line":181,"column":19},"end":{"line":181,"column":null}},"55":{"start":{"line":183,"column":2},"end":{"line":185,"column":null}},"56":{"start":{"line":184,"column":4},"end":{"line":184,"column":null}},"57":{"start":{"line":192,"column":2},"end":{"line":195,"column":null}},"58":{"start":{"line":201,"column":45},"end":{"line":201,"column":null}},"59":{"start":{"line":202,"column":0},"end":{"line":220,"column":null}},"60":{"start":{"line":203,"column":2},"end":{"line":203,"column":null}},"61":{"start":{"line":206,"column":2},"end":{"line":219,"column":null}},"62":{"start":{"line":207,"column":4},"end":{"line":212,"column":null}},"63":{"start":{"line":208,"column":6},"end":{"line":211,"column":null}},"64":{"start":{"line":209,"column":8},"end":{"line":209,"column":null}},"65":{"start":{"line":210,"column":8},"end":{"line":210,"column":null}},"66":{"start":{"line":213,"column":4},"end":{"line":218,"column":null}},"67":{"start":{"line":214,"column":6},"end":{"line":217,"column":null}},"68":{"start":{"line":215,"column":8},"end":{"line":215,"column":null}},"69":{"start":{"line":216,"column":8},"end":{"line":216,"column":null}}},"fnMap":{"0":{"name":"initRedis","decl":{"start":{"line":39,"column":15},"end":{"line":39,"column":56}},"loc":{"start":{"line":39,"column":56},"end":{"line":64,"column":null}},"line":39},"1":{"name":"checkRateLimit","decl":{"start":{"line":73,"column":22},"end":{"line":73,"column":null}},"loc":{"start":{"line":77,"column":69},"end":{"line":153,"column":null}},"line":77},"2":{"name":"cleanupExpiredRecords","decl":{"start":{"line":158,"column":9},"end":{"line":158,"column":33}},"loc":{"start":{"line":158,"column":33},"end":{"line":171,"column":null}},"line":158},"3":{"name":"(anonymous_3)","decl":{"start":{"line":162,"column":29},"end":{"line":162,"column":30}},"loc":{"start":{"line":162,"column":38},"end":{"line":166,"column":3}},"line":162},"4":{"name":"(anonymous_4)","decl":{"start":{"line":168,"column":23},"end":{"line":168,"column":24}},"loc":{"start":{"line":168,"column":32},"end":{"line":170,"column":3}},"line":168},"5":{"name":"cleanupOldestRecords","decl":{"start":{"line":176,"column":9},"end":{"line":176,"column":32}},"loc":{"start":{"line":176,"column":32},"end":{"line":186,"column":null}},"line":176},"6":{"name":"(anonymous_6)","decl":{"start":{"line":180,"column":15},"end":{"line":180,"column":16}},"loc":{"start":{"line":180,"column":25},"end":{"line":180,"column":56}},"line":180},"7":{"name":"(anonymous_7)","decl":{"start":{"line":183,"column":19},"end":{"line":183,"column":20}},"loc":{"start":{"line":183,"column":30},"end":{"line":185,"column":3}},"line":183},"8":{"name":"getRateLimitStats","decl":{"start":{"line":191,"column":16},"end":{"line":191,"column":36}},"loc":{"start":{"line":191,"column":36},"end":{"line":196,"column":null}},"line":191},"9":{"name":"(anonymous_9)","decl":{"start":{"line":207,"column":26},"end":{"line":207,"column":32}},"loc":{"start":{"line":207,"column":32},"end":{"line":212,"column":5}},"line":207},"10":{"name":"(anonymous_10)","decl":{"start":{"line":213,"column":25},"end":{"line":213,"column":31}},"loc":{"start":{"line":213,"column":31},"end":{"line":218,"column":5}},"line":213}},"branchMap":{"0":{"loc":{"start":{"line":40,"column":2},"end":{"line":40,"column":null}},"type":"if","locations":[{"start":{"line":40,"column":2},"end":{"line":40,"column":null}},{"start":{},"end":{}}],"line":40},"1":{"loc":{"start":{"line":46,"column":2},"end":{"line":48,"column":null}},"type":"if","locations":[{"start":{"line":46,"column":2},"end":{"line":48,"column":null}},{"start":{},"end":{}}],"line":46},"2":{"loc":{"start":{"line":46,"column":6},"end":{"line":46,"column":32}},"type":"binary-expr","locations":[{"start":{"line":46,"column":6},"end":{"line":46,"column":19}},{"start":{"line":46,"column":19},"end":{"line":46,"column":32}}],"line":46},"3":{"loc":{"start":{"line":60,"column":25},"end":{"line":60,"column":null}},"type":"cond-expr","locations":[{"start":{"line":60,"column":48},"end":{"line":60,"column":62}},{"start":{"line":60,"column":62},"end":{"line":60,"column":null}}],"line":60},"4":{"loc":{"start":{"line":84,"column":2},"end":{"line":109,"column":null}},"type":"if","locations":[{"start":{"line":84,"column":2},"end":{"line":109,"column":null}},{"start":{},"end":{}}],"line":84},"5":{"loc":{"start":{"line":93,"column":6},"end":{"line":95,"column":null}},"type":"if","locations":[{"start":{"line":93,"column":6},"end":{"line":95,"column":null}},{"start":{},"end":{}}],"line":93},"6":{"loc":{"start":{"line":116,"column":2},"end":{"line":118,"column":null}},"type":"if","locations":[{"start":{"line":116,"column":2},"end":{"line":118,"column":null}},{"start":{},"end":{}}],"line":116},"7":{"loc":{"start":{"line":124,"column":2},"end":{"line":135,"column":null}},"type":"if","locations":[{"start":{"line":124,"column":2},"end":{"line":135,"column":null}},{"start":{},"end":{}}],"line":124},"8":{"loc":{"start":{"line":124,"column":6},"end":{"line":124,"column":39}},"type":"binary-expr","locations":[{"start":{"line":124,"column":6},"end":{"line":124,"column":17}},{"start":{"line":124,"column":17},"end":{"line":124,"column":39}}],"line":124},"9":{"loc":{"start":{"line":138,"column":2},"end":{"line":145,"column":null}},"type":"if","locations":[{"start":{"line":138,"column":2},"end":{"line":145,"column":null}},{"start":{},"end":{}}],"line":138},"10":{"loc":{"start":{"line":163,"column":4},"end":{"line":165,"column":null}},"type":"if","locations":[{"start":{"line":163,"column":4},"end":{"line":165,"column":null}},{"start":{},"end":{}}],"line":163},"11":{"loc":{"start":{"line":202,"column":0},"end":{"line":220,"column":null}},"type":"if","locations":[{"start":{"line":202,"column":0},"end":{"line":220,"column":null}},{"start":{},"end":{}}],"line":202},"12":{"loc":{"start":{"line":206,"column":2},"end":{"line":219,"column":null}},"type":"if","locations":[{"start":{"line":206,"column":2},"end":{"line":219,"column":null}},{"start":{},"end":{}}],"line":206},"13":{"loc":{"start":{"line":206,"column":6},"end":{"line":206,"column":52}},"type":"binary-expr","locations":[{"start":{"line":206,"column":6},"end":{"line":206,"column":40}},{"start":{"line":206,"column":40},"end":{"line":206,"column":52}}],"line":206},"14":{"loc":{"start":{"line":208,"column":6},"end":{"line":211,"column":null}},"type":"if","locations":[{"start":{"line":208,"column":6},"end":{"line":211,"column":null}},{"start":{},"end":{}}],"line":208},"15":{"loc":{"start":{"line":214,"column":6},"end":{"line":217,"column":null}},"type":"if","locations":[{"start":{"line":214,"column":6},"end":{"line":217,"column":null}},{"start":{},"end":{}}],"line":214}},"s":{"0":7,"1":7,"2":7,"3":7,"4":25,"5":19,"6":6,"7":6,"8":6,"9":6,"10":6,"11":0,"12":0,"13":0,"14":0,"15":0,"16":0,"17":0,"18":0,"19":25,"20":25,"21":25,"22":0,"23":0,"24":0,"25":0,"26":0,"27":0,"28":0,"29":0,"30":0,"31":0,"32":25,"33":25,"34":0,"35":25,"36":25,"37":25,"38":10,"39":10,"40":15,"41":14,"42":14,"43":1,"44":25,"45":25,"46":25,"47":19,"48":2,"49":25,"50":2,"51":0,"52":0,"53":0,"54":0,"55":0,"56":0,"57":1,"58":7,"59":7,"60":7,"61":7,"62":7,"63":0,"64":0,"65":0,"66":7,"67":0,"68":0,"69":0},"f":{"0":25,"1":25,"2":25,"3":19,"4":2,"5":0,"6":0,"7":0,"8":1,"9":0,"10":0},"b":{"0":[19,6],"1":[6,0],"2":[6,0],"3":[0,0],"4":[0,25],"5":[0,0],"6":[0,25],"7":[10,15],"8":[25,15],"9":[14,1],"10":[2,17],"11":[7,0],"12":[7,0],"13":[7,7],"14":[0,0],"15":[0,0]},"meta":{"lastBranch":16,"lastFunction":11,"lastStatement":70,"seen":{"s:23:30:23:Infinity":0,"s:26:23:26:Infinity":1,"s:35:38:35:Infinity":2,"s:36:23:36:Infinity":3,"f:39:15:39:56":0,"b:40:2:40:Infinity:undefined:undefined:undefined:undefined":0,"s:40:2:40:Infinity":4,"s:40:24:40:Infinity":5,"s:42:2:42:Infinity":6,"s:43:19:43:Infinity":7,"s:44:21:44:Infinity":8,"b:46:2:48:Infinity:undefined:undefined:undefined:undefined":1,"s:46:2:48:Infinity":9,"b:46:6:46:19:46:19:46:32":2,"s:47:4:47:Infinity":10,"s:50:2:63:Infinity":11,"s:52:22:52:Infinity":12,"s:53:4:56:Infinity":13,"s:57:4:57:Infinity":14,"s:58:4:58:Infinity":15,"s:60:25:60:Infinity":16,"b:60:48:60:62:60:62:60:Infinity":3,"s:61:4:61:Infinity":17,"s:62:4:62:Infinity":18,"f:73:22:73:Infinity":1,"s:78:14:78:Infinity":19,"s:81:17:81:Infinity":20,"b:84:2:109:Infinity:undefined:undefined:undefined:undefined":4,"s:84:2:109:Infinity":21,"s:85:4:108:Infinity":22,"s:86:18:86:Infinity":23,"s:87:28:87:Infinity":24,"s:90:20:90:Infinity":25,"b:93:6:95:Infinity:undefined:undefined:undefined:undefined":5,"s:93:6:95:Infinity":26,"s:94:8:94:Infinity":27,"s:97:22:97:Infinity":28,"s:98:22:98:Infinity":29,"s:100:6:104:Infinity":30,"s:107:6:107:Infinity":31,"s:113:2:113:Infinity":32,"b:116:2:118:Infinity:undefined:undefined:undefined:undefined":6,"s:116:2:118:Infinity":33,"s:117:4:117:Infinity":34,"s:120:14:120:Infinity":35,"s:121:17:121:Infinity":36,"b:124:2:135:Infinity:undefined:undefined:undefined:undefined":7,"s:124:2:135:Infinity":37,"b:124:6:124:17:124:17:124:39":8,"s:125:4:129:Infinity":38,"s:130:4:134:Infinity":39,"b:138:2:145:Infinity:undefined:undefined:undefined:undefined":9,"s:138:2:145:Infinity":40,"s:139:4:139:Infinity":41,"s:140:4:144:Infinity":42,"s:148:2:152:Infinity":43,"f:158:9:158:33":2,"s:159:14:159:Infinity":44,"s:160:33:160:Infinity":45,"s:162:2:166:Infinity":46,"f:162:29:162:30":3,"b:163:4:165:Infinity:undefined:undefined:undefined:undefined":10,"s:163:4:165:Infinity":47,"s:164:6:164:Infinity":48,"s:168:2:170:Infinity":49,"f:168:23:168:24":4,"s:169:4:169:Infinity":50,"f:176:9:176:32":5,"s:177:18:177:Infinity":51,"s:180:2:180:Infinity":52,"f:180:15:180:16":6,"s:180:25:180:56":53,"s:181:19:181:Infinity":54,"s:183:2:185:Infinity":55,"f:183:19:183:20":7,"s:184:4:184:Infinity":56,"f:191:16:191:36":8,"s:192:2:195:Infinity":57,"s:201:45:201:Infinity":58,"b:202:0:220:Infinity:undefined:undefined:undefined:undefined":11,"s:202:0:220:Infinity":59,"s:203:2:203:Infinity":60,"b:206:2:219:Infinity:undefined:undefined:undefined:undefined":12,"s:206:2:219:Infinity":61,"b:206:6:206:40:206:40:206:52":13,"s:207:4:212:Infinity":62,"f:207:26:207:32":9,"b:208:6:211:Infinity:undefined:undefined:undefined:undefined":14,"s:208:6:211:Infinity":63,"s:209:8:209:Infinity":64,"s:210:8:210:Infinity":65,"s:213:4:218:Infinity":66,"f:213:25:213:31":10,"b:214:6:217:Infinity:undefined:undefined:undefined:undefined":15,"s:214:6:217:Infinity":67,"s:215:8:215:Infinity":68,"s:216:8:216:Infinity":69}}}
,"/Users/apple/Documents/Project/PIS/apps/web/src/app/api/admin/albums/route.ts": {"path":"/Users/apple/Documents/Project/PIS/apps/web/src/app/api/admin/albums/route.ts","statementMap":{"0":{"start":{"line":14,"column":2},"end":{"line":76,"column":null}},"1":{"start":{"line":15,"column":21},"end":{"line":15,"column":null}},"2":{"start":{"line":16,"column":29},"end":{"line":16,"column":null}},"3":{"start":{"line":21,"column":8},"end":{"line":21,"column":null}},"4":{"start":{"line":23,"column":4},"end":{"line":28,"column":null}},"5":{"start":{"line":24,"column":6},"end":{"line":27,"column":null}},"6":{"start":{"line":31,"column":17},"end":{"line":31,"column":null}},"7":{"start":{"line":32,"column":18},"end":{"line":32,"column":null}},"8":{"start":{"line":33,"column":10},"end":{"line":33,"column":null}},"9":{"start":{"line":36,"column":21},"end":{"line":36,"column":null}},"10":{"start":{"line":39,"column":16},"end":{"line":44,"column":null}},"11":{"start":{"line":47,"column":4},"end":{"line":51,"column":null}},"12":{"start":{"line":48,"column":6},"end":{"line":48,"column":null}},"13":{"start":{"line":49,"column":4},"end":{"line":51,"column":null}},"14":{"start":{"line":50,"column":6},"end":{"line":50,"column":null}},"15":{"start":{"line":53,"column":35},"end":{"line":53,"column":null}},"16":{"start":{"line":55,"column":4},"end":{"line":60,"column":null}},"17":{"start":{"line":56,"column":6},"end":{"line":59,"column":null}},"18":{"start":{"line":62,"column":4},"end":{"line":70,"column":null}},"19":{"start":{"line":72,"column":4},"end":{"line":75,"column":null}},"20":{"start":{"line":81,"column":2},"end":{"line":310,"column":null}},"21":{"start":{"line":82,"column":21},"end":{"line":82,"column":null}},"22":{"start":{"line":87,"column":8},"end":{"line":87,"column":null}},"23":{"start":{"line":89,"column":4},"end":{"line":94,"column":null}},"24":{"start":{"line":90,"column":6},"end":{"line":93,"column":null}},"25":{"start":{"line":115,"column":4},"end":{"line":123,"column":null}},"26":{"start":{"line":116,"column":6},"end":{"line":116,"column":null}},"27":{"start":{"line":118,"column":6},"end":{"line":118,"column":null}},"28":{"start":{"line":119,"column":6},"end":{"line":122,"column":null}},"29":{"start":{"line":141,"column":8},"end":{"line":141,"column":null}},"30":{"start":{"line":144,"column":4},"end":{"line":149,"column":null}},"31":{"start":{"line":145,"column":6},"end":{"line":148,"column":null}},"32":{"start":{"line":152,"column":4},"end":{"line":157,"column":null}},"33":{"start":{"line":153,"column":6},"end":{"line":156,"column":null}},"34":{"start":{"line":160,"column":4},"end":{"line":165,"column":null}},"35":{"start":{"line":161,"column":6},"end":{"line":164,"column":null}},"36":{"start":{"line":168,"column":4},"end":{"line":173,"column":null}},"37":{"start":{"line":169,"column":6},"end":{"line":172,"column":null}},"38":{"start":{"line":176,"column":4},"end":{"line":181,"column":null}},"39":{"start":{"line":177,"column":6},"end":{"line":180,"column":null}},"40":{"start":{"line":184,"column":60},"end":{"line":184,"column":null}},"41":{"start":{"line":185,"column":4},"end":{"line":204,"column":null}},"42":{"start":{"line":186,"column":6},"end":{"line":203,"column":null}},"43":{"start":{"line":187,"column":8},"end":{"line":187,"column":null}},"44":{"start":{"line":188,"column":6},"end":{"line":203,"column":null}},"45":{"start":{"line":189,"column":23},"end":{"line":189,"column":null}},"46":{"start":{"line":190,"column":8},"end":{"line":197,"column":null}},"47":{"start":{"line":191,"column":10},"end":{"line":191,"column":null}},"48":{"start":{"line":193,"column":10},"end":{"line":196,"column":null}},"49":{"start":{"line":199,"column":8},"end":{"line":202,"column":null}},"50":{"start":{"line":207,"column":49},"end":{"line":207,"column":null}},"51":{"start":{"line":208,"column":4},"end":{"line":243,"column":null}},"52":{"start":{"line":209,"column":6},"end":{"line":242,"column":null}},"53":{"start":{"line":210,"column":20},"end":{"line":210,"column":null}},"54":{"start":{"line":212,"column":8},"end":{"line":217,"column":null}},"55":{"start":{"line":213,"column":10},"end":{"line":216,"column":null}},"56":{"start":{"line":219,"column":25},"end":{"line":219,"column":null}},"57":{"start":{"line":220,"column":28},"end":{"line":220,"column":null}},"58":{"start":{"line":222,"column":10},"end":{"line":227,"column":null}},"59":{"start":{"line":229,"column":8},"end":{"line":234,"column":null}},"60":{"start":{"line":230,"column":10},"end":{"line":233,"column":null}},"61":{"start":{"line":236,"column":8},"end":{"line":236,"column":null}},"62":{"start":{"line":238,"column":8},"end":{"line":241,"column":null}},"63":{"start":{"line":246,"column":36},"end":{"line":263,"column":null}},"64":{"start":{"line":266,"column":28},"end":{"line":270,"column":null}},"65":{"start":{"line":272,"column":4},"end":{"line":284,"column":null}},"66":{"start":{"line":274,"column":6},"end":{"line":279,"column":null}},"67":{"start":{"line":275,"column":8},"end":{"line":278,"column":null}},"68":{"start":{"line":280,"column":6},"end":{"line":283,"column":null}},"69":{"start":{"line":288,"column":4},"end":{"line":295,"column":null}},"70":{"start":{"line":289,"column":6},"end":{"line":289,"column":null}},"71":{"start":{"line":291,"column":6},"end":{"line":291,"column":null}},"72":{"start":{"line":293,"column":21},"end":{"line":293,"column":null}},"73":{"start":{"line":294,"column":6},"end":{"line":294,"column":null}},"74":{"start":{"line":298,"column":4},"end":{"line":304,"column":null}},"75":{"start":{"line":306,"column":4},"end":{"line":309,"column":null}}},"fnMap":{"0":{"name":"GET","decl":{"start":{"line":13,"column":22},"end":{"line":13,"column":26}},"loc":{"start":{"line":13,"column":48},"end":{"line":77,"column":null}},"line":13},"1":{"name":"POST","decl":{"start":{"line":80,"column":22},"end":{"line":80,"column":27}},"loc":{"start":{"line":80,"column":49},"end":{"line":311,"column":null}},"line":80}},"branchMap":{"0":{"loc":{"start":{"line":23,"column":4},"end":{"line":28,"column":null}},"type":"if","locations":[{"start":{"line":23,"column":4},"end":{"line":28,"column":null}},{"start":{},"end":{}}],"line":23},"1":{"loc":{"start":{"line":31,"column":26},"end":{"line":31,"column":57}},"type":"binary-expr","locations":[{"start":{"line":31,"column":26},"end":{"line":31,"column":54}},{"start":{"line":31,"column":54},"end":{"line":31,"column":57}}],"line":31},"2":{"loc":{"start":{"line":32,"column":27},"end":{"line":32,"column":60}},"type":"binary-expr","locations":[{"start":{"line":32,"column":27},"end":{"line":32,"column":56}},{"start":{"line":32,"column":56},"end":{"line":32,"column":60}}],"line":32},"3":{"loc":{"start":{"line":47,"column":4},"end":{"line":51,"column":null}},"type":"if","locations":[{"start":{"line":47,"column":4},"end":{"line":51,"column":null}},{"start":{"line":49,"column":4},"end":{"line":51,"column":null}}],"line":47},"4":{"loc":{"start":{"line":49,"column":4},"end":{"line":51,"column":null}},"type":"if","locations":[{"start":{"line":49,"column":4},"end":{"line":51,"column":null}},{"start":{},"end":{}}],"line":49},"5":{"loc":{"start":{"line":55,"column":4},"end":{"line":60,"column":null}},"type":"if","locations":[{"start":{"line":55,"column":4},"end":{"line":60,"column":null}},{"start":{},"end":{}}],"line":55},"6":{"loc":{"start":{"line":67,"column":15},"end":{"line":67,"column":null}},"type":"binary-expr","locations":[{"start":{"line":67,"column":15},"end":{"line":67,"column":24}},{"start":{"line":67,"column":24},"end":{"line":67,"column":null}}],"line":67},"7":{"loc":{"start":{"line":68,"column":31},"end":{"line":68,"column":45}},"type":"binary-expr","locations":[{"start":{"line":68,"column":31},"end":{"line":68,"column":40}},{"start":{"line":68,"column":40},"end":{"line":68,"column":45}}],"line":68},"8":{"loc":{"start":{"line":89,"column":4},"end":{"line":94,"column":null}},"type":"if","locations":[{"start":{"line":89,"column":4},"end":{"line":94,"column":null}},{"start":{},"end":{}}],"line":89},"9":{"loc":{"start":{"line":144,"column":4},"end":{"line":149,"column":null}},"type":"if","locations":[{"start":{"line":144,"column":4},"end":{"line":149,"column":null}},{"start":{},"end":{}}],"line":144},"10":{"loc":{"start":{"line":144,"column":8},"end":{"line":144,"column":33}},"type":"binary-expr","locations":[{"start":{"line":144,"column":8},"end":{"line":144,"column":18}},{"start":{"line":144,"column":18},"end":{"line":144,"column":33}}],"line":144},"11":{"loc":{"start":{"line":152,"column":4},"end":{"line":157,"column":null}},"type":"if","locations":[{"start":{"line":152,"column":4},"end":{"line":157,"column":null}},{"start":{},"end":{}}],"line":152},"12":{"loc":{"start":{"line":160,"column":4},"end":{"line":165,"column":null}},"type":"if","locations":[{"start":{"line":160,"column":4},"end":{"line":165,"column":null}},{"start":{},"end":{}}],"line":160},"13":{"loc":{"start":{"line":160,"column":8},"end":{"line":160,"column":69}},"type":"binary-expr","locations":[{"start":{"line":160,"column":8},"end":{"line":160,"column":18}},{"start":{"line":160,"column":18},"end":{"line":160,"column":69}}],"line":160},"14":{"loc":{"start":{"line":168,"column":4},"end":{"line":173,"column":null}},"type":"if","locations":[{"start":{"line":168,"column":4},"end":{"line":173,"column":null}},{"start":{},"end":{}}],"line":168},"15":{"loc":{"start":{"line":168,"column":8},"end":{"line":168,"column":85}},"type":"binary-expr","locations":[{"start":{"line":168,"column":8},"end":{"line":168,"column":21}},{"start":{"line":168,"column":21},"end":{"line":168,"column":85}}],"line":168},"16":{"loc":{"start":{"line":176,"column":4},"end":{"line":181,"column":null}},"type":"if","locations":[{"start":{"line":176,"column":4},"end":{"line":181,"column":null}},{"start":{},"end":{}}],"line":176},"17":{"loc":{"start":{"line":176,"column":8},"end":{"line":176,"column":70}},"type":"binary-expr","locations":[{"start":{"line":176,"column":8},"end":{"line":176,"column":26}},{"start":{"line":176,"column":26},"end":{"line":176,"column":70}}],"line":176},"18":{"loc":{"start":{"line":185,"column":4},"end":{"line":204,"column":null}},"type":"if","locations":[{"start":{"line":185,"column":4},"end":{"line":204,"column":null}},{"start":{},"end":{}}],"line":185},"19":{"loc":{"start":{"line":186,"column":6},"end":{"line":203,"column":null}},"type":"if","locations":[{"start":{"line":186,"column":6},"end":{"line":203,"column":null}},{"start":{"line":188,"column":6},"end":{"line":203,"column":null}}],"line":186},"20":{"loc":{"start":{"line":188,"column":6},"end":{"line":203,"column":null}},"type":"if","locations":[{"start":{"line":188,"column":6},"end":{"line":203,"column":null}},{"start":{"line":198,"column":13},"end":{"line":203,"column":null}}],"line":188},"21":{"loc":{"start":{"line":188,"column":17},"end":{"line":188,"column":78}},"type":"binary-expr","locations":[{"start":{"line":188,"column":17},"end":{"line":188,"column":54}},{"start":{"line":188,"column":54},"end":{"line":188,"column":78}}],"line":188},"22":{"loc":{"start":{"line":190,"column":8},"end":{"line":197,"column":null}},"type":"if","locations":[{"start":{"line":190,"column":8},"end":{"line":197,"column":null}},{"start":{"line":192,"column":15},"end":{"line":197,"column":null}}],"line":190},"23":{"loc":{"start":{"line":190,"column":12},"end":{"line":190,"column":95}},"type":"binary-expr","locations":[{"start":{"line":190,"column":12},"end":{"line":190,"column":29}},{"start":{"line":190,"column":29},"end":{"line":190,"column":66}},{"start":{"line":190,"column":66},"end":{"line":190,"column":95}}],"line":190},"24":{"loc":{"start":{"line":208,"column":4},"end":{"line":243,"column":null}},"type":"if","locations":[{"start":{"line":208,"column":4},"end":{"line":243,"column":null}},{"start":{},"end":{}}],"line":208},"25":{"loc":{"start":{"line":208,"column":8},"end":{"line":208,"column":53}},"type":"binary-expr","locations":[{"start":{"line":208,"column":8},"end":{"line":208,"column":28}},{"start":{"line":208,"column":28},"end":{"line":208,"column":53}}],"line":208},"26":{"loc":{"start":{"line":212,"column":8},"end":{"line":217,"column":null}},"type":"if","locations":[{"start":{"line":212,"column":8},"end":{"line":217,"column":null}},{"start":{},"end":{}}],"line":212},"27":{"loc":{"start":{"line":220,"column":28},"end":{"line":220,"column":null}},"type":"binary-expr","locations":[{"start":{"line":220,"column":28},"end":{"line":220,"column":56}},{"start":{"line":220,"column":56},"end":{"line":220,"column":84}},{"start":{"line":220,"column":84},"end":{"line":220,"column":null}}],"line":220},"28":{"loc":{"start":{"line":222,"column":10},"end":{"line":227,"column":null}},"type":"binary-expr","locations":[{"start":{"line":222,"column":10},"end":{"line":222,"column":null}},{"start":{"line":223,"column":10},"end":{"line":223,"column":null}},{"start":{"line":224,"column":11},"end":{"line":224,"column":null}},{"start":{"line":225,"column":12},"end":{"line":225,"column":null}},{"start":{"line":226,"column":12},"end":{"line":226,"column":null}},{"start":{"line":227,"column":10},"end":{"line":227,"column":null}}],"line":222},"29":{"loc":{"start":{"line":229,"column":8},"end":{"line":234,"column":null}},"type":"if","locations":[{"start":{"line":229,"column":8},"end":{"line":234,"column":null}},{"start":{},"end":{}}],"line":229},"30":{"loc":{"start":{"line":229,"column":12},"end":{"line":229,"column":40}},"type":"binary-expr","locations":[{"start":{"line":229,"column":12},"end":{"line":229,"column":27}},{"start":{"line":229,"column":27},"end":{"line":229,"column":40}}],"line":229},"31":{"loc":{"start":{"line":248,"column":19},"end":{"line":248,"column":null}},"type":"binary-expr","locations":[{"start":{"line":248,"column":19},"end":{"line":248,"column":42}},{"start":{"line":248,"column":42},"end":{"line":248,"column":null}}],"line":248},"32":{"loc":{"start":{"line":249,"column":18},"end":{"line":249,"column":null}},"type":"binary-expr","locations":[{"start":{"line":249,"column":18},"end":{"line":249,"column":32}},{"start":{"line":249,"column":32},"end":{"line":249,"column":null}}],"line":249},"33":{"loc":{"start":{"line":250,"column":16},"end":{"line":250,"column":null}},"type":"binary-expr","locations":[{"start":{"line":250,"column":16},"end":{"line":250,"column":36}},{"start":{"line":250,"column":36},"end":{"line":250,"column":null}}],"line":250},"34":{"loc":{"start":{"line":252,"column":17},"end":{"line":252,"column":null}},"type":"binary-expr","locations":[{"start":{"line":252,"column":17},"end":{"line":252,"column":30}},{"start":{"line":252,"column":30},"end":{"line":252,"column":null}}],"line":252},"35":{"loc":{"start":{"line":253,"column":14},"end":{"line":253,"column":null}},"type":"binary-expr","locations":[{"start":{"line":253,"column":14},"end":{"line":253,"column":24}},{"start":{"line":253,"column":24},"end":{"line":253,"column":null}}],"line":253},"36":{"loc":{"start":{"line":254,"column":17},"end":{"line":254,"column":null}},"type":"binary-expr","locations":[{"start":{"line":254,"column":17},"end":{"line":254,"column":30}},{"start":{"line":254,"column":30},"end":{"line":254,"column":null}}],"line":254},"37":{"loc":{"start":{"line":255,"column":22},"end":{"line":255,"column":null}},"type":"binary-expr","locations":[{"start":{"line":255,"column":22},"end":{"line":255,"column":40}},{"start":{"line":255,"column":40},"end":{"line":255,"column":null}}],"line":255},"38":{"loc":{"start":{"line":256,"column":28},"end":{"line":256,"column":null}},"type":"binary-expr","locations":[{"start":{"line":256,"column":28},"end":{"line":256,"column":52}},{"start":{"line":256,"column":52},"end":{"line":256,"column":null}}],"line":256},"39":{"loc":{"start":{"line":257,"column":17},"end":{"line":257,"column":null}},"type":"binary-expr","locations":[{"start":{"line":257,"column":17},"end":{"line":257,"column":30}},{"start":{"line":257,"column":30},"end":{"line":257,"column":null}}],"line":257},"40":{"loc":{"start":{"line":259,"column":25},"end":{"line":259,"column":null}},"type":"binary-expr","locations":[{"start":{"line":259,"column":25},"end":{"line":259,"column":46}},{"start":{"line":259,"column":46},"end":{"line":259,"column":null}}],"line":259},"41":{"loc":{"start":{"line":260,"column":22},"end":{"line":260,"column":null}},"type":"binary-expr","locations":[{"start":{"line":260,"column":22},"end":{"line":260,"column":40}},{"start":{"line":260,"column":40},"end":{"line":260,"column":null}}],"line":260},"42":{"loc":{"start":{"line":261,"column":25},"end":{"line":261,"column":null}},"type":"binary-expr","locations":[{"start":{"line":261,"column":25},"end":{"line":261,"column":45}},{"start":{"line":261,"column":45},"end":{"line":261,"column":null}}],"line":261},"43":{"loc":{"start":{"line":272,"column":4},"end":{"line":284,"column":null}},"type":"if","locations":[{"start":{"line":272,"column":4},"end":{"line":284,"column":null}},{"start":{},"end":{}}],"line":272},"44":{"loc":{"start":{"line":274,"column":6},"end":{"line":279,"column":null}},"type":"if","locations":[{"start":{"line":274,"column":6},"end":{"line":279,"column":null}},{"start":{},"end":{}}],"line":274},"45":{"loc":{"start":{"line":293,"column":21},"end":{"line":293,"column":null}},"type":"binary-expr","locations":[{"start":{"line":293,"column":21},"end":{"line":293,"column":56}},{"start":{"line":293,"column":56},"end":{"line":293,"column":null}}],"line":293},"46":{"loc":{"start":{"line":294,"column":55},"end":{"line":294,"column":70}},"type":"binary-expr","locations":[{"start":{"line":294,"column":55},"end":{"line":294,"column":68}},{"start":{"line":294,"column":68},"end":{"line":294,"column":70}}],"line":294}},"s":{"0":7,"1":7,"2":7,"3":7,"4":6,"5":1,"6":5,"7":7,"8":7,"9":7,"10":7,"11":7,"12":1,"13":4,"14":1,"15":5,"16":5,"17":1,"18":4,"19":1,"20":17,"21":17,"22":17,"23":16,"24":1,"25":15,"26":15,"27":1,"28":1,"29":14,"30":14,"31":1,"32":13,"33":1,"34":12,"35":1,"36":11,"37":1,"38":10,"39":1,"40":9,"41":9,"42":0,"43":0,"44":0,"45":0,"46":0,"47":0,"48":0,"49":0,"50":9,"51":9,"52":4,"53":4,"54":4,"55":1,"56":3,"57":3,"58":4,"59":4,"60":2,"61":1,"62":0,"63":6,"64":17,"65":6,"66":2,"67":1,"68":1,"69":4,"70":4,"71":1,"72":1,"73":1,"74":4,"75":1},"f":{"0":7,"1":17},"b":{"0":[1,5],"1":[5,4],"2":[7,4],"3":[1,4],"4":[1,3],"5":[1,4],"6":[4,0],"7":[7,0],"8":[1,15],"9":[1,13],"10":[14,13],"11":[1,12],"12":[1,11],"13":[12,2],"14":[1,10],"15":[11,2],"16":[1,9],"17":[10,1],"18":[0,9],"19":[0,0],"20":[0,0],"21":[0,0],"22":[0,0],"23":[0,0,0],"24":[4,5],"25":[9,4],"26":[1,3],"27":[3,2,2],"28":[4,2,2,0,0,2],"29":[2,2],"30":[4,2],"31":[6,5],"32":[17,6],"33":[17,6],"34":[17,5],"35":[17,5],"36":[17,5],"37":[17,6],"38":[17,6],"39":[17,6],"40":[17,6],"41":[17,6],"42":[17,6],"43":[2,4],"44":[1,1],"45":[1,0],"46":[1,0]},"meta":{"lastBranch":47,"lastFunction":2,"lastStatement":76,"seen":{"f:13:22:13:26":0,"s:14:2:76:Infinity":0,"s:15:21:15:Infinity":1,"s:16:29:16:Infinity":2,"s:21:8:21:Infinity":3,"b:23:4:28:Infinity:undefined:undefined:undefined:undefined":0,"s:23:4:28:Infinity":4,"s:24:6:27:Infinity":5,"s:31:17:31:Infinity":6,"b:31:26:31:54:31:54:31:57":1,"s:32:18:32:Infinity":7,"b:32:27:32:56:32:56:32:60":2,"s:33:10:33:Infinity":8,"s:36:21:36:Infinity":9,"s:39:16:44:Infinity":10,"b:47:4:51:Infinity:49:4:51:Infinity":3,"s:47:4:51:Infinity":11,"s:48:6:48:Infinity":12,"b:49:4:51:Infinity:undefined:undefined:undefined:undefined":4,"s:49:4:51:Infinity":13,"s:50:6:50:Infinity":14,"s:53:35:53:Infinity":15,"b:55:4:60:Infinity:undefined:undefined:undefined:undefined":5,"s:55:4:60:Infinity":16,"s:56:6:59:Infinity":17,"s:62:4:70:Infinity":18,"b:67:15:67:24:67:24:67:Infinity":6,"b:68:31:68:40:68:40:68:45":7,"s:72:4:75:Infinity":19,"f:80:22:80:27":1,"s:81:2:310:Infinity":20,"s:82:21:82:Infinity":21,"s:87:8:87:Infinity":22,"b:89:4:94:Infinity:undefined:undefined:undefined:undefined":8,"s:89:4:94:Infinity":23,"s:90:6:93:Infinity":24,"s:115:4:123:Infinity":25,"s:116:6:116:Infinity":26,"s:118:6:118:Infinity":27,"s:119:6:122:Infinity":28,"s:141:8:141:Infinity":29,"b:144:4:149:Infinity:undefined:undefined:undefined:undefined":9,"s:144:4:149:Infinity":30,"b:144:8:144:18:144:18:144:33":10,"s:145:6:148:Infinity":31,"b:152:4:157:Infinity:undefined:undefined:undefined:undefined":11,"s:152:4:157:Infinity":32,"s:153:6:156:Infinity":33,"b:160:4:165:Infinity:undefined:undefined:undefined:undefined":12,"s:160:4:165:Infinity":34,"b:160:8:160:18:160:18:160:69":13,"s:161:6:164:Infinity":35,"b:168:4:173:Infinity:undefined:undefined:undefined:undefined":14,"s:168:4:173:Infinity":36,"b:168:8:168:21:168:21:168:85":15,"s:169:6:172:Infinity":37,"b:176:4:181:Infinity:undefined:undefined:undefined:undefined":16,"s:176:4:181:Infinity":38,"b:176:8:176:26:176:26:176:70":17,"s:177:6:180:Infinity":39,"s:184:60:184:Infinity":40,"b:185:4:204:Infinity:undefined:undefined:undefined:undefined":18,"s:185:4:204:Infinity":41,"b:186:6:203:Infinity:188:6:203:Infinity":19,"s:186:6:203:Infinity":42,"s:187:8:187:Infinity":43,"b:188:6:203:Infinity:198:13:203:Infinity":20,"s:188:6:203:Infinity":44,"b:188:17:188:54:188:54:188:78":21,"s:189:23:189:Infinity":45,"b:190:8:197:Infinity:192:15:197:Infinity":22,"s:190:8:197:Infinity":46,"b:190:12:190:29:190:29:190:66:190:66:190:95":23,"s:191:10:191:Infinity":47,"s:193:10:196:Infinity":48,"s:199:8:202:Infinity":49,"s:207:49:207:Infinity":50,"b:208:4:243:Infinity:undefined:undefined:undefined:undefined":24,"s:208:4:243:Infinity":51,"b:208:8:208:28:208:28:208:53":25,"s:209:6:242:Infinity":52,"s:210:20:210:Infinity":53,"b:212:8:217:Infinity:undefined:undefined:undefined:undefined":26,"s:212:8:217:Infinity":54,"s:213:10:216:Infinity":55,"s:219:25:219:Infinity":56,"s:220:28:220:Infinity":57,"b:220:28:220:56:220:56:220:84:220:84:220:Infinity":27,"s:222:10:227:Infinity":58,"b:222:10:222:Infinity:223:10:223:Infinity:224:11:224:Infinity:225:12:225:Infinity:226:12:226:Infinity:227:10:227:Infinity":28,"b:229:8:234:Infinity:undefined:undefined:undefined:undefined":29,"s:229:8:234:Infinity":59,"b:229:12:229:27:229:27:229:40":30,"s:230:10:233:Infinity":60,"s:236:8:236:Infinity":61,"s:238:8:241:Infinity":62,"s:246:36:263:Infinity":63,"b:248:19:248:42:248:42:248:Infinity":31,"b:249:18:249:32:249:32:249:Infinity":32,"b:250:16:250:36:250:36:250:Infinity":33,"b:252:17:252:30:252:30:252:Infinity":34,"b:253:14:253:24:253:24:253:Infinity":35,"b:254:17:254:30:254:30:254:Infinity":36,"b:255:22:255:40:255:40:255:Infinity":37,"b:256:28:256:52:256:52:256:Infinity":38,"b:257:17:257:30:257:30:257:Infinity":39,"b:259:25:259:46:259:46:259:Infinity":40,"b:260:22:260:40:260:40:260:Infinity":41,"b:261:25:261:45:261:45:261:Infinity":42,"s:266:28:270:Infinity":64,"b:272:4:284:Infinity:undefined:undefined:undefined:undefined":43,"s:272:4:284:Infinity":65,"b:274:6:279:Infinity:undefined:undefined:undefined:undefined":44,"s:274:6:279:Infinity":66,"s:275:8:278:Infinity":67,"s:280:6:283:Infinity":68,"s:288:4:295:Infinity":69,"s:289:6:289:Infinity":70,"s:291:6:291:Infinity":71,"s:293:21:293:Infinity":72,"b:293:21:293:56:293:56:293:Infinity":45,"s:294:6:294:Infinity":73,"b:294:55:294:68:294:68:294:70":46,"s:298:4:304:Infinity":74,"s:306:4:309:Infinity":75}}}
,"/Users/apple/Documents/Project/PIS/apps/web/src/app/api/admin/albums/[id]/route.ts": {"path":"/Users/apple/Documents/Project/PIS/apps/web/src/app/api/admin/albums/[id]/route.ts","statementMap":{"0":{"start":{"line":18,"column":2},"end":{"line":55,"column":null}},"1":{"start":{"line":19,"column":19},"end":{"line":19,"column":null}},"2":{"start":{"line":20,"column":21},"end":{"line":20,"column":null}},"3":{"start":{"line":25,"column":8},"end":{"line":25,"column":null}},"4":{"start":{"line":27,"column":4},"end":{"line":32,"column":null}},"5":{"start":{"line":28,"column":6},"end":{"line":31,"column":null}},"6":{"start":{"line":35,"column":35},"end":{"line":40,"column":null}},"7":{"start":{"line":42,"column":4},"end":{"line":47,"column":null}},"8":{"start":{"line":43,"column":6},"end":{"line":46,"column":null}},"9":{"start":{"line":49,"column":4},"end":{"line":49,"column":null}},"10":{"start":{"line":51,"column":4},"end":{"line":54,"column":null}},"11":{"start":{"line":60,"column":2},"end":{"line":470,"column":null}},"12":{"start":{"line":61,"column":19},"end":{"line":61,"column":null}},"13":{"start":{"line":62,"column":21},"end":{"line":62,"column":null}},"14":{"start":{"line":67,"column":8},"end":{"line":67,"column":null}},"15":{"start":{"line":69,"column":4},"end":{"line":74,"column":null}},"16":{"start":{"line":70,"column":6},"end":{"line":73,"column":null}},"17":{"start":{"line":102,"column":4},"end":{"line":110,"column":null}},"18":{"start":{"line":103,"column":6},"end":{"line":103,"column":null}},"19":{"start":{"line":105,"column":6},"end":{"line":105,"column":null}},"20":{"start":{"line":106,"column":6},"end":{"line":109,"column":null}},"21":{"start":{"line":113,"column":49},"end":{"line":137,"column":null}},"22":{"start":{"line":140,"column":36},"end":{"line":140,"column":null}},"23":{"start":{"line":141,"column":4},"end":{"line":374,"column":null}},"24":{"start":{"line":142,"column":6},"end":{"line":373,"column":null}},"25":{"start":{"line":144,"column":8},"end":{"line":372,"column":null}},"26":{"start":{"line":145,"column":33},"end":{"line":145,"column":null}},"27":{"start":{"line":146,"column":12},"end":{"line":146,"column":null}},"28":{"start":{"line":147,"column":8},"end":{"line":372,"column":null}},"29":{"start":{"line":149,"column":25},"end":{"line":149,"column":null}},"30":{"start":{"line":150,"column":10},"end":{"line":169,"column":null}},"31":{"start":{"line":151,"column":14},"end":{"line":151,"column":null}},"32":{"start":{"line":154,"column":12},"end":{"line":168,"column":null}},"33":{"start":{"line":155,"column":27},"end":{"line":155,"column":null}},"34":{"start":{"line":156,"column":14},"end":{"line":165,"column":null}},"35":{"start":{"line":157,"column":18},"end":{"line":157,"column":null}},"36":{"start":{"line":160,"column":16},"end":{"line":164,"column":null}},"37":{"start":{"line":161,"column":20},"end":{"line":161,"column":null}},"38":{"start":{"line":163,"column":20},"end":{"line":163,"column":null}},"39":{"start":{"line":167,"column":16},"end":{"line":167,"column":null}},"40":{"start":{"line":170,"column":8},"end":{"line":372,"column":null}},"41":{"start":{"line":172,"column":40},"end":{"line":172,"column":null}},"42":{"start":{"line":173,"column":10},"end":{"line":179,"column":null}},"43":{"start":{"line":174,"column":12},"end":{"line":174,"column":null}},"44":{"start":{"line":175,"column":12},"end":{"line":178,"column":null}},"45":{"start":{"line":182,"column":10},"end":{"line":240,"column":null}},"46":{"start":{"line":183,"column":27},"end":{"line":183,"column":null}},"47":{"start":{"line":186,"column":12},"end":{"line":239,"column":null}},"48":{"start":{"line":187,"column":14},"end":{"line":192,"column":null}},"49":{"start":{"line":188,"column":16},"end":{"line":191,"column":null}},"50":{"start":{"line":194,"column":14},"end":{"line":238,"column":null}},"51":{"start":{"line":195,"column":16},"end":{"line":200,"column":null}},"52":{"start":{"line":196,"column":18},"end":{"line":199,"column":null}},"53":{"start":{"line":202,"column":34},"end":{"line":202,"column":null}},"54":{"start":{"line":205,"column":16},"end":{"line":210,"column":null}},"55":{"start":{"line":206,"column":18},"end":{"line":209,"column":null}},"56":{"start":{"line":213,"column":16},"end":{"line":218,"column":null}},"57":{"start":{"line":214,"column":18},"end":{"line":217,"column":null}},"58":{"start":{"line":221,"column":16},"end":{"line":226,"column":null}},"59":{"start":{"line":222,"column":18},"end":{"line":225,"column":null}},"60":{"start":{"line":229,"column":16},"end":{"line":237,"column":null}},"61":{"start":{"line":230,"column":34},"end":{"line":230,"column":null}},"62":{"start":{"line":231,"column":18},"end":{"line":236,"column":null}},"63":{"start":{"line":232,"column":20},"end":{"line":235,"column":null}},"64":{"start":{"line":242,"column":12},"end":{"line":242,"column":null}},"65":{"start":{"line":243,"column":8},"end":{"line":372,"column":null}},"66":{"start":{"line":245,"column":37},"end":{"line":245,"column":null}},"67":{"start":{"line":248,"column":10},"end":{"line":281,"column":null}},"68":{"start":{"line":249,"column":14},"end":{"line":249,"column":null}},"69":{"start":{"line":250,"column":10},"end":{"line":281,"column":null}},"70":{"start":{"line":252,"column":12},"end":{"line":257,"column":null}},"71":{"start":{"line":253,"column":14},"end":{"line":256,"column":null}},"72":{"start":{"line":259,"column":27},"end":{"line":259,"column":null}},"73":{"start":{"line":262,"column":12},"end":{"line":267,"column":null}},"74":{"start":{"line":263,"column":14},"end":{"line":266,"column":null}},"75":{"start":{"line":270,"column":12},"end":{"line":275,"column":null}},"76":{"start":{"line":271,"column":14},"end":{"line":274,"column":null}},"77":{"start":{"line":280,"column":14},"end":{"line":280,"column":null}},"78":{"start":{"line":282,"column":8},"end":{"line":372,"column":null}},"79":{"start":{"line":284,"column":33},"end":{"line":284,"column":null}},"80":{"start":{"line":285,"column":10},"end":{"line":323,"column":null}},"81":{"start":{"line":286,"column":12},"end":{"line":319,"column":null}},"82":{"start":{"line":287,"column":26},"end":{"line":287,"column":null}},"83":{"start":{"line":289,"column":14},"end":{"line":294,"column":null}},"84":{"start":{"line":290,"column":16},"end":{"line":293,"column":null}},"85":{"start":{"line":296,"column":31},"end":{"line":296,"column":null}},"86":{"start":{"line":297,"column":34},"end":{"line":297,"column":null}},"87":{"start":{"line":299,"column":16},"end":{"line":304,"column":null}},"88":{"start":{"line":306,"column":14},"end":{"line":311,"column":null}},"89":{"start":{"line":307,"column":16},"end":{"line":310,"column":null}},"90":{"start":{"line":313,"column":16},"end":{"line":313,"column":null}},"91":{"start":{"line":315,"column":14},"end":{"line":318,"column":null}},"92":{"start":{"line":322,"column":14},"end":{"line":322,"column":null}},"93":{"start":{"line":324,"column":8},"end":{"line":372,"column":null}},"94":{"start":{"line":326,"column":34},"end":{"line":326,"column":null}},"95":{"start":{"line":327,"column":10},"end":{"line":365,"column":null}},"96":{"start":{"line":328,"column":12},"end":{"line":361,"column":null}},"97":{"start":{"line":329,"column":26},"end":{"line":329,"column":null}},"98":{"start":{"line":331,"column":14},"end":{"line":336,"column":null}},"99":{"start":{"line":332,"column":16},"end":{"line":335,"column":null}},"100":{"start":{"line":338,"column":31},"end":{"line":338,"column":null}},"101":{"start":{"line":339,"column":34},"end":{"line":339,"column":null}},"102":{"start":{"line":341,"column":16},"end":{"line":346,"column":null}},"103":{"start":{"line":348,"column":14},"end":{"line":353,"column":null}},"104":{"start":{"line":349,"column":16},"end":{"line":352,"column":null}},"105":{"start":{"line":355,"column":16},"end":{"line":355,"column":null}},"106":{"start":{"line":357,"column":14},"end":{"line":360,"column":null}},"107":{"start":{"line":364,"column":14},"end":{"line":364,"column":null}},"108":{"start":{"line":366,"column":8},"end":{"line":372,"column":null}},"109":{"start":{"line":368,"column":25},"end":{"line":368,"column":null}},"110":{"start":{"line":369,"column":12},"end":{"line":369,"column":null}},"111":{"start":{"line":371,"column":12},"end":{"line":371,"column":null}},"112":{"start":{"line":377,"column":4},"end":{"line":382,"column":null}},"113":{"start":{"line":378,"column":6},"end":{"line":381,"column":null}},"114":{"start":{"line":385,"column":4},"end":{"line":390,"column":null}},"115":{"start":{"line":386,"column":6},"end":{"line":389,"column":null}},"116":{"start":{"line":393,"column":4},"end":{"line":398,"column":null}},"117":{"start":{"line":394,"column":6},"end":{"line":397,"column":null}},"118":{"start":{"line":401,"column":40},"end":{"line":406,"column":null}},"119":{"start":{"line":408,"column":4},"end":{"line":410,"column":null}},"120":{"start":{"line":409,"column":6},"end":{"line":409,"column":null}},"121":{"start":{"line":416,"column":35},"end":{"line":422,"column":null}},"122":{"start":{"line":424,"column":4},"end":{"line":437,"column":null}},"123":{"start":{"line":425,"column":6},"end":{"line":425,"column":null}},"124":{"start":{"line":426,"column":6},"end":{"line":426,"column":null}},"125":{"start":{"line":427,"column":6},"end":{"line":436,"column":null}},"126":{"start":{"line":439,"column":4},"end":{"line":444,"column":null}},"127":{"start":{"line":440,"column":6},"end":{"line":443,"column":null}},"128":{"start":{"line":450,"column":4},"end":{"line":453,"column":null}},"129":{"start":{"line":455,"column":4},"end":{"line":455,"column":null}},"130":{"start":{"line":456,"column":25},"end":{"line":456,"column":null}},"131":{"start":{"line":457,"column":23},"end":{"line":457,"column":null}},"132":{"start":{"line":459,"column":4},"end":{"line":469,"column":null}},"133":{"start":{"line":475,"column":2},"end":{"line":523,"column":null}},"134":{"start":{"line":476,"column":19},"end":{"line":476,"column":null}},"135":{"start":{"line":477,"column":21},"end":{"line":477,"column":null}},"136":{"start":{"line":482,"column":8},"end":{"line":482,"column":null}},"137":{"start":{"line":484,"column":4},"end":{"line":489,"column":null}},"138":{"start":{"line":485,"column":6},"end":{"line":488,"column":null}},"139":{"start":{"line":492,"column":35},"end":{"line":498,"column":null}},"140":{"start":{"line":500,"column":4},"end":{"line":505,"column":null}},"141":{"start":{"line":501,"column":6},"end":{"line":504,"column":null}},"142":{"start":{"line":507,"column":4},"end":{"line":512,"column":null}},"143":{"start":{"line":508,"column":6},"end":{"line":511,"column":null}},"144":{"start":{"line":514,"column":4},"end":{"line":517,"column":null}},"145":{"start":{"line":519,"column":4},"end":{"line":522,"column":null}}},"fnMap":{"0":{"name":"GET","decl":{"start":{"line":17,"column":22},"end":{"line":17,"column":26}},"loc":{"start":{"line":17,"column":73},"end":{"line":56,"column":null}},"line":17},"1":{"name":"PATCH","decl":{"start":{"line":59,"column":22},"end":{"line":59,"column":28}},"loc":{"start":{"line":59,"column":75},"end":{"line":471,"column":null}},"line":59},"2":{"name":"DELETE","decl":{"start":{"line":474,"column":22},"end":{"line":474,"column":29}},"loc":{"start":{"line":474,"column":76},"end":{"line":524,"column":null}},"line":474}},"branchMap":{"0":{"loc":{"start":{"line":27,"column":4},"end":{"line":32,"column":null}},"type":"if","locations":[{"start":{"line":27,"column":4},"end":{"line":32,"column":null}},{"start":{},"end":{}}],"line":27},"1":{"loc":{"start":{"line":42,"column":4},"end":{"line":47,"column":null}},"type":"if","locations":[{"start":{"line":42,"column":4},"end":{"line":47,"column":null}},{"start":{},"end":{}}],"line":42},"2":{"loc":{"start":{"line":42,"column":8},"end":{"line":42,"column":25}},"type":"binary-expr","locations":[{"start":{"line":42,"column":8},"end":{"line":42,"column":17}},{"start":{"line":42,"column":17},"end":{"line":42,"column":25}}],"line":42},"3":{"loc":{"start":{"line":69,"column":4},"end":{"line":74,"column":null}},"type":"if","locations":[{"start":{"line":69,"column":4},"end":{"line":74,"column":null}},{"start":{},"end":{}}],"line":69},"4":{"loc":{"start":{"line":142,"column":6},"end":{"line":373,"column":null}},"type":"if","locations":[{"start":{"line":142,"column":6},"end":{"line":373,"column":null}},{"start":{},"end":{}}],"line":142},"5":{"loc":{"start":{"line":144,"column":8},"end":{"line":372,"column":null}},"type":"if","locations":[{"start":{"line":144,"column":8},"end":{"line":372,"column":null}},{"start":{"line":147,"column":8},"end":{"line":372,"column":null}}],"line":144},"6":{"loc":{"start":{"line":146,"column":60},"end":{"line":146,"column":null}},"type":"cond-expr","locations":[{"start":{"line":146,"column":83},"end":{"line":146,"column":90}},{"start":{"line":146,"column":90},"end":{"line":146,"column":null}}],"line":146},"7":{"loc":{"start":{"line":147,"column":8},"end":{"line":372,"column":null}},"type":"if","locations":[{"start":{"line":147,"column":8},"end":{"line":372,"column":null}},{"start":{"line":170,"column":8},"end":{"line":372,"column":null}}],"line":147},"8":{"loc":{"start":{"line":147,"column":19},"end":{"line":147,"column":69}},"type":"binary-expr","locations":[{"start":{"line":147,"column":19},"end":{"line":147,"column":45}},{"start":{"line":147,"column":45},"end":{"line":147,"column":69}}],"line":147},"9":{"loc":{"start":{"line":150,"column":10},"end":{"line":169,"column":null}},"type":"if","locations":[{"start":{"line":150,"column":10},"end":{"line":169,"column":null}},{"start":{"line":152,"column":17},"end":{"line":169,"column":null}}],"line":150},"10":{"loc":{"start":{"line":150,"column":14},"end":{"line":150,"column":61}},"type":"binary-expr","locations":[{"start":{"line":150,"column":14},"end":{"line":150,"column":24}},{"start":{"line":150,"column":24},"end":{"line":150,"column":40}},{"start":{"line":150,"column":40},"end":{"line":150,"column":61}}],"line":150},"11":{"loc":{"start":{"line":156,"column":14},"end":{"line":165,"column":null}},"type":"if","locations":[{"start":{"line":156,"column":14},"end":{"line":165,"column":null}},{"start":{"line":158,"column":21},"end":{"line":165,"column":null}}],"line":156},"12":{"loc":{"start":{"line":160,"column":16},"end":{"line":164,"column":null}},"type":"if","locations":[{"start":{"line":160,"column":16},"end":{"line":164,"column":null}},{"start":{"line":162,"column":23},"end":{"line":164,"column":null}}],"line":160},"13":{"loc":{"start":{"line":170,"column":8},"end":{"line":372,"column":null}},"type":"if","locations":[{"start":{"line":170,"column":8},"end":{"line":372,"column":null}},{"start":{"line":243,"column":8},"end":{"line":372,"column":null}}],"line":170},"14":{"loc":{"start":{"line":173,"column":10},"end":{"line":179,"column":null}},"type":"if","locations":[{"start":{"line":173,"column":10},"end":{"line":179,"column":null}},{"start":{},"end":{}}],"line":173},"15":{"loc":{"start":{"line":173,"column":14},"end":{"line":173,"column":89}},"type":"binary-expr","locations":[{"start":{"line":173,"column":14},"end":{"line":173,"column":47}},{"start":{"line":173,"column":47},"end":{"line":173,"column":89}}],"line":173},"16":{"loc":{"start":{"line":182,"column":10},"end":{"line":240,"column":null}},"type":"if","locations":[{"start":{"line":182,"column":10},"end":{"line":240,"column":null}},{"start":{},"end":{}}],"line":182},"17":{"loc":{"start":{"line":182,"column":14},"end":{"line":182,"column":80}},"type":"binary-expr","locations":[{"start":{"line":182,"column":14},"end":{"line":182,"column":38}},{"start":{"line":182,"column":38},"end":{"line":182,"column":80}}],"line":182},"18":{"loc":{"start":{"line":186,"column":12},"end":{"line":239,"column":null}},"type":"if","locations":[{"start":{"line":186,"column":12},"end":{"line":239,"column":null}},{"start":{},"end":{}}],"line":186},"19":{"loc":{"start":{"line":186,"column":16},"end":{"line":186,"column":71}},"type":"binary-expr","locations":[{"start":{"line":186,"column":16},"end":{"line":186,"column":37}},{"start":{"line":186,"column":37},"end":{"line":186,"column":71}}],"line":186},"20":{"loc":{"start":{"line":187,"column":14},"end":{"line":192,"column":null}},"type":"if","locations":[{"start":{"line":187,"column":14},"end":{"line":192,"column":null}},{"start":{},"end":{}}],"line":187},"21":{"loc":{"start":{"line":195,"column":16},"end":{"line":200,"column":null}},"type":"if","locations":[{"start":{"line":195,"column":16},"end":{"line":200,"column":null}},{"start":{},"end":{}}],"line":195},"22":{"loc":{"start":{"line":195,"column":20},"end":{"line":195,"column":59}},"type":"binary-expr","locations":[{"start":{"line":195,"column":20},"end":{"line":195,"column":46}},{"start":{"line":195,"column":46},"end":{"line":195,"column":59}}],"line":195},"23":{"loc":{"start":{"line":205,"column":16},"end":{"line":210,"column":null}},"type":"if","locations":[{"start":{"line":205,"column":16},"end":{"line":210,"column":null}},{"start":{},"end":{}}],"line":205},"24":{"loc":{"start":{"line":205,"column":20},"end":{"line":205,"column":76}},"type":"binary-expr","locations":[{"start":{"line":205,"column":20},"end":{"line":205,"column":49}},{"start":{"line":205,"column":49},"end":{"line":205,"column":76}}],"line":205},"25":{"loc":{"start":{"line":213,"column":16},"end":{"line":218,"column":null}},"type":"if","locations":[{"start":{"line":213,"column":16},"end":{"line":218,"column":null}},{"start":{},"end":{}}],"line":213},"26":{"loc":{"start":{"line":213,"column":20},"end":{"line":213,"column":132}},"type":"binary-expr","locations":[{"start":{"line":213,"column":20},"end":{"line":213,"column":50}},{"start":{"line":213,"column":50},"end":{"line":213,"column":69}},{"start":{"line":213,"column":69},"end":{"line":213,"column":107}},{"start":{"line":213,"column":107},"end":{"line":213,"column":132}}],"line":213},"27":{"loc":{"start":{"line":221,"column":16},"end":{"line":226,"column":null}},"type":"if","locations":[{"start":{"line":221,"column":16},"end":{"line":226,"column":null}},{"start":{},"end":{}}],"line":221},"28":{"loc":{"start":{"line":221,"column":20},"end":{"line":221,"column":141}},"type":"binary-expr","locations":[{"start":{"line":221,"column":20},"end":{"line":221,"column":50}},{"start":{"line":221,"column":50},"end":{"line":221,"column":72}},{"start":{"line":221,"column":72},"end":{"line":221,"column":113}},{"start":{"line":221,"column":113},"end":{"line":221,"column":141}}],"line":221},"29":{"loc":{"start":{"line":229,"column":16},"end":{"line":237,"column":null}},"type":"if","locations":[{"start":{"line":229,"column":16},"end":{"line":237,"column":null}},{"start":{},"end":{}}],"line":229},"30":{"loc":{"start":{"line":230,"column":34},"end":{"line":230,"column":null}},"type":"cond-expr","locations":[{"start":{"line":230,"column":74},"end":{"line":230,"column":94}},{"start":{"line":230,"column":94},"end":{"line":230,"column":null}}],"line":230},"31":{"loc":{"start":{"line":231,"column":18},"end":{"line":236,"column":null}},"type":"if","locations":[{"start":{"line":231,"column":18},"end":{"line":236,"column":null}},{"start":{},"end":{}}],"line":231},"32":{"loc":{"start":{"line":231,"column":22},"end":{"line":231,"column":68}},"type":"binary-expr","locations":[{"start":{"line":231,"column":22},"end":{"line":231,"column":40}},{"start":{"line":231,"column":40},"end":{"line":231,"column":55}},{"start":{"line":231,"column":55},"end":{"line":231,"column":68}}],"line":231},"33":{"loc":{"start":{"line":243,"column":8},"end":{"line":372,"column":null}},"type":"if","locations":[{"start":{"line":243,"column":8},"end":{"line":372,"column":null}},{"start":{"line":282,"column":8},"end":{"line":372,"column":null}}],"line":243},"34":{"loc":{"start":{"line":248,"column":10},"end":{"line":281,"column":null}},"type":"if","locations":[{"start":{"line":248,"column":10},"end":{"line":281,"column":null}},{"start":{"line":250,"column":10},"end":{"line":281,"column":null}}],"line":248},"35":{"loc":{"start":{"line":250,"column":10},"end":{"line":281,"column":null}},"type":"if","locations":[{"start":{"line":250,"column":10},"end":{"line":281,"column":null}},{"start":{},"end":{}}],"line":250},"36":{"loc":{"start":{"line":252,"column":12},"end":{"line":257,"column":null}},"type":"if","locations":[{"start":{"line":252,"column":12},"end":{"line":257,"column":null}},{"start":{},"end":{}}],"line":252},"37":{"loc":{"start":{"line":252,"column":16},"end":{"line":252,"column":85}},"type":"binary-expr","locations":[{"start":{"line":252,"column":16},"end":{"line":252,"column":57}},{"start":{"line":252,"column":57},"end":{"line":252,"column":85}}],"line":252},"38":{"loc":{"start":{"line":262,"column":12},"end":{"line":267,"column":null}},"type":"if","locations":[{"start":{"line":262,"column":12},"end":{"line":267,"column":null}},{"start":{},"end":{}}],"line":262},"39":{"loc":{"start":{"line":262,"column":16},"end":{"line":262,"column":69}},"type":"binary-expr","locations":[{"start":{"line":262,"column":16},"end":{"line":262,"column":34}},{"start":{"line":262,"column":34},"end":{"line":262,"column":69}}],"line":262},"40":{"loc":{"start":{"line":270,"column":12},"end":{"line":275,"column":null}},"type":"if","locations":[{"start":{"line":270,"column":12},"end":{"line":275,"column":null}},{"start":{},"end":{}}],"line":270},"41":{"loc":{"start":{"line":282,"column":8},"end":{"line":372,"column":null}},"type":"if","locations":[{"start":{"line":282,"column":8},"end":{"line":372,"column":null}},{"start":{"line":324,"column":8},"end":{"line":372,"column":null}}],"line":282},"42":{"loc":{"start":{"line":285,"column":10},"end":{"line":323,"column":null}},"type":"if","locations":[{"start":{"line":285,"column":10},"end":{"line":323,"column":null}},{"start":{"line":320,"column":17},"end":{"line":323,"column":null}}],"line":285},"43":{"loc":{"start":{"line":285,"column":14},"end":{"line":285,"column":53}},"type":"binary-expr","locations":[{"start":{"line":285,"column":14},"end":{"line":285,"column":31}},{"start":{"line":285,"column":31},"end":{"line":285,"column":53}}],"line":285},"44":{"loc":{"start":{"line":289,"column":14},"end":{"line":294,"column":null}},"type":"if","locations":[{"start":{"line":289,"column":14},"end":{"line":294,"column":null}},{"start":{},"end":{}}],"line":289},"45":{"loc":{"start":{"line":297,"column":34},"end":{"line":297,"column":null}},"type":"binary-expr","locations":[{"start":{"line":297,"column":34},"end":{"line":297,"column":62}},{"start":{"line":297,"column":62},"end":{"line":297,"column":90}},{"start":{"line":297,"column":90},"end":{"line":297,"column":null}}],"line":297},"46":{"loc":{"start":{"line":299,"column":16},"end":{"line":304,"column":null}},"type":"binary-expr","locations":[{"start":{"line":299,"column":16},"end":{"line":299,"column":null}},{"start":{"line":300,"column":16},"end":{"line":300,"column":null}},{"start":{"line":301,"column":17},"end":{"line":301,"column":null}},{"start":{"line":302,"column":17},"end":{"line":302,"column":null}},{"start":{"line":303,"column":17},"end":{"line":303,"column":null}},{"start":{"line":304,"column":16},"end":{"line":304,"column":null}}],"line":299},"47":{"loc":{"start":{"line":306,"column":14},"end":{"line":311,"column":null}},"type":"if","locations":[{"start":{"line":306,"column":14},"end":{"line":311,"column":null}},{"start":{},"end":{}}],"line":306},"48":{"loc":{"start":{"line":306,"column":18},"end":{"line":306,"column":46}},"type":"binary-expr","locations":[{"start":{"line":306,"column":18},"end":{"line":306,"column":33}},{"start":{"line":306,"column":33},"end":{"line":306,"column":46}}],"line":306},"49":{"loc":{"start":{"line":324,"column":8},"end":{"line":372,"column":null}},"type":"if","locations":[{"start":{"line":324,"column":8},"end":{"line":372,"column":null}},{"start":{"line":366,"column":8},"end":{"line":372,"column":null}}],"line":324},"50":{"loc":{"start":{"line":327,"column":10},"end":{"line":365,"column":null}},"type":"if","locations":[{"start":{"line":327,"column":10},"end":{"line":365,"column":null}},{"start":{"line":362,"column":17},"end":{"line":365,"column":null}}],"line":327},"51":{"loc":{"start":{"line":327,"column":14},"end":{"line":327,"column":55}},"type":"binary-expr","locations":[{"start":{"line":327,"column":14},"end":{"line":327,"column":32}},{"start":{"line":327,"column":32},"end":{"line":327,"column":55}}],"line":327},"52":{"loc":{"start":{"line":331,"column":14},"end":{"line":336,"column":null}},"type":"if","locations":[{"start":{"line":331,"column":14},"end":{"line":336,"column":null}},{"start":{},"end":{}}],"line":331},"53":{"loc":{"start":{"line":339,"column":34},"end":{"line":339,"column":null}},"type":"binary-expr","locations":[{"start":{"line":339,"column":34},"end":{"line":339,"column":62}},{"start":{"line":339,"column":62},"end":{"line":339,"column":90}},{"start":{"line":339,"column":90},"end":{"line":339,"column":null}}],"line":339},"54":{"loc":{"start":{"line":341,"column":16},"end":{"line":346,"column":null}},"type":"binary-expr","locations":[{"start":{"line":341,"column":16},"end":{"line":341,"column":null}},{"start":{"line":342,"column":16},"end":{"line":342,"column":null}},{"start":{"line":343,"column":17},"end":{"line":343,"column":null}},{"start":{"line":344,"column":18},"end":{"line":344,"column":null}},{"start":{"line":345,"column":18},"end":{"line":345,"column":null}},{"start":{"line":346,"column":16},"end":{"line":346,"column":null}}],"line":341},"55":{"loc":{"start":{"line":348,"column":14},"end":{"line":353,"column":null}},"type":"if","locations":[{"start":{"line":348,"column":14},"end":{"line":353,"column":null}},{"start":{},"end":{}}],"line":348},"56":{"loc":{"start":{"line":348,"column":18},"end":{"line":348,"column":46}},"type":"binary-expr","locations":[{"start":{"line":348,"column":18},"end":{"line":348,"column":33}},{"start":{"line":348,"column":33},"end":{"line":348,"column":46}}],"line":348},"57":{"loc":{"start":{"line":366,"column":8},"end":{"line":372,"column":null}},"type":"if","locations":[{"start":{"line":366,"column":8},"end":{"line":372,"column":null}},{"start":{"line":370,"column":15},"end":{"line":372,"column":null}}],"line":366},"58":{"loc":{"start":{"line":366,"column":19},"end":{"line":366,"column":77}},"type":"binary-expr","locations":[{"start":{"line":366,"column":19},"end":{"line":366,"column":46}},{"start":{"line":366,"column":46},"end":{"line":366,"column":77}}],"line":366},"59":{"loc":{"start":{"line":369,"column":61},"end":{"line":369,"column":null}},"type":"cond-expr","locations":[{"start":{"line":369,"column":86},"end":{"line":369,"column":101}},{"start":{"line":369,"column":101},"end":{"line":369,"column":null}}],"line":369},"60":{"loc":{"start":{"line":369,"column":61},"end":{"line":369,"column":86}},"type":"binary-expr","locations":[{"start":{"line":369,"column":61},"end":{"line":369,"column":70}},{"start":{"line":369,"column":70},"end":{"line":369,"column":86}}],"line":369},"61":{"loc":{"start":{"line":377,"column":4},"end":{"line":382,"column":null}},"type":"if","locations":[{"start":{"line":377,"column":4},"end":{"line":382,"column":null}},{"start":{},"end":{}}],"line":377},"62":{"loc":{"start":{"line":377,"column":8},"end":{"line":377,"column":68}},"type":"binary-expr","locations":[{"start":{"line":377,"column":8},"end":{"line":377,"column":42}},{"start":{"line":377,"column":42},"end":{"line":377,"column":68}}],"line":377},"63":{"loc":{"start":{"line":385,"column":4},"end":{"line":390,"column":null}},"type":"if","locations":[{"start":{"line":385,"column":4},"end":{"line":390,"column":null}},{"start":{},"end":{}}],"line":385},"64":{"loc":{"start":{"line":385,"column":8},"end":{"line":385,"column":91}},"type":"binary-expr","locations":[{"start":{"line":385,"column":8},"end":{"line":385,"column":29}},{"start":{"line":385,"column":29},"end":{"line":385,"column":91}}],"line":385},"65":{"loc":{"start":{"line":393,"column":4},"end":{"line":398,"column":null}},"type":"if","locations":[{"start":{"line":393,"column":4},"end":{"line":398,"column":null}},{"start":{},"end":{}}],"line":393},"66":{"loc":{"start":{"line":393,"column":8},"end":{"line":393,"column":107}},"type":"binary-expr","locations":[{"start":{"line":393,"column":8},"end":{"line":393,"column":32}},{"start":{"line":393,"column":32},"end":{"line":393,"column":107}}],"line":393},"67":{"loc":{"start":{"line":408,"column":4},"end":{"line":410,"column":null}},"type":"if","locations":[{"start":{"line":408,"column":4},"end":{"line":410,"column":null}},{"start":{},"end":{}}],"line":408},"68":{"loc":{"start":{"line":424,"column":4},"end":{"line":437,"column":null}},"type":"if","locations":[{"start":{"line":424,"column":4},"end":{"line":437,"column":null}},{"start":{},"end":{}}],"line":424},"69":{"loc":{"start":{"line":432,"column":21},"end":{"line":432,"column":null}},"type":"cond-expr","locations":[{"start":{"line":432,"column":62},"end":{"line":432,"column":86}},{"start":{"line":432,"column":86},"end":{"line":432,"column":null}}],"line":432},"70":{"loc":{"start":{"line":439,"column":4},"end":{"line":444,"column":null}},"type":"if","locations":[{"start":{"line":439,"column":4},"end":{"line":444,"column":null}},{"start":{},"end":{}}],"line":439},"71":{"loc":{"start":{"line":456,"column":25},"end":{"line":456,"column":null}},"type":"cond-expr","locations":[{"start":{"line":456,"column":48},"end":{"line":456,"column":62}},{"start":{"line":456,"column":62},"end":{"line":456,"column":null}}],"line":456},"72":{"loc":{"start":{"line":457,"column":23},"end":{"line":457,"column":null}},"type":"cond-expr","locations":[{"start":{"line":457,"column":46},"end":{"line":457,"column":58}},{"start":{"line":457,"column":58},"end":{"line":457,"column":null}}],"line":457},"73":{"loc":{"start":{"line":464,"column":19},"end":{"line":464,"column":null}},"type":"cond-expr","locations":[{"start":{"line":464,"column":60},"end":{"line":464,"column":75}},{"start":{"line":464,"column":75},"end":{"line":464,"column":null}}],"line":464},"74":{"loc":{"start":{"line":465,"column":17},"end":{"line":465,"column":null}},"type":"cond-expr","locations":[{"start":{"line":465,"column":58},"end":{"line":465,"column":71}},{"start":{"line":465,"column":71},"end":{"line":465,"column":null}}],"line":465},"75":{"loc":{"start":{"line":484,"column":4},"end":{"line":489,"column":null}},"type":"if","locations":[{"start":{"line":484,"column":4},"end":{"line":489,"column":null}},{"start":{},"end":{}}],"line":484},"76":{"loc":{"start":{"line":500,"column":4},"end":{"line":505,"column":null}},"type":"if","locations":[{"start":{"line":500,"column":4},"end":{"line":505,"column":null}},{"start":{},"end":{}}],"line":500},"77":{"loc":{"start":{"line":507,"column":4},"end":{"line":512,"column":null}},"type":"if","locations":[{"start":{"line":507,"column":4},"end":{"line":512,"column":null}},{"start":{},"end":{}}],"line":507}},"s":{"0":5,"1":5,"2":4,"3":4,"4":4,"5":1,"6":3,"7":3,"8":2,"9":1,"10":1,"11":20,"12":20,"13":20,"14":20,"15":20,"16":1,"17":19,"18":19,"19":1,"20":1,"21":18,"22":18,"23":18,"24":349,"25":18,"26":1,"27":1,"28":17,"29":0,"30":0,"31":0,"32":0,"33":0,"34":0,"35":0,"36":0,"37":0,"38":0,"39":0,"40":17,"41":6,"42":6,"43":1,"44":1,"45":5,"46":5,"47":5,"48":5,"49":1,"50":4,"51":4,"52":0,"53":4,"54":4,"55":1,"56":3,"57":1,"58":2,"59":1,"60":1,"61":1,"62":1,"63":1,"64":0,"65":11,"66":0,"67":0,"68":0,"69":0,"70":0,"71":0,"72":0,"73":0,"74":0,"75":0,"76":0,"77":0,"78":11,"79":4,"80":4,"81":4,"82":4,"83":4,"84":1,"85":3,"86":3,"87":4,"88":4,"89":2,"90":1,"91":0,"92":0,"93":7,"94":1,"95":1,"96":1,"97":1,"98":1,"99":0,"100":1,"101":1,"102":1,"103":1,"104":1,"105":0,"106":0,"107":0,"108":6,"109":0,"110":0,"111":6,"112":8,"113":1,"114":7,"115":1,"116":6,"117":1,"118":5,"119":5,"120":5,"121":5,"122":5,"123":1,"124":1,"125":1,"126":4,"127":1,"128":3,"129":0,"130":0,"131":0,"132":0,"133":5,"134":5,"135":4,"136":4,"137":4,"138":1,"139":3,"140":3,"141":1,"142":2,"143":1,"144":1,"145":1},"f":{"0":5,"1":20,"2":5},"b":{"0":[1,3],"1":[2,1],"2":[3,2],"3":[1,19],"4":[18,331],"5":[1,17],"6":[1,0],"7":[0,17],"8":[17,17],"9":[0,0],"10":[0,0,0],"11":[0,0],"12":[0,0],"13":[6,11],"14":[1,5],"15":[6,6],"16":[5,0],"17":[5,5],"18":[5,0],"19":[5,5],"20":[1,4],"21":[0,4],"22":[4,4],"23":[1,3],"24":[4,2],"25":[1,2],"26":[3,2,1,1],"27":[1,1],"28":[2,1,0,0],"29":[1,0],"30":[1,0],"31":[1,0],"32":[1,1,1],"33":[0,11],"34":[0,0],"35":[0,0],"36":[0,0],"37":[0,0],"38":[0,0],"39":[0,0],"40":[0,0],"41":[4,7],"42":[4,0],"43":[4,4],"44":[1,3],"45":[3,2,2],"46":[4,2,2,0,0,2],"47":[2,2],"48":[4,2],"49":[1,6],"50":[1,0],"51":[1,1],"52":[0,1],"53":[1,1,0],"54":[1,1,1,0,0,1],"55":[1,0],"56":[1,0],"57":[0,6],"58":[6,6],"59":[0,0],"60":[0,0],"61":[1,7],"62":[8,4],"63":[1,6],"64":[7,1],"65":[1,5],"66":[6,1],"67":[5,0],"68":[1,4],"69":[0,1],"70":[1,3],"71":[0,0],"72":[0,0],"73":[0,0],"74":[0,0],"75":[1,3],"76":[1,2],"77":[1,1]},"meta":{"lastBranch":78,"lastFunction":3,"lastStatement":146,"seen":{"f:17:22:17:26":0,"s:18:2:55:Infinity":0,"s:19:19:19:Infinity":1,"s:20:21:20:Infinity":2,"s:25:8:25:Infinity":3,"b:27:4:32:Infinity:undefined:undefined:undefined:undefined":0,"s:27:4:32:Infinity":4,"s:28:6:31:Infinity":5,"s:35:35:40:Infinity":6,"b:42:4:47:Infinity:undefined:undefined:undefined:undefined":1,"s:42:4:47:Infinity":7,"b:42:8:42:17:42:17:42:25":2,"s:43:6:46:Infinity":8,"s:49:4:49:Infinity":9,"s:51:4:54:Infinity":10,"f:59:22:59:28":1,"s:60:2:470:Infinity":11,"s:61:19:61:Infinity":12,"s:62:21:62:Infinity":13,"s:67:8:67:Infinity":14,"b:69:4:74:Infinity:undefined:undefined:undefined:undefined":3,"s:69:4:74:Infinity":15,"s:70:6:73:Infinity":16,"s:102:4:110:Infinity":17,"s:103:6:103:Infinity":18,"s:105:6:105:Infinity":19,"s:106:6:109:Infinity":20,"s:113:49:137:Infinity":21,"s:140:36:140:Infinity":22,"s:141:4:374:Infinity":23,"b:142:6:373:Infinity:undefined:undefined:undefined:undefined":4,"s:142:6:373:Infinity":24,"b:144:8:372:Infinity:147:8:372:Infinity":5,"s:144:8:372:Infinity":25,"s:145:33:145:Infinity":26,"s:146:12:146:Infinity":27,"b:146:83:146:90:146:90:146:Infinity":6,"b:147:8:372:Infinity:170:8:372:Infinity":7,"s:147:8:372:Infinity":28,"b:147:19:147:45:147:45:147:69":8,"s:149:25:149:Infinity":29,"b:150:10:169:Infinity:152:17:169:Infinity":9,"s:150:10:169:Infinity":30,"b:150:14:150:24:150:24:150:40:150:40:150:61":10,"s:151:14:151:Infinity":31,"s:154:12:168:Infinity":32,"s:155:27:155:Infinity":33,"b:156:14:165:Infinity:158:21:165:Infinity":11,"s:156:14:165:Infinity":34,"s:157:18:157:Infinity":35,"b:160:16:164:Infinity:162:23:164:Infinity":12,"s:160:16:164:Infinity":36,"s:161:20:161:Infinity":37,"s:163:20:163:Infinity":38,"s:167:16:167:Infinity":39,"b:170:8:372:Infinity:243:8:372:Infinity":13,"s:170:8:372:Infinity":40,"s:172:40:172:Infinity":41,"b:173:10:179:Infinity:undefined:undefined:undefined:undefined":14,"s:173:10:179:Infinity":42,"b:173:14:173:47:173:47:173:89":15,"s:174:12:174:Infinity":43,"s:175:12:178:Infinity":44,"b:182:10:240:Infinity:undefined:undefined:undefined:undefined":16,"s:182:10:240:Infinity":45,"b:182:14:182:38:182:38:182:80":17,"s:183:27:183:Infinity":46,"b:186:12:239:Infinity:undefined:undefined:undefined:undefined":18,"s:186:12:239:Infinity":47,"b:186:16:186:37:186:37:186:71":19,"b:187:14:192:Infinity:undefined:undefined:undefined:undefined":20,"s:187:14:192:Infinity":48,"s:188:16:191:Infinity":49,"s:194:14:238:Infinity":50,"b:195:16:200:Infinity:undefined:undefined:undefined:undefined":21,"s:195:16:200:Infinity":51,"b:195:20:195:46:195:46:195:59":22,"s:196:18:199:Infinity":52,"s:202:34:202:Infinity":53,"b:205:16:210:Infinity:undefined:undefined:undefined:undefined":23,"s:205:16:210:Infinity":54,"b:205:20:205:49:205:49:205:76":24,"s:206:18:209:Infinity":55,"b:213:16:218:Infinity:undefined:undefined:undefined:undefined":25,"s:213:16:218:Infinity":56,"b:213:20:213:50:213:50:213:69:213:69:213:107:213:107:213:132":26,"s:214:18:217:Infinity":57,"b:221:16:226:Infinity:undefined:undefined:undefined:undefined":27,"s:221:16:226:Infinity":58,"b:221:20:221:50:221:50:221:72:221:72:221:113:221:113:221:141":28,"s:222:18:225:Infinity":59,"b:229:16:237:Infinity:undefined:undefined:undefined:undefined":29,"s:229:16:237:Infinity":60,"s:230:34:230:Infinity":61,"b:230:74:230:94:230:94:230:Infinity":30,"b:231:18:236:Infinity:undefined:undefined:undefined:undefined":31,"s:231:18:236:Infinity":62,"b:231:22:231:40:231:40:231:55:231:55:231:68":32,"s:232:20:235:Infinity":63,"s:242:12:242:Infinity":64,"b:243:8:372:Infinity:282:8:372:Infinity":33,"s:243:8:372:Infinity":65,"s:245:37:245:Infinity":66,"b:248:10:281:Infinity:250:10:281:Infinity":34,"s:248:10:281:Infinity":67,"s:249:14:249:Infinity":68,"b:250:10:281:Infinity:undefined:undefined:undefined:undefined":35,"s:250:10:281:Infinity":69,"b:252:12:257:Infinity:undefined:undefined:undefined:undefined":36,"s:252:12:257:Infinity":70,"b:252:16:252:57:252:57:252:85":37,"s:253:14:256:Infinity":71,"s:259:27:259:Infinity":72,"b:262:12:267:Infinity:undefined:undefined:undefined:undefined":38,"s:262:12:267:Infinity":73,"b:262:16:262:34:262:34:262:69":39,"s:263:14:266:Infinity":74,"b:270:12:275:Infinity:undefined:undefined:undefined:undefined":40,"s:270:12:275:Infinity":75,"s:271:14:274:Infinity":76,"s:280:14:280:Infinity":77,"b:282:8:372:Infinity:324:8:372:Infinity":41,"s:282:8:372:Infinity":78,"s:284:33:284:Infinity":79,"b:285:10:323:Infinity:320:17:323:Infinity":42,"s:285:10:323:Infinity":80,"b:285:14:285:31:285:31:285:53":43,"s:286:12:319:Infinity":81,"s:287:26:287:Infinity":82,"b:289:14:294:Infinity:undefined:undefined:undefined:undefined":44,"s:289:14:294:Infinity":83,"s:290:16:293:Infinity":84,"s:296:31:296:Infinity":85,"s:297:34:297:Infinity":86,"b:297:34:297:62:297:62:297:90:297:90:297:Infinity":45,"s:299:16:304:Infinity":87,"b:299:16:299:Infinity:300:16:300:Infinity:301:17:301:Infinity:302:17:302:Infinity:303:17:303:Infinity:304:16:304:Infinity":46,"b:306:14:311:Infinity:undefined:undefined:undefined:undefined":47,"s:306:14:311:Infinity":88,"b:306:18:306:33:306:33:306:46":48,"s:307:16:310:Infinity":89,"s:313:16:313:Infinity":90,"s:315:14:318:Infinity":91,"s:322:14:322:Infinity":92,"b:324:8:372:Infinity:366:8:372:Infinity":49,"s:324:8:372:Infinity":93,"s:326:34:326:Infinity":94,"b:327:10:365:Infinity:362:17:365:Infinity":50,"s:327:10:365:Infinity":95,"b:327:14:327:32:327:32:327:55":51,"s:328:12:361:Infinity":96,"s:329:26:329:Infinity":97,"b:331:14:336:Infinity:undefined:undefined:undefined:undefined":52,"s:331:14:336:Infinity":98,"s:332:16:335:Infinity":99,"s:338:31:338:Infinity":100,"s:339:34:339:Infinity":101,"b:339:34:339:62:339:62:339:90:339:90:339:Infinity":53,"s:341:16:346:Infinity":102,"b:341:16:341:Infinity:342:16:342:Infinity:343:17:343:Infinity:344:18:344:Infinity:345:18:345:Infinity:346:16:346:Infinity":54,"b:348:14:353:Infinity:undefined:undefined:undefined:undefined":55,"s:348:14:353:Infinity":103,"b:348:18:348:33:348:33:348:46":56,"s:349:16:352:Infinity":104,"s:355:16:355:Infinity":105,"s:357:14:360:Infinity":106,"s:364:14:364:Infinity":107,"b:366:8:372:Infinity:370:15:372:Infinity":57,"s:366:8:372:Infinity":108,"b:366:19:366:46:366:46:366:77":58,"s:368:25:368:Infinity":109,"s:369:12:369:Infinity":110,"b:369:86:369:101:369:101:369:Infinity":59,"b:369:61:369:70:369:70:369:86":60,"s:371:12:371:Infinity":111,"b:377:4:382:Infinity:undefined:undefined:undefined:undefined":61,"s:377:4:382:Infinity":112,"b:377:8:377:42:377:42:377:68":62,"s:378:6:381:Infinity":113,"b:385:4:390:Infinity:undefined:undefined:undefined:undefined":63,"s:385:4:390:Infinity":114,"b:385:8:385:29:385:29:385:91":64,"s:386:6:389:Infinity":115,"b:393:4:398:Infinity:undefined:undefined:undefined:undefined":65,"s:393:4:398:Infinity":116,"b:393:8:393:32:393:32:393:107":66,"s:394:6:397:Infinity":117,"s:401:40:406:Infinity":118,"b:408:4:410:Infinity:undefined:undefined:undefined:undefined":67,"s:408:4:410:Infinity":119,"s:409:6:409:Infinity":120,"s:416:35:422:Infinity":121,"b:424:4:437:Infinity:undefined:undefined:undefined:undefined":68,"s:424:4:437:Infinity":122,"s:425:6:425:Infinity":123,"s:426:6:426:Infinity":124,"s:427:6:436:Infinity":125,"b:432:62:432:86:432:86:432:Infinity":69,"b:439:4:444:Infinity:undefined:undefined:undefined:undefined":70,"s:439:4:444:Infinity":126,"s:440:6:443:Infinity":127,"s:450:4:453:Infinity":128,"s:455:4:455:Infinity":129,"s:456:25:456:Infinity":130,"b:456:48:456:62:456:62:456:Infinity":71,"s:457:23:457:Infinity":131,"b:457:46:457:58:457:58:457:Infinity":72,"s:459:4:469:Infinity":132,"b:464:60:464:75:464:75:464:Infinity":73,"b:465:58:465:71:465:71:465:Infinity":74,"f:474:22:474:29":2,"s:475:2:523:Infinity":133,"s:476:19:476:Infinity":134,"s:477:21:477:Infinity":135,"s:482:8:482:Infinity":136,"b:484:4:489:Infinity:undefined:undefined:undefined:undefined":75,"s:484:4:489:Infinity":137,"s:485:6:488:Infinity":138,"s:492:35:498:Infinity":139,"b:500:4:505:Infinity:undefined:undefined:undefined:undefined":76,"s:500:4:505:Infinity":140,"s:501:6:504:Infinity":141,"b:507:4:512:Infinity:undefined:undefined:undefined:undefined":77,"s:507:4:512:Infinity":142,"s:508:6:511:Infinity":143,"s:514:4:517:Infinity":144,"s:519:4:522:Infinity":145}}}
[...]
column":null}},"5":{"start":{"line":47,"column":2},"end":{"line":47,"column":null}},"6":{"start":{"line":54,"column":2},"end":{"line":54,"column":null}},"7":{"start":{"line":61,"column":2},"end":{"line":67,"column":null}},"8":{"start":{"line":62,"column":4},"end":{"line":62,"column":null}},"9":{"start":{"line":63,"column":2},"end":{"line":67,"column":null}},"10":{"start":{"line":64,"column":4},"end":{"line":64,"column":null}},"11":{"start":{"line":66,"column":4},"end":{"line":66,"column":null}}},"fnMap":{"0":{"name":"showSuccess","decl":{"start":{"line":11,"column":16},"end":{"line":11,"column":28}},"loc":{"start":{"line":11,"column":64},"end":{"line":13,"column":null}},"line":11},"1":{"name":"showError","decl":{"start":{"line":18,"column":16},"end":{"line":18,"column":26}},"loc":{"start":{"line":18,"column":62},"end":{"line":20,"column":null}},"line":18},"2":{"name":"showInfo","decl":{"start":{"line":25,"column":16},"end":{"line":25,"column":25}},"loc":{"start":{"line":25,"column":61},"end":{"line":27,"column":null}},"line":25},"3":{"name":"showWarning","decl":{"start":{"line":32,"column":16},"end":{"line":32,"column":28}},"loc":{"start":{"line":32,"column":64},"end":{"line":34,"column":null}},"line":32},"4":{"name":"showLoading","decl":{"start":{"line":39,"column":16},"end":{"line":39,"column":28}},"loc":{"start":{"line":39,"column":62},"end":{"line":41,"column":null}},"line":39},"5":{"name":"updateLoadingSuccess","decl":{"start":{"line":46,"column":16},"end":{"line":46,"column":37}},"loc":{"start":{"line":46,"column":80},"end":{"line":48,"column":null}},"line":46},"6":{"name":"updateLoadingError","decl":{"start":{"line":53,"column":16},"end":{"line":53,"column":35}},"loc":{"start":{"line":53,"column":78},"end":{"line":55,"column":null}},"line":53},"7":{"name":"handleApiError","decl":{"start":{"line":60,"column":16},"end":{"line":60,"column":31}},"loc":{"start":{"line":60,"column":76},"end":{"line":68,"column":null}},"line":60}},"branchMap":{"0":{"loc":{"start":{"line":12,"column":37},"end":{"line":12,"column":54}},"type":"binary-expr","locations":[{"start":{"line":12,"column":37},"end":{"line":12,"column":49}},{"start":{"line":12,"column":49},"end":{"line":12,"column":54}}],"line":12},"1":{"loc":{"start":{"line":19,"column":35},"end":{"line":19,"column":52}},"type":"binary-expr","locations":[{"start":{"line":19,"column":35},"end":{"line":19,"column":47}},{"start":{"line":19,"column":47},"end":{"line":19,"column":52}}],"line":19},"2":{"loc":{"start":{"line":26,"column":34},"end":{"line":26,"column":51}},"type":"binary-expr","locations":[{"start":{"line":26,"column":34},"end":{"line":26,"column":46}},{"start":{"line":26,"column":46},"end":{"line":26,"column":51}}],"line":26},"3":{"loc":{"start":{"line":33,"column":37},"end":{"line":33,"column":54}},"type":"binary-expr","locations":[{"start":{"line":33,"column":37},"end":{"line":33,"column":49}},{"start":{"line":33,"column":49},"end":{"line":33,"column":54}}],"line":33},"4":{"loc":{"start":{"line":60,"column":47},"end":{"line":60,"column":76}},"type":"default-arg","locations":[{"start":{"line":60,"column":64},"end":{"line":60,"column":76}}],"line":60},"5":{"loc":{"start":{"line":61,"column":2},"end":{"line":67,"column":null}},"type":"if","locations":[{"start":{"line":61,"column":2},"end":{"line":67,"column":null}},{"start":{"line":63,"column":2},"end":{"line":67,"column":null}}],"line":61},"6":{"loc":{"start":{"line":61,"column":6},"end":{"line":61,"column":73}},"type":"binary-expr","locations":[{"start":{"line":61,"column":6},"end":{"line":61,"column":36}},{"start":{"line":61,"column":36},"end":{"line":61,"column":73}}],"line":61},"7":{"loc":{"start":{"line":63,"column":2},"end":{"line":67,"column":null}},"type":"if","locations":[{"start":{"line":63,"column":2},"end":{"line":67,"column":null}},{"start":{"line":65,"column":9},"end":{"line":67,"column":null}}],"line":63},"8":{"loc":{"start":{"line":64,"column":14},"end":{"line":64,"column":45}},"type":"binary-expr","locations":[{"start":{"line":64,"column":14},"end":{"line":64,"column":31}},{"start":{"line":64,"column":31},"end":{"line":64,"column":45}}],"line":64}},"s":{"0":2,"1":7,"2":2,"3":2,"4":1,"5":1,"6":1,"7":5,"8":1,"9":4,"10":2,"11":2},"f":{"0":2,"1":7,"2":2,"3":2,"4":1,"5":1,"6":1,"7":5},"b":{"0":[2,1],"1":[7,6],"2":[2,1],"3":[2,1],"4":[5],"5":[1,4],"6":[5,1],"7":[2,2],"8":[2,1]},"meta":{"lastBranch":9,"lastFunction":8,"lastStatement":12,"seen":{"f:11:16:11:28":0,"s:12:2:12:Infinity":0,"b:12:37:12:49:12:49:12:54":0,"f:18:16:18:26":1,"s:19:2:19:Infinity":1,"b:19:35:19:47:19:47:19:52":1,"f:25:16:25:25":2,"s:26:2:26:Infinity":2,"b:26:34:26:46:26:46:26:51":2,"f:32:16:32:28":3,"s:33:2:33:Infinity":3,"b:33:37:33:49:33:49:33:54":3,"f:39:16:39:28":4,"s:40:2:40:Infinity":4,"f:46:16:46:37":5,"s:47:2:47:Infinity":5,"f:53:16:53:35":6,"s:54:2:54:Infinity":6,"f:60:16:60:31":7,"b:60:64:60:76":4,"b:61:2:67:Infinity:63:2:67:Infinity":5,"s:61:2:67:Infinity":7,"b:61:6:61:36:61:36:61:73":6,"s:62:4:62:Infinity":8,"b:63:2:67:Infinity:65:9:67:Infinity":7,"s:63:2:67:Infinity":9,"s:64:4:64:Infinity":10,"b:64:14:64:31:64:31:64:45":8,"s:66:4:66:Infinity":11}}}
,"/Users/apple/Documents/Project/PIS/apps/web/src/lib/utils.ts": {"path":"/Users/apple/Documents/Project/PIS/apps/web/src/lib/utils.ts","statementMap":{"0":{"start":{"line":8,"column":2},"end":{"line":8,"column":null}},"1":{"start":{"line":15,"column":2},"end":{"line":15,"column":null}},"2":{"start":{"line":15,"column":19},"end":{"line":15,"column":null}},"3":{"start":{"line":16,"column":12},"end":{"line":16,"column":null}},"4":{"start":{"line":17,"column":16},"end":{"line":17,"column":null}},"5":{"start":{"line":18,"column":12},"end":{"line":18,"column":null}},"6":{"start":{"line":19,"column":2},"end":{"line":19,"column":null}},"7":{"start":{"line":26,"column":12},"end":{"line":26,"column":null}},"8":{"start":{"line":27,"column":15},"end":{"line":27,"column":null}},"9":{"start":{"line":28,"column":16},"end":{"line":28,"column":null}},"10":{"start":{"line":29,"column":14},"end":{"line":29,"column":null}},"11":{"start":{"line":30,"column":21},"end":{"line":30,"column":null}},"12":{"start":{"line":31,"column":2},"end":{"line":31,"column":null}},"13":{"start":{"line":40,"column":2},"end":{"line":42,"column":null}},"14":{"start":{"line":41,"column":4},"end":{"line":41,"column":null}},"15":{"start":{"line":44,"column":14},"end":{"line":44,"column":null}},"16":{"start":{"line":45,"column":17},"end":{"line":45,"column":null}},"17":{"start":{"line":46,"column":15},"end":{"line":46,"column":null}},"18":{"start":{"line":48,"column":18},"end":{"line":48,"column":null}},"19":{"start":{"line":49,"column":16},"end":{"line":49,"column":null}},"20":{"start":{"line":50,"column":15},"end":{"line":50,"column":null}},"21":{"start":{"line":52,"column":2},"end":{"line":52,"column":null}},"22":{"start":{"line":52,"column":19},"end":{"line":52,"column":null}},"23":{"start":{"line":53,"column":2},"end":{"line":53,"column":null}},"24":{"start":{"line":53,"column":20},"end":{"line":53,"column":null}},"25":{"start":{"line":54,"column":2},"end":{"line":54,"column":null}},"26":{"start":{"line":54,"column":18},"end":{"line":54,"column":null}},"27":{"start":{"line":55,"column":2},"end":{"line":55,"column":null}},"28":{"start":{"line":55,"column":17},"end":{"line":55,"column":null}},"29":{"start":{"line":57,"column":2},"end":{"line":57,"column":null}},"30":{"start":{"line":66,"column":2},"end":{"line":68,"column":null}},"31":{"start":{"line":67,"column":4},"end":{"line":67,"column":null}},"32":{"start":{"line":70,"column":2},"end":{"line":70,"column":null}},"33":{"start":{"line":79,"column":2},"end":{"line":81,"column":null}},"34":{"start":{"line":80,"column":4},"end":{"line":80,"column":null}},"35":{"start":{"line":83,"column":22},"end":{"line":83,"column":null}},"36":{"start":{"line":84,"column":2},"end":{"line":84,"column":null}}},"fnMap":{"0":{"name":"cn","decl":{"start":{"line":7,"column":16},"end":{"line":7,"column":22}},"loc":{"start":{"line":7,"column":44},"end":{"line":9,"column":null}},"line":7},"1":{"name":"formatFileSize","decl":{"start":{"line":14,"column":16},"end":{"line":14,"column":31}},"loc":{"start":{"line":14,"column":54},"end":{"line":20,"column":null}},"line":14},"2":{"name":"formatDate","decl":{"start":{"line":25,"column":16},"end":{"line":25,"column":27}},"loc":{"start":{"line":25,"column":56},"end":{"line":32,"column":null}},"line":25},"3":{"name":"formatRelativeTime","decl":{"start":{"line":38,"column":16},"end":{"line":38,"column":35}},"loc":{"start":{"line":38,"column":64},"end":{"line":58,"column":null}},"line":38},"4":{"name":"getAppBaseUrl","decl":{"start":{"line":64,"column":16},"end":{"line":64,"column":40}},"loc":{"start":{"line":64,"column":40},"end":{"line":71,"column":null}},"line":64},"5":{"name":"getAlbumShareUrl","decl":{"start":{"line":77,"column":16},"end":{"line":77,"column":33}},"loc":{"start":{"line":77,"column":55},"end":{"line":85,"column":null}},"line":77}},"branchMap":{"0":{"loc":{"start":{"line":15,"column":2},"end":{"line":15,"column":null}},"type":"if","locations":[{"start":{"line":15,"column":2},"end":{"line":15,"column":null}},{"start":{},"end":{}}],"line":15},"1":{"loc":{"start":{"line":40,"column":2},"end":{"line":42,"column":null}},"type":"if","locations":[{"start":{"line":40,"column":2},"end":{"line":42,"column":null}},{"start":{},"end":{}}],"line":40},"2":{"loc":{"start":{"line":52,"column":2},"end":{"line":52,"column":null}},"type":"if","locations":[{"start":{"line":52,"column":2},"end":{"line":52,"column":null}},{"start":{},"end":{}}],"line":52},"3":{"loc":{"start":{"line":53,"column":2},"end":{"line":53,"column":null}},"type":"if","locations":[{"start":{"line":53,"column":2},"end":{"line":53,"column":null}},{"start":{},"end":{}}],"line":53},"4":{"loc":{"start":{"line":54,"column":2},"end":{"line":54,"column":null}},"type":"if","locations":[{"start":{"line":54,"column":2},"end":{"line":54,"column":null}},{"start":{},"end":{}}],"line":54},"5":{"loc":{"start":{"line":55,"column":2},"end":{"line":55,"column":null}},"type":"if","locations":[{"start":{"line":55,"column":2},"end":{"line":55,"column":null}},{"start":{},"end":{}}],"line":55},"6":{"loc":{"start":{"line":66,"column":2},"end":{"line":68,"column":null}},"type":"if","locations":[{"start":{"line":66,"column":2},"end":{"line":68,"column":null}},{"start":{},"end":{}}],"line":66},"7":{"loc":{"start":{"line":67,"column":11},"end":{"line":67,"column":null}},"type":"binary-expr","locations":[{"start":{"line":67,"column":11},"end":{"line":67,"column":46}},{"start":{"line":67,"column":46},"end":{"line":67,"column":null}}],"line":67},"8":{"loc":{"start":{"line":70,"column":9},"end":{"line":70,"column":null}},"type":"binary-expr","locations":[{"start":{"line":70,"column":9},"end":{"line":70,"column":44}},{"start":{"line":70,"column":44},"end":{"line":70,"column":null}}],"line":70},"9":{"loc":{"start":{"line":79,"column":2},"end":{"line":81,"column":null}},"type":"if","locations":[{"start":{"line":79,"column":2},"end":{"line":81,"column":null}},{"start":{},"end":{}}],"line":79},"10":{"loc":{"start":{"line":79,"column":6},"end":{"line":79,"column":63}},"type":"binary-expr","locations":[{"start":{"line":79,"column":6},"end":{"line":79,"column":15}},{"start":{"line":79,"column":15},"end":{"line":79,"column":43}},{"start":{"line":79,"column":43},"end":{"line":79,"column":63}}],"line":79}},"s":{"0":3,"1":7,"2":1,"3":6,"4":6,"5":6,"6":6,"7":4,"8":4,"9":4,"10":4,"11":4,"12":4,"13":6,"14":1,"15":5,"16":5,"17":5,"18":5,"19":5,"20":5,"21":5,"22":1,"23":4,"24":4,"25":3,"26":3,"27":2,"28":2,"29":1,"30":7,"31":2,"32":5,"33":7,"34":3,"35":4,"36":4},"f":{"0":3,"1":7,"2":4,"3":6,"4":7,"5":7},"b":{"0":[1,6],"1":[1,5],"2":[1,4],"3":[1,3],"4":[1,2],"5":[1,1],"6":[2,5],"7":[2,1],"8":[5,1],"9":[3,4],"10":[7,4,4]},"meta":{"lastBranch":11,"lastFunction":6,"lastStatement":37,"seen":{"f:7:16:7:22":0,"s:8:2:8:Infinity":0,"f:14:16:14:31":1,"b:15:2:15:Infinity:undefined:undefined:undefined:undefined":0,"s:15:2:15:Infinity":1,"s:15:19:15:Infinity":2,"s:16:12:16:Infinity":3,"s:17:16:17:Infinity":4,"s:18:12:18:Infinity":5,"s:19:2:19:Infinity":6,"f:25:16:25:27":2,"s:26:12:26:Infinity":7,"s:27:15:27:Infinity":8,"s:28:16:28:Infinity":9,"s:29:14:29:Infinity":10,"s:30:21:30:Infinity":11,"s:31:2:31:Infinity":12,"f:38:16:38:35":3,"b:40:2:42:Infinity:undefined:undefined:undefined:undefined":1,"s:40:2:42:Infinity":13,"s:41:4:41:Infinity":14,"s:44:14:44:Infinity":15,"s:45:17:45:Infinity":16,"s:46:15:46:Infinity":17,"s:48:18:48:Infinity":18,"s:49:16:49:Infinity":19,"s:50:15:50:Infinity":20,"b:52:2:52:Infinity:undefined:undefined:undefined:undefined":2,"s:52:2:52:Infinity":21,"s:52:19:52:Infinity":22,"b:53:2:53:Infinity:undefined:undefined:undefined:undefined":3,"s:53:2:53:Infinity":23,"s:53:20:53:Infinity":24,"b:54:2:54:Infinity:undefined:undefined:undefined:undefined":4,"s:54:2:54:Infinity":25,"s:54:18:54:Infinity":26,"b:55:2:55:Infinity:undefined:undefined:undefined:undefined":5,"s:55:2:55:Infinity":27,"s:55:17:55:Infinity":28,"s:57:2:57:Infinity":29,"f:64:16:64:40":4,"b:66:2:68:Infinity:undefined:undefined:undefined:undefined":6,"s:66:2:68:Infinity":30,"s:67:4:67:Infinity":31,"b:67:11:67:46:67:46:67:Infinity":7,"s:70:2:70:Infinity":32,"b:70:9:70:44:70:44:70:Infinity":8,"f:77:16:77:33":5,"b:79:2:81:Infinity:undefined:undefined:undefined:undefined":9,"s:79:2:81:Infinity":33,"b:79:6:79:15:79:15:79:43:79:43:79:63":10,"s:80:4:80:Infinity":34,"s:83:22:83:Infinity":35,"s:84:2:84:Infinity":36}}}
,"/Users/apple/Documents/Project/PIS/apps/web/src/lib/supabase/admin.ts": {"path":"/Users/apple/Documents/Project/PIS/apps/web/src/lib/supabase/admin.ts","statementMap":{"0":{"start":{"line":14,"column":2},"end":{"line":25,"column":null}},"1":{"start":{"line":20,"column":10},"end":{"line":20,"column":null}}},"fnMap":{"0":{"name":"createAdminClient","decl":{"start":{"line":13,"column":16},"end":{"line":13,"column":55}},"loc":{"start":{"line":13,"column":55},"end":{"line":26,"column":null}},"line":13},"1":{"name":"(anonymous_1)","decl":{"start":{"line":19,"column":8},"end":{"line":19,"column":17}},"loc":{"start":{"line":19,"column":17},"end":{"line":21,"column":null}},"line":19},"2":{"name":"(anonymous_2)","decl":{"start":{"line":22,"column":8},"end":{"line":22,"column":17}},"loc":{"start":{"line":22,"column":17},"end":{"line":22,"column":null}},"line":22}},"branchMap":{"0":{"loc":{"start":{"line":15,"column":4},"end":{"line":15,"column":null}},"type":"binary-expr","locations":[{"start":{"line":15,"column":4},"end":{"line":15,"column":33}},{"start":{"line":15,"column":33},"end":{"line":15,"column":null}}],"line":15}},"s":{"0":2,"1":8},"f":{"0":2,"1":8,"2":0},"b":{"0":[2,1]},"meta":{"lastBranch":1,"lastFunction":3,"lastStatement":2,"seen":{"f:13:16:13:55":0,"s:14:2:25:Infinity":0,"b:15:4:15:33:15:33:15:Infinity":0,"f:19:8:19:17":1,"s:20:10:20:Infinity":1,"f:22:8:22:17":2}}}
,"/Users/apple/Documents/Project/PIS/apps/web/src/lib/supabase/client.ts": {"path":"/Users/apple/Documents/Project/PIS/apps/web/src/lib/supabase/client.ts","statementMap":{"0":{"start":{"line":5,"column":2},"end":{"line":8,"column":null}}},"fnMap":{"0":{"name":"createClient","decl":{"start":{"line":4,"column":16},"end":{"line":4,"column":31}},"loc":{"start":{"line":4,"column":31},"end":{"line":9,"column":null}},"line":4}},"branchMap":{},"s":{"0":1},"f":{"0":1},"b":{},"meta":{"lastBranch":0,"lastFunction":1,"lastStatement":1,"seen":{"f:4:16:4:31":0,"s:5:2:8:Infinity":0}}}
,"/Users/apple/Documents/Project/PIS/apps/web/src/lib/supabase/middleware.ts": {"path":"/Users/apple/Documents/Project/PIS/apps/web/src/lib/supabase/middleware.ts","statementMap":{"0":{"start":{"line":5,"column":25},"end":{"line":7,"column":null}},"1":{"start":{"line":9,"column":8},"end":{"line":30,"column":null}},"2":{"start":{"line":15,"column":10},"end":{"line":15,"column":null}},"3":{"start":{"line":18,"column":10},"end":{"line":20,"column":null}},"4":{"start":{"line":19,"column":12},"end":{"line":19,"column":null}},"5":{"start":{"line":21,"column":10},"end":{"line":23,"column":null}},"6":{"start":{"line":24,"column":10},"end":{"line":26,"column":null}},"7":{"start":{"line":25,"column":12},"end":{"line":25,"column":null}},"8":{"start":{"line":38,"column":6},"end":{"line":38,"column":null}},"9":{"start":{"line":40,"column":2},"end":{"line":60,"column":null}},"10":{"start":{"line":42,"column":4},"end":{"line":51,"column":null}},"11":{"start":{"line":43,"column":6},"end":{"line":48,"column":null}},"12":{"start":{"line":45,"column":20},"end":{"line":45,"column":null}},"13":{"start":{"line":46,"column":8},"end":{"line":46,"column":null}},"14":{"start":{"line":47,"column":8},"end":{"line":47,"column":null}},"15":{"start":{"line":50,"column":6},"end":{"line":50,"column":null}},"16":{"start":{"line":54,"column":4},"end":{"line":59,"column":null}},"17":{"start":{"line":56,"column":18},"end":{"line":56,"column":null}},"18":{"start":{"line":57,"column":6},"end":{"line":57,"column":null}},"19":{"start":{"line":58,"column":6},"end":{"line":58,"column":null}},"20":{"start":{"line":62,"column":2},"end":{"line":62,"column":null}}},"fnMap":{"0":{"name":"updateSession","decl":{"start":{"line":4,"column":22},"end":{"line":4,"column":36}},"loc":{"start":{"line":4,"column":58},"end":{"line":63,"column":null}},"line":4},"1":{"name":"(anonymous_1)","decl":{"start":{"line":14,"column":8},"end":{"line":14,"column":17}},"loc":{"start":{"line":14,"column":17},"end":{"line":16,"column":null}},"line":14},"2":{"name":"(anonymous_2)","decl":{"start":{"line":17,"column":8},"end":{"line":17,"column":15}},"loc":{"start":{"line":17,"column":99},"end":{"line":27,"column":null}},"line":17},"3":{"name":"(anonymous_3)","decl":{"start":{"line":18,"column":31},"end":{"line":18,"column":32}},"loc":{"start":{"line":19,"column":12},"end":{"line":19,"column":null}},"line":19},"4":{"name":"(anonymous_4)","decl":{"start":{"line":24,"column":31},"end":{"line":24,"column":32}},"loc":{"start":{"line":25,"column":12},"end":{"line":25,"column":null}},"line":25}},"branchMap":{"0":{"loc":{"start":{"line":40,"column":2},"end":{"line":60,"column":null}},"type":"if","locations":[{"start":{"line":40,"column":2},"end":{"line":60,"column":null}},{"start":{},"end":{}}],"line":40},"1":{"loc":{"start":{"line":42,"column":4},"end":{"line":51,"column":null}},"type":"if","locations":[{"start":{"line":42,"column":4},"end":{"line":51,"column":null}},{"start":{},"end":{}}],"line":42},"2":{"loc":{"start":{"line":43,"column":6},"end":{"line":48,"column":null}},"type":"if","locations":[{"start":{"line":43,"column":6},"end":{"line":48,"column":null}},{"start":{},"end":{}}],"line":43},"3":{"loc":{"start":{"line":54,"column":4},"end":{"line":59,"column":null}},"type":"if","locations":[{"start":{"line":54,"column":4},"end":{"line":59,"column":null}},{"start":{},"end":{}}],"line":54}},"s":{"0":5,"1":5,"2":0,"3":0,"4":0,"5":0,"6":0,"7":0,"8":5,"9":5,"10":4,"11":2,"12":1,"13":1,"14":1,"15":1,"16":2,"17":1,"18":1,"19":1,"20":2},"f":{"0":5,"1":0,"2":0,"3":0,"4":0},"b":{"0":[4,1],"1":[2,2],"2":[1,1],"3":[1,1]},"meta":{"lastBranch":4,"lastFunction":5,"lastStatement":21,"seen":{"f:4:22:4:36":0,"s:5:25:7:Infinity":0,"s:9:8:30:Infinity":1,"f:14:8:14:17":1,"s:15:10:15:Infinity":2,"f:17:8:17:15":2,"s:18:10:20:Infinity":3,"f:18:31:18:32":3,"s:19:12:19:Infinity":4,"s:21:10:23:Infinity":5,"s:24:10:26:Infinity":6,"f:24:31:24:32":4,"s:25:12:25:Infinity":7,"s:38:6:38:Infinity":8,"b:40:2:60:Infinity:undefined:undefined:undefined:undefined":0,"s:40:2:60:Infinity":9,"b:42:4:51:Infinity:undefined:undefined:undefined:undefined":1,"s:42:4:51:Infinity":10,"b:43:6:48:Infinity:undefined:undefined:undefined:undefined":2,"s:43:6:48:Infinity":11,"s:45:20:45:Infinity":12,"s:46:8:46:Infinity":13,"s:47:8:47:Infinity":14,"s:50:6:50:Infinity":15,"b:54:4:59:Infinity:undefined:undefined:undefined:undefined":3,"s:54:4:59:Infinity":16,"s:56:18:56:Infinity":17,"s:57:6:57:Infinity":18,"s:58:6:58:Infinity":19,"s:62:2:62:Infinity":20}}}
}
