{"/Users/apple/Documents/Project/PIS/services/worker/src/package-creator.ts": {"path":"/Users/apple/Documents/Project/PIS/services/worker/src/package-creator.ts","statementMap":{"0":{"start":{"line":40,"column":77},"end":{"line":40,"column":null}},"1":{"start":{"line":43,"column":4},"end":{"line":45,"column":null}},"2":{"start":{"line":44,"column":6},"end":{"line":44,"column":null}},"3":{"start":{"line":47,"column":4},"end":{"line":49,"column":null}},"4":{"start":{"line":48,"column":6},"end":{"line":48,"column":null}},"5":{"start":{"line":51,"column":4},"end":{"line":153,"column":null}},"6":{"start":{"line":52,"column":12},"end":{"line":54,"column":null}},"7":{"start":{"line":56,"column":31},"end":{"line":56,"column":null}},"8":{"start":{"line":58,"column":6},"end":{"line":60,"column":null}},"9":{"start":{"line":59,"column":8},"end":{"line":59,"column":null}},"10":{"start":{"line":62,"column":6},"end":{"line":64,"column":null}},"11":{"start":{"line":63,"column":8},"end":{"line":63,"column":null}},"12":{"start":{"line":66,"column":6},"end":{"line":68,"column":null}},"13":{"start":{"line":67,"column":8},"end":{"line":67,"column":null}},"14":{"start":{"line":71,"column":6},"end":{"line":152,"column":null}},"15":{"start":{"line":72,"column":8},"end":{"line":151,"column":null}},"16":{"start":{"line":73,"column":29},"end":{"line":73,"column":null}},"17":{"start":{"line":74,"column":31},"end":{"line":74,"column":null}},"18":{"start":{"line":75,"column":28},"end":{"line":75,"column":null}},"19":{"start":{"line":77,"column":10},"end":{"line":138,"column":null}},"20":{"start":{"line":77,"column":23},"end":{"line":77,"column":26}},"21":{"start":{"line":78,"column":26},"end":{"line":78,"column":null}},"22":{"start":{"line":81,"column":12},"end":{"line":132,"column":null}},"23":{"start":{"line":83,"column":16},"end":{"line":130,"column":null}},"24":{"start":{"line":85,"column":41},"end":{"line":85,"column":null}},"25":{"start":{"line":87,"column":18},"end":{"line":92,"column":null}},"26":{"start":{"line":89,"column":20},"end":{"line":91,"column":null}},"27":{"start":{"line":94,"column":18},"end":{"line":123,"column":null}},"28":{"start":{"line":97,"column":20},"end":{"line":117,"column":null}},"29":{"start":{"line":99,"column":22},"end":{"line":113,"column":null}},"30":{"start":{"line":100,"column":24},"end":{"line":107,"column":null}},"31":{"start":{"line":101,"column":26},"end":{"line":101,"column":null}},"32":{"start":{"line":104,"column":44},"end":{"line":104,"column":null}},"33":{"start":{"line":105,"column":41},"end":{"line":105,"column":null}},"34":{"start":{"line":106,"column":26},"end":{"line":106,"column":null}},"35":{"start":{"line":110,"column":42},"end":{"line":110,"column":null}},"36":{"start":{"line":111,"column":39},"end":{"line":111,"column":null}},"37":{"start":{"line":112,"column":24},"end":{"line":112,"column":null}},"38":{"start":{"line":116,"column":22},"end":{"line":116,"column":null}},"39":{"start":{"line":120,"column":20},"end":{"line":122,"column":null}},"40":{"start":{"line":125,"column":18},"end":{"line":125,"column":null}},"41":{"start":{"line":127,"column":18},"end":{"line":127,"column":null}},"42":{"start":{"line":128,"column":18},"end":{"line":128,"column":null}},"43":{"start":{"line":135,"column":12},"end":{"line":137,"column":null}},"44":{"start":{"line":136,"column":14},"end":{"line":136,"column":null}},"45":{"start":{"line":136,"column":43},"end":{"line":136,"column":67}},"46":{"start":{"line":140,"column":10},"end":{"line":140,"column":null}},"47":{"start":{"line":142,"column":10},"end":{"line":144,"column":null}},"48":{"start":{"line":143,"column":12},"end":{"line":143,"column":null}},"49":{"start":{"line":147,"column":10},"end":{"line":147,"column":null}},"50":{"start":{"line":149,"column":10},"end":{"line":149,"column":null}},"51":{"start":{"line":150,"column":10},"end":{"line":150,"column":null}}},"fnMap":{"0":{"name":"(anonymous_0)","decl":{"start":{"line":39,"column":15},"end":{"line":39,"column":29}},"loc":{"start":{"line":39,"column":71},"end":{"line":154,"column":null}},"line":39},"1":{"name":"(anonymous_1)","decl":{"start":{"line":51,"column":23},"end":{"line":51,"column":24}},"loc":{"start":{"line":51,"column":44},"end":{"line":153,"column":5}},"line":51},"2":{"name":"(anonymous_2)","decl":{"start":{"line":58,"column":25},"end":{"line":58,"column":26}},"loc":{"start":{"line":58,"column":44},"end":{"line":60,"column":7}},"line":58},"3":{"name":"(anonymous_3)","decl":{"start":{"line":62,"column":24},"end":{"line":62,"column":30}},"loc":{"start":{"line":62,"column":30},"end":{"line":64,"column":7}},"line":62},"4":{"name":"(anonymous_4)","decl":{"start":{"line":66,"column":26},"end":{"line":66,"column":27}},"loc":{"start":{"line":66,"column":35},"end":{"line":68,"column":7}},"line":66},"5":{"name":"(anonymous_5)","decl":{"start":{"line":71,"column":7},"end":{"line":71,"column":19}},"loc":{"start":{"line":71,"column":19},"end":{"line":152,"column":9}},"line":71},"6":{"name":"(anonymous_6)","decl":{"start":{"line":82,"column":24},"end":{"line":82,"column":31}},"loc":{"start":{"line":82,"column":41},"end":{"line":131,"column":15}},"line":82},"7":{"name":"(anonymous_7)","decl":{"start":{"line":136,"column":32},"end":{"line":136,"column":43}},"loc":{"start":{"line":136,"column":43},"end":{"line":136,"column":67}},"line":136}},"branchMap":{"0":{"loc":{"start":{"line":43,"column":4},"end":{"line":45,"column":null}},"type":"if","locations":[{"start":{"line":43,"column":4},"end":{"line":45,"column":null}},{"start":{},"end":{}}],"line":43},"1":{"loc":{"start":{"line":43,"column":8},"end":{"line":43,"column":40}},"type":"binary-expr","locations":[{"start":{"line":43,"column":8},"end":{"line":43,"column":19}},{"start":{"line":43,"column":19},"end":{"line":43,"column":40}}],"line":43},"2":{"loc":{"start":{"line":47,"column":4},"end":{"line":49,"column":null}},"type":"if","locations":[{"start":{"line":47,"column":4},"end":{"line":49,"column":null}},{"start":{},"end":{}}],"line":47},"3":{"loc":{"start":{"line":47,"column":8},"end":{"line":47,"column":49}},"type":"binary-expr","locations":[{"start":{"line":47,"column":8},"end":{"line":47,"column":31}},{"start":{"line":47,"column":31},"end":{"line":47,"column":49}}],"line":47},"4":{"loc":{"start":{"line":87,"column":18},"end":{"line":92,"column":null}},"type":"if","locations":[{"start":{"line":87,"column":18},"end":{"line":92,"column":null}},{"start":{},"end":{}}],"line":87},"5":{"loc":{"start":{"line":94,"column":18},"end":{"line":123,"column":null}},"type":"if","locations":[{"start":{"line":94,"column":18},"end":{"line":123,"column":null}},{"start":{},"end":{}}],"line":94},"6":{"loc":{"start":{"line":97,"column":20},"end":{"line":117,"column":null}},"type":"if","locations":[{"start":{"line":97,"column":20},"end":{"line":117,"column":null}},{"start":{"line":114,"column":27},"end":{"line":117,"column":null}}],"line":97},"7":{"loc":{"start":{"line":99,"column":22},"end":{"line":113,"column":null}},"type":"if","locations":[{"start":{"line":99,"column":22},"end":{"line":113,"column":null}},{"start":{"line":108,"column":29},"end":{"line":113,"column":null}}],"line":99},"8":{"loc":{"start":{"line":128,"column":89},"end":{"line":128,"column":129}},"type":"cond-expr","locations":[{"start":{"line":128,"column":112},"end":{"line":128,"column":126}},{"start":{"line":128,"column":126},"end":{"line":128,"column":129}}],"line":128},"9":{"loc":{"start":{"line":135,"column":12},"end":{"line":137,"column":null}},"type":"if","locations":[{"start":{"line":135,"column":12},"end":{"line":137,"column":null}},{"start":{},"end":{}}],"line":135},"10":{"loc":{"start":{"line":142,"column":10},"end":{"line":144,"column":null}},"type":"if","locations":[{"start":{"line":142,"column":10},"end":{"line":144,"column":null}},{"start":{},"end":{}}],"line":142}},"s":{"0":5,"1":5,"2":1,"3":4,"4":1,"5":3,"6":3,"7":3,"8":3,"9":0,"10":3,"11":3,"12":3,"13":0,"14":3,"15":3,"16":3,"17":3,"18":3,"19":3,"20":3,"21":3,"22":3,"23":4,"24":4,"25":4,"26":2,"27":4,"28":2,"29":2,"30":2,"31":2,"32":0,"33":0,"34":0,"35":0,"36":0,"37":0,"38":0,"39":2,"40":4,"41":0,"42":0,"43":3,"44":0,"45":0,"46":3,"47":3,"48":0,"49":3,"50":0,"51":0},"f":{"0":1,"1":3,"2":0,"3":3,"4":0,"5":3,"6":4,"7":0},"b":{"0":[1,4],"1":[5,5],"2":[1,3],"3":[4,2],"4":[2,2],"5":[2,2],"6":[2,0],"7":[2,0],"8":[0,0],"9":[0,3],"10":[0,3]},"meta":{"lastBranch":11,"lastFunction":8,"lastStatement":52,"seen":{"f:39:15:39:29":0,"s:40:77:40:Infinity":0,"b:43:4:45:Infinity:undefined:undefined:undefined:undefined":0,"s:43:4:45:Infinity":1,"b:43:8:43:19:43:19:43:40":1,"s:44:6:44:Infinity":2,"b:47:4:49:Infinity:undefined:undefined:undefined:undefined":2,"s:47:4:49:Infinity":3,"b:47:8:47:31:47:31:47:49":3,"s:48:6:48:Infinity":4,"s:51:4:153:Infinity":5,"f:51:23:51:24":1,"s:52:12:54:Infinity":6,"s:56:31:56:Infinity":7,"s:58:6:60:Infinity":8,"f:58:25:58:26":2,"s:59:8:59:Infinity":9,"s:62:6:64:Infinity":10,"f:62:24:62:30":3,"s:63:8:63:Infinity":11,"s:66:6:68:Infinity":12,"f:66:26:66:27":4,"s:67:8:67:Infinity":13,"s:71:6:152:Infinity":14,"f:71:7:71:19":5,"s:72:8:151:Infinity":15,"s:73:29:73:Infinity":16,"s:74:31:74:Infinity":17,"s:75:28:75:Infinity":18,"s:77:10:138:Infinity":19,"s:77:23:77:26":20,"s:78:26:78:Infinity":21,"s:81:12:132:Infinity":22,"f:82:24:82:31":6,"s:83:16:130:Infinity":23,"s:85:41:85:Infinity":24,"b:87:18:92:Infinity:undefined:undefined:undefined:undefined":4,"s:87:18:92:Infinity":25,"s:89:20:91:Infinity":26,"b:94:18:123:Infinity:undefined:undefined:undefined:undefined":5,"s:94:18:123:Infinity":27,"b:97:20:117:Infinity:114:27:117:Infinity":6,"s:97:20:117:Infinity":28,"b:99:22:113:Infinity:108:29:113:Infinity":7,"s:99:22:113:Infinity":29,"s:100:24:107:Infinity":30,"s:101:26:101:Infinity":31,"s:104:44:104:Infinity":32,"s:105:41:105:Infinity":33,"s:106:26:106:Infinity":34,"s:110:42:110:Infinity":35,"s:111:39:111:Infinity":36,"s:112:24:112:Infinity":37,"s:116:22:116:Infinity":38,"s:120:20:122:Infinity":39,"s:125:18:125:Infinity":40,"s:127:18:127:Infinity":41,"s:128:18:128:Infinity":42,"b:128:112:128:126:128:126:128:129":8,"b:135:12:137:Infinity:undefined:undefined:undefined:undefined":9,"s:135:12:137:Infinity":43,"s:136:14:136:Infinity":44,"f:136:32:136:43":7,"s:136:43:136:67":45,"s:140:10:140:Infinity":46,"b:142:10:144:Infinity:undefined:undefined:undefined:undefined":10,"s:142:10:144:Infinity":47,"s:143:12:143:Infinity":48,"s:147:10:147:Infinity":49,"s:149:10:149:Infinity":50,"s:150:10:150:Infinity":51}}}
,"/Users/apple/Documents/Project/PIS/services/worker/src/processor.ts": {"path":"/Users/apple/Documents/Project/PIS/services/worker/src/processor.ts","statementMap":{"0":{"start":{"line":48,"column":4},"end":{"line":48,"column":null}},"1":{"start":{"line":55,"column":4},"end":{"line":102,"column":null}},"2":{"start":{"line":56,"column":21},"end":{"line":56,"column":null}},"3":{"start":{"line":57,"column":31},"end":{"line":57,"column":null}},"4":{"start":{"line":60,"column":23},"end":{"line":60,"column":null}},"5":{"start":{"line":61,"column":27},"end":{"line":64,"column":null}},"6":{"start":{"line":67,"column":6},"end":{"line":69,"column":null}},"7":{"start":{"line":68,"column":8},"end":{"line":68,"column":null}},"8":{"start":{"line":72,"column":23},"end":{"line":72,"column":null}},"9":{"start":{"line":73,"column":26},"end":{"line":73,"column":null}},"10":{"start":{"line":75,"column":8},"end":{"line":80,"column":null}},"11":{"start":{"line":82,"column":6},"end":{"line":85,"column":null}},"12":{"start":{"line":83,"column":8},"end":{"line":83,"column":null}},"13":{"start":{"line":84,"column":8},"end":{"line":84,"column":null}},"14":{"start":{"line":88,"column":6},"end":{"line":97,"column":null}},"15":{"start":{"line":89,"column":26},"end":{"line":92,"column":null}},"16":{"start":{"line":90,"column":34},"end":{"line":90,"column":null}},"17":{"start":{"line":91,"column":10},"end":{"line":91,"column":null}},"18":{"start":{"line":93,"column":8},"end":{"line":96,"column":null}},"19":{"start":{"line":94,"column":10},"end":{"line":94,"column":null}},"20":{"start":{"line":95,"column":10},"end":{"line":95,"column":null}},"21":{"start":{"line":99,"column":6},"end":{"line":99,"column":null}},"22":{"start":{"line":101,"column":6},"end":{"line":101,"column":null}},"23":{"start":{"line":107,"column":29},"end":{"line":107,"column":null}},"24":{"start":{"line":110,"column":15},"end":{"line":110,"column":null}},"25":{"start":{"line":111,"column":4},"end":{"line":119,"column":null}},"26":{"start":{"line":112,"column":6},"end":{"line":118,"column":null}},"27":{"start":{"line":113,"column":14},"end":{"line":113,"column":null}},"28":{"start":{"line":115,"column":8},"end":{"line":115,"column":null}},"29":{"start":{"line":117,"column":8},"end":{"line":117,"column":null}},"30":{"start":{"line":123,"column":4},"end":{"line":129,"column":null}},"31":{"start":{"line":125,"column":6},"end":{"line":125,"column":null}},"32":{"start":{"line":128,"column":6},"end":{"line":128,"column":null}},"33":{"start":{"line":130,"column":21},"end":{"line":130,"column":null}},"34":{"start":{"line":135,"column":22},"end":{"line":135,"column":null}},"35":{"start":{"line":136,"column":36},"end":{"line":145,"column":null}},"36":{"start":{"line":149,"column":61},"end":{"line":149,"column":null}},"37":{"start":{"line":153,"column":27},"end":{"line":153,"column":null}},"38":{"start":{"line":154,"column":23},"end":{"line":154,"column":null}},"39":{"start":{"line":155,"column":24},"end":{"line":155,"column":null}},"40":{"start":{"line":157,"column":4},"end":{"line":161,"column":null}},"41":{"start":{"line":158,"column":20},"end":{"line":158,"column":null}},"42":{"start":{"line":159,"column":6},"end":{"line":159,"column":null}},"43":{"start":{"line":160,"column":6},"end":{"line":160,"column":null}},"44":{"start":{"line":165,"column":26},"end":{"line":167,"column":null}},"45":{"start":{"line":170,"column":4},"end":{"line":245,"column":null}},"46":{"start":{"line":171,"column":33},"end":{"line":171,"column":null}},"47":{"start":{"line":172,"column":20},"end":{"line":172,"column":null}},"48":{"start":{"line":173,"column":21},"end":{"line":173,"column":null}},"49":{"start":{"line":176,"column":6},"end":{"line":244,"column":null}},"50":{"start":{"line":177,"column":8},"end":{"line":177,"column":null}},"51":{"start":{"line":179,"column":8},"end":{"line":179,"column":null}},"52":{"start":{"line":181,"column":70},"end":{"line":181,"column":null}},"53":{"start":{"line":184,"column":8},"end":{"line":231,"column":null}},"54":{"start":{"line":185,"column":31},"end":{"line":185,"column":null}},"55":{"start":{"line":185,"column":70},"end":{"line":185,"column":89}},"56":{"start":{"line":186,"column":10},"end":{"line":186,"column":null}},"57":{"start":{"line":189,"column":36},"end":{"line":189,"column":null}},"58":{"start":{"line":189,"column":75},"end":{"line":189,"column":94}},"59":{"start":{"line":190,"column":36},"end":{"line":192,"column":null}},"60":{"start":{"line":191,"column":12},"end":{"line":191,"column":null}},"61":{"start":{"line":195,"column":35},"end":{"line":195,"column":null}},"62":{"start":{"line":198,"column":10},"end":{"line":207,"column":null}},"63":{"start":{"line":198,"column":23},"end":{"line":198,"column":26}},"64":{"start":{"line":199,"column":36},"end":{"line":199,"column":null}},"65":{"start":{"line":200,"column":12},"end":{"line":206,"column":null}},"66":{"start":{"line":201,"column":30},"end":{"line":201,"column":null}},"67":{"start":{"line":202,"column":14},"end":{"line":205,"column":null}},"68":{"start":{"line":210,"column":51},"end":{"line":216,"column":null}},"69":{"start":{"line":218,"column":34},"end":{"line":222,"column":null}},"70":{"start":{"line":224,"column":10},"end":{"line":230,"column":null}},"71":{"start":{"line":225,"column":28},"end":{"line":225,"column":null}},"72":{"start":{"line":226,"column":12},"end":{"line":229,"column":null}},"73":{"start":{"line":234,"column":8},"end":{"line":236,"column":null}},"74":{"start":{"line":235,"column":10},"end":{"line":235,"column":null}},"75":{"start":{"line":238,"column":34},"end":{"line":238,"column":null}},"76":{"start":{"line":239,"column":8},"end":{"line":239,"column":null}},"77":{"start":{"line":241,"column":8},"end":{"line":243,"column":null}},"78":{"start":{"line":242,"column":10},"end":{"line":242,"column":null}},"79":{"start":{"line":247,"column":26},"end":{"line":249,"column":null}},"80":{"start":{"line":251,"column":4},"end":{"line":257,"column":null}},"81":{"start":{"line":268,"column":4},"end":{"line":364,"column":null}},"82":{"start":{"line":270,"column":23},"end":{"line":270,"column":null}},"83":{"start":{"line":271,"column":23},"end":{"line":271,"column":null}},"84":{"start":{"line":272,"column":41},"end":{"line":272,"column":null}},"85":{"start":{"line":274,"column":22},"end":{"line":279,"column":null}},"86":{"start":{"line":282,"column":6},"end":{"line":282,"column":null}},"87":{"start":{"line":283,"column":4},"end":{"line":364,"column":null}},"88":{"start":{"line":285,"column":6},"end":{"line":288,"column":null}},"89":{"start":{"line":286,"column":8},"end":{"line":286,"column":null}},"90":{"start":{"line":287,"column":8},"end":{"line":287,"column":null}},"91":{"start":{"line":290,"column":6},"end":{"line":363,"column":null}},"92":{"start":{"line":292,"column":27},"end":{"line":292,"column":null}},"93":{"start":{"line":293,"column":26},"end":{"line":293,"column":null}},"94":{"start":{"line":294,"column":26},"end":{"line":294,"column":null}},"95":{"start":{"line":294,"column":43},"end":{"line":294,"column":63}},"96":{"start":{"line":295,"column":24},"end":{"line":295,"column":null}},"97":{"start":{"line":297,"column":8},"end":{"line":359,"column":null}},"98":{"start":{"line":298,"column":27},"end":{"line":303,"column":null}},"99":{"start":{"line":305,"column":10},"end":{"line":305,"column":null}},"100":{"start":{"line":307,"column":10},"end":{"line":309,"column":null}},"101":{"start":{"line":308,"column":12},"end":{"line":308,"column":null}},"102":{"start":{"line":312,"column":32},"end":{"line":312,"column":null}},"103":{"start":{"line":313,"column":10},"end":{"line":315,"column":null}},"104":{"start":{"line":314,"column":12},"end":{"line":314,"column":null}},"105":{"start":{"line":317,"column":29},"end":{"line":317,"column":null}},"106":{"start":{"line":320,"column":10},"end":{"line":322,"column":null}},"107":{"start":{"line":321,"column":12},"end":{"line":321,"column":null}},"108":{"start":{"line":324,"column":27},"end":{"line":324,"column":null}},"109":{"start":{"line":327,"column":36},"end":{"line":329,"column":null}},"110":{"start":{"line":331,"column":24},"end":{"line":331,"column":null}},"111":{"start":{"line":332,"column":24},"end":{"line":332,"column":null}},"112":{"start":{"line":334,"column":10},"end":{"line":351,"column":null}},"113":{"start":{"line":335,"column":29},"end":{"line":335,"column":null}},"114":{"start":{"line":336,"column":31},"end":{"line":336,"column":null}},"115":{"start":{"line":338,"column":28},"end":{"line":346,"column":null}},"116":{"start":{"line":350,"column":12},"end":{"line":350,"column":null}},"117":{"start":{"line":353,"column":10},"end":{"line":353,"column":null}},"118":{"start":{"line":354,"column":10},"end":{"line":358,"column":null}},"119":{"start":{"line":355,"column":12},"end":{"line":355,"column":null}},"120":{"start":{"line":357,"column":12},"end":{"line":357,"column":null}},"121":{"start":{"line":361,"column":8},"end":{"line":361,"column":null}},"122":{"start":{"line":365,"column":4},"end":{"line":365,"column":null}},"123":{"start":{"line":372,"column":48},"end":{"line":387,"column":null}},"124":{"start":{"line":388,"column":4},"end":{"line":388,"column":null}},"125":{"start":{"line":400,"column":26},"end":{"line":400,"column":null}},"126":{"start":{"line":401,"column":19},"end":{"line":401,"column":null}},"127":{"start":{"line":403,"column":98},"end":{"line":413,"column":null}},"128":{"start":{"line":415,"column":4},"end":{"line":415,"column":null}},"129":{"start":{"line":429,"column":26},"end":{"line":429,"column":null}},"130":{"start":{"line":430,"column":19},"end":{"line":430,"column":null}},"131":{"start":{"line":433,"column":17},"end":{"line":433,"column":null}},"132":{"start":{"line":434,"column":17},"end":{"line":434,"column":null}},"133":{"start":{"line":436,"column":64},"end":{"line":446,"column":null}},"134":{"start":{"line":448,"column":16},"end":{"line":448,"column":null}},"135":{"start":{"line":451,"column":4},"end":{"line":454,"column":null}},"136":{"start":{"line":461,"column":4},"end":{"line":466,"column":null}},"137":{"start":{"line":473,"column":4},"end":{"line":475,"column":null}},"138":{"start":{"line":474,"column":6},"end":{"line":474,"column":null}},"139":{"start":{"line":477,"column":27},"end":{"line":477,"column":null}},"140":{"start":{"line":480,"column":4},"end":{"line":485,"column":null}},"141":{"start":{"line":481,"column":6},"end":{"line":481,"column":null}},"142":{"start":{"line":483,"column":6},"end":{"line":483,"column":null}},"143":{"start":{"line":484,"column":6},"end":{"line":484,"column":null}},"144":{"start":{"line":488,"column":4},"end":{"line":490,"column":null}},"145":{"start":{"line":489,"column":6},"end":{"line":489,"column":null}},"146":{"start":{"line":493,"column":4},"end":{"line":495,"column":null}},"147":{"start":{"line":494,"column":6},"end":{"line":494,"column":null}},"148":{"start":{"line":498,"column":4},"end":{"line":501,"column":null}},"149":{"start":{"line":500,"column":6},"end":{"line":500,"column":null}},"150":{"start":{"line":504,"column":4},"end":{"line":512,"column":null}},"151":{"start":{"line":505,"column":6},"end":{"line":508,"column":null}},"152":{"start":{"line":507,"column":8},"end":{"line":507,"column":null}},"153":{"start":{"line":509,"column":6},"end":{"line":511,"column":null}},"154":{"start":{"line":510,"column":8},"end":{"line":510,"column":null}},"155":{"start":{"line":514,"column":4},"end":{"line":514,"column":null}},"156":{"start":{"line":521,"column":27},"end":{"line":526,"column":null}},"157":{"start":{"line":528,"column":4},"end":{"line":528,"column":null}},"158":{"start":{"line":536,"column":16},"end":{"line":536,"column":null}},"159":{"start":{"line":539,"column":4},"end":{"line":543,"column":null}},"160":{"start":{"line":540,"column":6},"end":{"line":540,"column":null}},"161":{"start":{"line":542,"column":6},"end":{"line":542,"column":null}},"162":{"start":{"line":545,"column":27},"end":{"line":549,"column":null}},"163":{"start":{"line":551,"column":4},"end":{"line":551,"column":null}}},"fnMap":{"0":{"name":"(anonymous_0)","decl":{"start":{"line":47,"column":2},"end":{"line":47,"column":14}},"loc":{"start":{"line":47,"column":30},"end":{"line":49,"column":null}},"line":47},"1":{"name":"(anonymous_1)","decl":{"start":{"line":54,"column":10},"end":{"line":54,"column":25}},"loc":{"start":{"line":54,"column":47},"end":{"line":103,"column":null}},"line":54},"2":{"name":"(anonymous_2)","decl":{"start":{"line":89,"column":44},"end":{"line":89,"column":55}},"loc":{"start":{"line":89,"column":55},"end":{"line":92,"column":9}},"line":89},"3":{"name":"(anonymous_3)","decl":{"start":{"line":105,"column":8},"end":{"line":105,"column":16}},"loc":{"start":{"line":105,"column":109},"end":{"line":258,"column":null}},"line":105},"4":{"name":"(anonymous_4)","decl":{"start":{"line":185,"column":65},"end":{"line":185,"column":70}},"loc":{"start":{"line":185,"column":70},"end":{"line":185,"column":89}},"line":185},"5":{"name":"(anonymous_5)","decl":{"start":{"line":189,"column":70},"end":{"line":189,"column":75}},"loc":{"start":{"line":189,"column":75},"end":{"line":189,"column":94}},"line":189},"6":{"name":"(anonymous_6)","decl":{"start":{"line":190,"column":58},"end":{"line":190,"column":null}},"loc":{"start":{"line":191,"column":12},"end":{"line":191,"column":null}},"line":191},"7":{"name":"(anonymous_7)","decl":{"start":{"line":263,"column":16},"end":{"line":263,"column":null}},"loc":{"start":{"line":267,"column":28},"end":{"line":366,"column":null}},"line":267},"8":{"name":"(anonymous_8)","decl":{"start":{"line":294,"column":37},"end":{"line":294,"column":43}},"loc":{"start":{"line":294,"column":43},"end":{"line":294,"column":63}},"line":294},"9":{"name":"(anonymous_9)","decl":{"start":{"line":371,"column":10},"end":{"line":371,"column":28}},"loc":{"start":{"line":371,"column":54},"end":{"line":389,"column":null}},"line":371},"10":{"name":"(anonymous_10)","decl":{"start":{"line":394,"column":10},"end":{"line":394,"column":null}},"loc":{"start":{"line":399,"column":64},"end":{"line":416,"column":null}},"line":399},"11":{"name":"(anonymous_11)","decl":{"start":{"line":421,"column":10},"end":{"line":421,"column":null}},"loc":{"start":{"line":428,"column":30},"end":{"line":455,"column":null}},"line":428},"12":{"name":"(anonymous_12)","decl":{"start":{"line":460,"column":10},"end":{"line":460,"column":20}},"loc":{"start":{"line":460,"column":42},"end":{"line":467,"column":null}},"line":460},"13":{"name":"(anonymous_13)","decl":{"start":{"line":472,"column":10},"end":{"line":472,"column":23}},"loc":{"start":{"line":472,"column":42},"end":{"line":515,"column":null}},"line":472},"14":{"name":"(anonymous_14)","decl":{"start":{"line":504,"column":33},"end":{"line":504,"column":34}},"loc":{"start":{"line":504,"column":42},"end":{"line":512,"column":5}},"line":504},"15":{"name":"(anonymous_15)","decl":{"start":{"line":520,"column":16},"end":{"line":520,"column":44}},"loc":{"start":{"line":520,"column":88},"end":{"line":529,"column":null}},"line":520},"16":{"name":"(anonymous_16)","decl":{"start":{"line":535,"column":16},"end":{"line":535,"column":33}},"loc":{"start":{"line":535,"column":82},"end":{"line":552,"column":null}},"line":535}},"branchMap":{"0":{"loc":{"start":{"line":60,"column":23},"end":{"line":60,"column":null}},"type":"binary-expr","locations":[{"start":{"line":60,"column":23},"end":{"line":60,"column":60}},{"start":{"line":60,"column":60},"end":{"line":60,"column":null}}],"line":60},"1":{"loc":{"start":{"line":63,"column":8},"end":{"line":63,"column":null}},"type":"cond-expr","locations":[{"start":{"line":63,"column":19},"end":{"line":63,"column":48}},{"start":{"line":63,"column":48},"end":{"line":63,"column":null}}],"line":63},"2":{"loc":{"start":{"line":67,"column":6},"end":{"line":69,"column":null}},"type":"if","locations":[{"start":{"line":67,"column":6},"end":{"line":69,"column":null}},{"start":{},"end":{}}],"line":67},"3":{"loc":{"start":{"line":73,"column":26},"end":{"line":73,"column":null}},"type":"binary-expr","locations":[{"start":{"line":73,"column":26},"end":{"line":73,"column":54}},{"start":{"line":73,"column":54},"end":{"line":73,"column":82}},{"start":{"line":73,"column":82},"end":{"line":73,"column":null}}],"line":73},"4":{"loc":{"start":{"line":75,"column":8},"end":{"line":80,"column":null}},"type":"binary-expr","locations":[{"start":{"line":75,"column":8},"end":{"line":75,"column":null}},{"start":{"line":76,"column":8},"end":{"line":76,"column":null}},{"start":{"line":77,"column":9},"end":{"line":77,"column":null}},{"start":{"line":78,"column":9},"end":{"line":78,"column":null}},{"start":{"line":79,"column":9},"end":{"line":79,"column":null}},{"start":{"line":80,"column":8},"end":{"line":80,"column":null}}],"line":75},"5":{"loc":{"start":{"line":82,"column":6},"end":{"line":85,"column":null}},"type":"if","locations":[{"start":{"line":82,"column":6},"end":{"line":85,"column":null}},{"start":{},"end":{}}],"line":82},"6":{"loc":{"start":{"line":82,"column":10},"end":{"line":82,"column":38}},"type":"binary-expr","locations":[{"start":{"line":82,"column":10},"end":{"line":82,"column":25}},{"start":{"line":82,"column":25},"end":{"line":82,"column":38}}],"line":82},"7":{"loc":{"start":{"line":88,"column":6},"end":{"line":97,"column":null}},"type":"if","locations":[{"start":{"line":88,"column":6},"end":{"line":97,"column":null}},{"start":{},"end":{}}],"line":88},"8":{"loc":{"start":{"line":91,"column":17},"end":{"line":91,"column":null}},"type":"binary-expr","locations":[{"start":{"line":91,"column":17},"end":{"line":91,"column":49}},{"start":{"line":91,"column":49},"end":{"line":91,"column":null}}],"line":91},"9":{"loc":{"start":{"line":93,"column":8},"end":{"line":96,"column":null}},"type":"if","locations":[{"start":{"line":93,"column":8},"end":{"line":96,"column":null}},{"start":{},"end":{}}],"line":93},"10":{"loc":{"start":{"line":111,"column":4},"end":{"line":119,"column":null}},"type":"if","locations":[{"start":{"line":111,"column":4},"end":{"line":119,"column":null}},{"start":{},"end":{}}],"line":111},"11":{"loc":{"start":{"line":123,"column":4},"end":{"line":129,"column":null}},"type":"if","locations":[{"start":{"line":123,"column":4},"end":{"line":129,"column":null}},{"start":{"line":126,"column":11},"end":{"line":129,"column":null}}],"line":123},"12":{"loc":{"start":{"line":123,"column":8},"end":{"line":123,"column":65}},"type":"binary-expr","locations":[{"start":{"line":123,"column":8},"end":{"line":123,"column":35}},{"start":{"line":123,"column":35},"end":{"line":123,"column":65}}],"line":123},"13":{"loc":{"start":{"line":135,"column":31},"end":{"line":135,"column":68}},"type":"binary-expr","locations":[{"start":{"line":135,"column":31},"end":{"line":135,"column":61}},{"start":{"line":135,"column":61},"end":{"line":135,"column":68}}],"line":135},"14":{"loc":{"start":{"line":153,"column":36},"end":{"line":153,"column":76}},"type":"binary-expr","locations":[{"start":{"line":153,"column":36},"end":{"line":153,"column":68}},{"start":{"line":153,"column":68},"end":{"line":153,"column":76}}],"line":153},"15":{"loc":{"start":{"line":154,"column":23},"end":{"line":154,"column":null}},"type":"binary-expr","locations":[{"start":{"line":154,"column":23},"end":{"line":154,"column":40}},{"start":{"line":154,"column":40},"end":{"line":154,"column":null}}],"line":154},"16":{"loc":{"start":{"line":155,"column":24},"end":{"line":155,"column":null}},"type":"binary-expr","locations":[{"start":{"line":155,"column":24},"end":{"line":155,"column":42}},{"start":{"line":155,"column":42},"end":{"line":155,"column":null}}],"line":155},"17":{"loc":{"start":{"line":157,"column":4},"end":{"line":161,"column":null}},"type":"if","locations":[{"start":{"line":157,"column":4},"end":{"line":161,"column":null}},{"start":{},"end":{}}],"line":157},"18":{"loc":{"start":{"line":157,"column":8},"end":{"line":157,"column":73}},"type":"binary-expr","locations":[{"start":{"line":157,"column":8},"end":{"line":157,"column":41}},{"start":{"line":157,"column":41},"end":{"line":157,"column":73}}],"line":157},"19":{"loc":{"start":{"line":170,"column":4},"end":{"line":245,"column":null}},"type":"if","locations":[{"start":{"line":170,"column":4},"end":{"line":245,"column":null}},{"start":{},"end":{}}],"line":170},"20":{"loc":{"start":{"line":176,"column":6},"end":{"line":244,"column":null}},"type":"if","locations":[{"start":{"line":176,"column":6},"end":{"line":244,"column":null}},{"start":{"line":178,"column":13},"end":{"line":244,"column":null}}],"line":176},"21":{"loc":{"start":{"line":176,"column":10},"end":{"line":176,"column":58}},"type":"binary-expr","locations":[{"start":{"line":176,"column":10},"end":{"line":176,"column":20}},{"start":{"line":176,"column":20},"end":{"line":176,"column":31}},{"start":{"line":176,"column":31},"end":{"line":176,"column":45}},{"start":{"line":176,"column":45},"end":{"line":176,"column":58}}],"line":176},"22":{"loc":{"start":{"line":184,"column":8},"end":{"line":231,"column":null}},"type":"if","locations":[{"start":{"line":184,"column":8},"end":{"line":231,"column":null}},{"start":{"line":208,"column":15},"end":{"line":231,"column":null}}],"line":184},"23":{"loc":{"start":{"line":184,"column":12},"end":{"line":184,"column":85}},"type":"binary-expr","locations":[{"start":{"line":184,"column":12},"end":{"line":184,"column":42}},{"start":{"line":184,"column":42},"end":{"line":184,"column":85}}],"line":184},"24":{"loc":{"start":{"line":200,"column":12},"end":{"line":206,"column":null}},"type":"if","locations":[{"start":{"line":200,"column":12},"end":{"line":206,"column":null}},{"start":{},"end":{}}],"line":200},"25":{"loc":{"start":{"line":211,"column":18},"end":{"line":211,"column":null}},"type":"binary-expr","locations":[{"start":{"line":211,"column":18},"end":{"line":211,"column":42}},{"start":{"line":211,"column":42},"end":{"line":211,"column":null}}],"line":211},"26":{"loc":{"start":{"line":214,"column":21},"end":{"line":214,"column":null}},"type":"binary-expr","locations":[{"start":{"line":214,"column":21},"end":{"line":214,"column":48}},{"start":{"line":214,"column":48},"end":{"line":214,"column":null}}],"line":214},"27":{"loc":{"start":{"line":215,"column":22},"end":{"line":215,"column":null}},"type":"binary-expr","locations":[{"start":{"line":215,"column":22},"end":{"line":215,"column":50}},{"start":{"line":215,"column":50},"end":{"line":215,"column":null}}],"line":215},"28":{"loc":{"start":{"line":224,"column":10},"end":{"line":230,"column":null}},"type":"if","locations":[{"start":{"line":224,"column":10},"end":{"line":230,"column":null}},{"start":{},"end":{}}],"line":224},"29":{"loc":{"start":{"line":234,"column":8},"end":{"line":236,"column":null}},"type":"if","locations":[{"start":{"line":234,"column":8},"end":{"line":236,"column":null}},{"start":{},"end":{}}],"line":234},"30":{"loc":{"start":{"line":241,"column":8},"end":{"line":243,"column":null}},"type":"if","locations":[{"start":{"line":241,"column":8},"end":{"line":243,"column":null}},{"start":{},"end":{}}],"line":241},"31":{"loc":{"start":{"line":268,"column":4},"end":{"line":364,"column":null}},"type":"if","locations":[{"start":{"line":268,"column":4},"end":{"line":364,"column":null}},{"start":{"line":283,"column":4},"end":{"line":364,"column":null}}],"line":268},"32":{"loc":{"start":{"line":268,"column":8},"end":{"line":268,"column":53}},"type":"binary-expr","locations":[{"start":{"line":268,"column":8},"end":{"line":268,"column":37}},{"start":{"line":268,"column":37},"end":{"line":268,"column":53}}],"line":268},"33":{"loc":{"start":{"line":271,"column":23},"end":{"line":271,"column":null}},"type":"binary-expr","locations":[{"start":{"line":271,"column":23},"end":{"line":271,"column":41}},{"start":{"line":271,"column":41},"end":{"line":271,"column":null}}],"line":271},"34":{"loc":{"start":{"line":283,"column":4},"end":{"line":364,"column":null}},"type":"if","locations":[{"start":{"line":283,"column":4},"end":{"line":364,"column":null}},{"start":{},"end":{}}],"line":283},"35":{"loc":{"start":{"line":283,"column":15},"end":{"line":283,"column":63}},"type":"binary-expr","locations":[{"start":{"line":283,"column":15},"end":{"line":283,"column":44}},{"start":{"line":283,"column":44},"end":{"line":283,"column":63}}],"line":283},"36":{"loc":{"start":{"line":285,"column":6},"end":{"line":288,"column":null}},"type":"if","locations":[{"start":{"line":285,"column":6},"end":{"line":288,"column":null}},{"start":{},"end":{}}],"line":285},"37":{"loc":{"start":{"line":307,"column":10},"end":{"line":309,"column":null}},"type":"if","locations":[{"start":{"line":307,"column":10},"end":{"line":309,"column":null}},{"start":{},"end":{}}],"line":307},"38":{"loc":{"start":{"line":313,"column":10},"end":{"line":315,"column":null}},"type":"if","locations":[{"start":{"line":313,"column":10},"end":{"line":315,"column":null}},{"start":{},"end":{}}],"line":313},"39":{"loc":{"start":{"line":313,"column":14},"end":{"line":313,"column":66}},"type":"binary-expr","locations":[{"start":{"line":313,"column":14},"end":{"line":313,"column":31}},{"start":{"line":313,"column":31},"end":{"line":313,"column":66}}],"line":313},"40":{"loc":{"start":{"line":320,"column":10},"end":{"line":322,"column":null}},"type":"if","locations":[{"start":{"line":320,"column":10},"end":{"line":322,"column":null}},{"start":{},"end":{}}],"line":320},"41":{"loc":{"start":{"line":324,"column":27},"end":{"line":324,"column":null}},"type":"binary-expr","locations":[{"start":{"line":324,"column":27},"end":{"line":324,"column":45}},{"start":{"line":324,"column":45},"end":{"line":324,"column":null}}],"line":324},"42":{"loc":{"start":{"line":334,"column":10},"end":{"line":351,"column":null}},"type":"if","locations":[{"start":{"line":334,"column":10},"end":{"line":351,"column":null}},{"start":{},"end":{}}],"line":334},"43":{"loc":{"start":{"line":334,"column":14},"end":{"line":334,"column":30}},"type":"binary-expr","locations":[{"start":{"line":334,"column":14},"end":{"line":334,"column":23}},{"start":{"line":334,"column":23},"end":{"line":334,"column":30}}],"line":334},"44":{"loc":{"start":{"line":354,"column":10},"end":{"line":358,"column":null}},"type":"if","locations":[{"start":{"line":354,"column":10},"end":{"line":358,"column":null}},{"start":{"line":356,"column":17},"end":{"line":358,"column":null}}],"line":354},"45":{"loc":{"start":{"line":361,"column":84},"end":{"line":361,"column":98}},"type":"binary-expr","locations":[{"start":{"line":361,"column":84},"end":{"line":361,"column":97}},{"start":{"line":361,"column":97},"end":{"line":361,"column":98}}],"line":361},"46":{"loc":{"start":{"line":388,"column":11},"end":{"line":388,"column":null}},"type":"binary-expr","locations":[{"start":{"line":388,"column":11},"end":{"line":388,"column":36}},{"start":{"line":388,"column":36},"end":{"line":388,"column":null}}],"line":388},"47":{"loc":{"start":{"line":400,"column":26},"end":{"line":400,"column":null}},"type":"cond-expr","locations":[{"start":{"line":400,"column":55},"end":{"line":400,"column":76}},{"start":{"line":400,"column":76},"end":{"line":400,"column":null}}],"line":400},"48":{"loc":{"start":{"line":415,"column":11},"end":{"line":415,"column":null}},"type":"binary-expr","locations":[{"start":{"line":415,"column":11},"end":{"line":415,"column":34}},{"start":{"line":415,"column":34},"end":{"line":415,"column":null}}],"line":415},"49":{"loc":{"start":{"line":429,"column":26},"end":{"line":429,"column":null}},"type":"cond-expr","locations":[{"start":{"line":429,"column":55},"end":{"line":429,"column":76}},{"start":{"line":429,"column":76},"end":{"line":429,"column":null}}],"line":429},"50":{"loc":{"start":{"line":448,"column":16},"end":{"line":448,"column":null}},"type":"binary-expr","locations":[{"start":{"line":448,"column":16},"end":{"line":448,"column":39}},{"start":{"line":448,"column":39},"end":{"line":448,"column":null}}],"line":448},"51":{"loc":{"start":{"line":473,"column":4},"end":{"line":475,"column":null}},"type":"if","locations":[{"start":{"line":473,"column":4},"end":{"line":475,"column":null}},{"start":{},"end":{}}],"line":473},"52":{"loc":{"start":{"line":473,"column":8},"end":{"line":473,"column":49}},"type":"binary-expr","locations":[{"start":{"line":473,"column":8},"end":{"line":473,"column":20}},{"start":{"line":473,"column":20},"end":{"line":473,"column":49}}],"line":473},"53":{"loc":{"start":{"line":480,"column":4},"end":{"line":485,"column":null}},"type":"if","locations":[{"start":{"line":480,"column":4},"end":{"line":485,"column":null}},{"start":{},"end":{}}],"line":480},"54":{"loc":{"start":{"line":488,"column":4},"end":{"line":490,"column":null}},"type":"if","locations":[{"start":{"line":488,"column":4},"end":{"line":490,"column":null}},{"start":{},"end":{}}],"line":488},"55":{"loc":{"start":{"line":493,"column":4},"end":{"line":495,"column":null}},"type":"if","locations":[{"start":{"line":493,"column":4},"end":{"line":495,"column":null}},{"start":{},"end":{}}],"line":493},"56":{"loc":{"start":{"line":498,"column":4},"end":{"line":501,"column":null}},"type":"if","locations":[{"start":{"line":498,"column":4},"end":{"line":501,"column":null}},{"start":{},"end":{}}],"line":498},"57":{"loc":{"start":{"line":505,"column":6},"end":{"line":508,"column":null}},"type":"if","locations":[{"start":{"line":505,"column":6},"end":{"line":508,"column":null}},{"start":{},"end":{}}],"line":505},"58":{"loc":{"start":{"line":505,"column":10},"end":{"line":505,"column":87}},"type":"binary-expr","locations":[{"start":{"line":505,"column":10},"end":{"line":505,"column":47}},{"start":{"line":505,"column":47},"end":{"line":505,"column":87}}],"line":505},"59":{"loc":{"start":{"line":509,"column":6},"end":{"line":511,"column":null}},"type":"if","locations":[{"start":{"line":509,"column":6},"end":{"line":511,"column":null}},{"start":{},"end":{}}],"line":509},"60":{"loc":{"start":{"line":539,"column":4},"end":{"line":543,"column":null}},"type":"if","locations":[{"start":{"line":539,"column":4},"end":{"line":543,"column":null}},{"start":{"line":541,"column":11},"end":{"line":543,"column":null}}],"line":539},"61":{"loc":{"start":{"line":539,"column":8},"end":{"line":539,"column":65}},"type":"binary-expr","locations":[{"start":{"line":539,"column":8},"end":{"line":539,"column":35}},{"start":{"line":539,"column":35},"end":{"line":539,"column":65}}],"line":539}},"s":{"0":46,"1":20,"2":20,"3":20,"4":20,"5":20,"6":20,"7":2,"8":17,"9":17,"10":20,"11":20,"12":8,"13":8,"14":9,"15":0,"16":0,"17":0,"18":0,"19":0,"20":0,"21":9,"22":1,"23":37,"24":37,"25":37,"26":6,"27":6,"28":6,"29":1,"30":37,"31":1,"32":36,"33":37,"34":37,"35":37,"36":37,"37":37,"38":37,"39":37,"40":37,"41":7,"42":7,"43":7,"44":37,"45":37,"46":30,"47":30,"48":30,"49":30,"50":0,"51":30,"52":30,"53":30,"54":29,"55":31,"56":29,"57":29,"58":31,"59":29,"60":30,"61":29,"62":29,"63":29,"64":30,"65":30,"66":17,"67":17,"68":1,"69":1,"70":1,"71":1,"72":1,"73":30,"74":17,"75":30,"76":30,"77":30,"78":0,"79":37,"80":37,"81":31,"82":18,"83":18,"84":18,"85":18,"86":18,"87":13,"88":13,"89":5,"90":5,"91":8,"92":8,"93":8,"94":8,"95":0,"96":8,"97":8,"98":8,"99":6,"100":6,"101":1,"102":5,"103":5,"104":2,"105":3,"106":3,"107":1,"108":2,"109":13,"110":1,"111":1,"112":1,"113":0,"114":0,"115":0,"116":0,"117":7,"118":7,"119":0,"120":7,"121":7,"122":8,"123":27,"124":27,"125":18,"126":18,"127":18,"128":18,"129":0,"130":0,"131":0,"132":0,"133":0,"134":0,"135":0,"136":24,"137":7,"138":0,"139":7,"140":7,"141":7,"142":7,"143":7,"144":7,"145":1,"146":7,"147":0,"148":7,"149":6,"150":7,"151":14,"152":6,"153":8,"154":0,"155":7,"156":37,"157":37,"158":0,"159":0,"160":0,"161":0,"162":0,"163":0},"f":{"0":46,"1":20,"2":0,"3":37,"4":31,"5":31,"6":30,"7":31,"8":0,"9":27,"10":18,"11":0,"12":24,"13":7,"14":14,"15":37,"16":0},"b":{"0":[20,19],"1":[0,19],"2":[2,18],"3":[17,15,15],"4":[20,15,14,2,2,12],"5":[8,12],"6":[20,15],"7":[0,9],"8":[0,0],"9":[0,0],"10":[6,31],"11":[1,36],"12":[37,36],"13":[37,37],"14":[37,37],"15":[37,1],"16":[37,1],"17":[7,30],"18":[37,30],"19":[30,7],"20":[0,30],"21":[30,30,30,30],"22":[29,1],"23":[30,29],"24":[17,13],"25":[1,0],"26":[1,0],"27":[1,0],"28":[1,0],"29":[17,13],"30":[0,30],"31":[18,13],"32":[31,18],"33":[18,17],"34":[13,0],"35":[13,13],"36":[5,8],"37":[1,5],"38":[2,3],"39":[5,5],"40":[1,2],"41":[2,2],"42":[0,1],"43":[1,0],"44":[0,7],"45":[7,0],"46":[27,1],"47":[1,17],"48":[18,1],"49":[0,0],"50":[0,0],"51":[0,7],"52":[7,7],"53":[7,0],"54":[1,6],"55":[0,7],"56":[6,1],"57":[6,8],"58":[14,8],"59":[0,8],"60":[0,0],"61":[0,0]},"meta":{"lastBranch":62,"lastFunction":17,"lastStatement":164,"seen":{"f:47:2:47:14":0,"s:48:4:48:Infinity":0,"f:54:10:54:25":1,"s:55:4:102:Infinity":1,"s:56:21:56:Infinity":2,"s:57:31:57:Infinity":3,"s:60:23:60:Infinity":4,"b:60:23:60:60:60:60:60:Infinity":0,"s:61:27:64:Infinity":5,"b:63:19:63:48:63:48:63:Infinity":1,"b:67:6:69:Infinity:undefined:undefined:undefined:undefined":2,"s:67:6:69:Infinity":6,"s:68:8:68:Infinity":7,"s:72:23:72:Infinity":8,"s:73:26:73:Infinity":9,"b:73:26:73:54:73:54:73:82:73:82:73:Infinity":3,"s:75:8:80:Infinity":10,"b:75:8:75:Infinity:76:8:76:Infinity:77:9:77:Infinity:78:9:78:Infinity:79:9:79:Infinity:80:8:80:Infinity":4,"b:82:6:85:Infinity:undefined:undefined:undefined:undefined":5,"s:82:6:85:Infinity":11,"b:82:10:82:25:82:25:82:38":6,"s:83:8:83:Infinity":12,"s:84:8:84:Infinity":13,"b:88:6:97:Infinity:undefined:undefined:undefined:undefined":7,"s:88:6:97:Infinity":14,"s:89:26:92:Infinity":15,"f:89:44:89:55":2,"s:90:34:90:Infinity":16,"s:91:10:91:Infinity":17,"b:91:17:91:49:91:49:91:Infinity":8,"b:93:8:96:Infinity:undefined:undefined:undefined:undefined":9,"s:93:8:96:Infinity":18,"s:94:10:94:Infinity":19,"s:95:10:95:Infinity":20,"s:99:6:99:Infinity":21,"s:101:6:101:Infinity":22,"f:105:8:105:16":3,"s:107:29:107:Infinity":23,"s:110:15:110:Infinity":24,"b:111:4:119:Infinity:undefined:undefined:undefined:undefined":10,"s:111:4:119:Infinity":25,"s:112:6:118:Infinity":26,"s:113:14:113:Infinity":27,"s:115:8:115:Infinity":28,"s:117:8:117:Infinity":29,"b:123:4:129:Infinity:126:11:129:Infinity":11,"s:123:4:129:Infinity":30,"b:123:8:123:35:123:35:123:65":12,"s:125:6:125:Infinity":31,"s:128:6:128:Infinity":32,"s:130:21:130:Infinity":33,"s:135:22:135:Infinity":34,"b:135:31:135:61:135:61:135:68":13,"s:136:36:145:Infinity":35,"s:149:61:149:Infinity":36,"s:153:27:153:Infinity":37,"b:153:36:153:68:153:68:153:76":14,"s:154:23:154:Infinity":38,"b:154:23:154:40:154:40:154:Infinity":15,"s:155:24:155:Infinity":39,"b:155:24:155:42:155:42:155:Infinity":16,"b:157:4:161:Infinity:undefined:undefined:undefined:undefined":17,"s:157:4:161:Infinity":40,"b:157:8:157:41:157:41:157:73":18,"s:158:20:158:Infinity":41,"s:159:6:159:Infinity":42,"s:160:6:160:Infinity":43,"s:165:26:167:Infinity":44,"b:170:4:245:Infinity:undefined:undefined:undefined:undefined":19,"s:170:4:245:Infinity":45,"s:171:33:171:Infinity":46,"s:172:20:172:Infinity":47,"s:173:21:173:Infinity":48,"b:176:6:244:Infinity:178:13:244:Infinity":20,"s:176:6:244:Infinity":49,"b:176:10:176:20:176:20:176:31:176:31:176:45:176:45:176:58":21,"s:177:8:177:Infinity":50,"s:179:8:179:Infinity":51,"s:181:70:181:Infinity":52,"b:184:8:231:Infinity:208:15:231:Infinity":22,"s:184:8:231:Infinity":53,"b:184:12:184:42:184:42:184:85":23,"s:185:31:185:Infinity":54,"f:185:65:185:70":4,"s:185:70:185:89":55,"s:186:10:186:Infinity":56,"s:189:36:189:Infinity":57,"f:189:70:189:75":5,"s:189:75:189:94":58,"s:190:36:192:Infinity":59,"f:190:58:190:Infinity":6,"s:191:12:191:Infinity":60,"s:195:35:195:Infinity":61,"s:198:10:207:Infinity":62,"s:198:23:198:26":63,"s:199:36:199:Infinity":64,"b:200:12:206:Infinity:undefined:undefined:undefined:undefined":24,"s:200:12:206:Infinity":65,"s:201:30:201:Infinity":66,"s:202:14:205:Infinity":67,"s:210:51:216:Infinity":68,"b:211:18:211:42:211:42:211:Infinity":25,"b:214:21:214:48:214:48:214:Infinity":26,"b:215:22:215:50:215:50:215:Infinity":27,"s:218:34:222:Infinity":69,"b:224:10:230:Infinity:undefined:undefined:undefined:undefined":28,"s:224:10:230:Infinity":70,"s:225:28:225:Infinity":71,"s:226:12:229:Infinity":72,"b:234:8:236:Infinity:undefined:undefined:undefined:undefined":29,"s:234:8:236:Infinity":73,"s:235:10:235:Infinity":74,"s:238:34:238:Infinity":75,"s:239:8:239:Infinity":76,"b:241:8:243:Infinity:undefined:undefined:undefined:undefined":30,"s:241:8:243:Infinity":77,"s:242:10:242:Infinity":78,"s:247:26:249:Infinity":79,"s:251:4:257:Infinity":80,"f:263:16:263:Infinity":7,"b:268:4:364:Infinity:283:4:364:Infinity":31,"s:268:4:364:Infinity":81,"b:268:8:268:37:268:37:268:53":32,"s:270:23:270:Infinity":82,"s:271:23:271:Infinity":83,"b:271:23:271:41:271:41:271:Infinity":33,"s:272:41:272:Infinity":84,"s:274:22:279:Infinity":85,"s:282:6:282:Infinity":86,"b:283:4:364:Infinity:undefined:undefined:undefined:undefined":34,"s:283:4:364:Infinity":87,"b:283:15:283:44:283:44:283:63":35,"b:285:6:288:Infinity:undefined:undefined:undefined:undefined":36,"s:285:6:288:Infinity":88,"s:286:8:286:Infinity":89,"s:287:8:287:Infinity":90,"s:290:6:363:Infinity":91,"s:292:27:292:Infinity":92,"s:293:26:293:Infinity":93,"s:294:26:294:Infinity":94,"f:294:37:294:43":8,"s:294:43:294:63":95,"s:295:24:295:Infinity":96,"s:297:8:359:Infinity":97,"s:298:27:303:Infinity":98,"s:305:10:305:Infinity":99,"b:307:10:309:Infinity:undefined:undefined:undefined:undefined":37,"s:307:10:309:Infinity":100,"s:308:12:308:Infinity":101,"s:312:32:312:Infinity":102,"b:313:10:315:Infinity:undefined:undefined:undefined:undefined":38,"s:313:10:315:Infinity":103,"b:313:14:313:31:313:31:313:66":39,"s:314:12:314:Infinity":104,"s:317:29:317:Infinity":105,"b:320:10:322:Infinity:undefined:undefined:undefined:undefined":40,"s:320:10:322:Infinity":106,"s:321:12:321:Infinity":107,"s:324:27:324:Infinity":108,"b:324:27:324:45:324:45:324:Infinity":41,"s:327:36:329:Infinity":109,"s:331:24:331:Infinity":110,"s:332:24:332:Infinity":111,"b:334:10:351:Infinity:undefined:undefined:undefined:undefined":42,"s:334:10:351:Infinity":112,"b:334:14:334:23:334:23:334:30":43,"s:335:29:335:Infinity":113,"s:336:31:336:Infinity":114,"s:338:28:346:Infinity":115,"s:350:12:350:Infinity":116,"s:353:10:353:Infinity":117,"b:354:10:358:Infinity:356:17:358:Infinity":44,"s:354:10:358:Infinity":118,"s:355:12:355:Infinity":119,"s:357:12:357:Infinity":120,"s:361:8:361:Infinity":121,"b:361:84:361:97:361:97:361:98":45,"s:365:4:365:Infinity":122,"f:371:10:371:28":9,"s:372:48:387:Infinity":123,"s:388:4:388:Infinity":124,"b:388:11:388:36:388:36:388:Infinity":46,"f:394:10:394:Infinity":10,"s:400:26:400:Infinity":125,"b:400:55:400:76:400:76:400:Infinity":47,"s:401:19:401:Infinity":126,"s:403:98:413:Infinity":127,"s:415:4:415:Infinity":128,"b:415:11:415:34:415:34:415:Infinity":48,"f:421:10:421:Infinity":11,"s:429:26:429:Infinity":129,"b:429:55:429:76:429:76:429:Infinity":49,"s:430:19:430:Infinity":130,"s:433:17:433:Infinity":131,"s:434:17:434:Infinity":132,"s:436:64:446:Infinity":133,"s:448:16:448:Infinity":134,"b:448:16:448:39:448:39:448:Infinity":50,"s:451:4:454:Infinity":135,"f:460:10:460:20":12,"s:461:4:466:Infinity":136,"f:472:10:472:23":13,"b:473:4:475:Infinity:undefined:undefined:undefined:undefined":51,"s:473:4:475:Infinity":137,"b:473:8:473:20:473:20:473:49":52,"s:474:6:474:Infinity":138,"s:477:27:477:Infinity":139,"b:480:4:485:Infinity:undefined:undefined:undefined:undefined":53,"s:480:4:485:Infinity":140,"s:481:6:481:Infinity":141,"s:483:6:483:Infinity":142,"s:484:6:484:Infinity":143,"b:488:4:490:Infinity:undefined:undefined:undefined:undefined":54,"s:488:4:490:Infinity":144,"s:489:6:489:Infinity":145,"b:493:4:495:Infinity:undefined:undefined:undefined:undefined":55,"s:493:4:495:Infinity":146,"s:494:6:494:Infinity":147,"b:498:4:501:Infinity:undefined:undefined:undefined:undefined":56,"s:498:4:501:Infinity":148,"s:500:6:500:Infinity":149,"s:504:4:512:Infinity":150,"f:504:33:504:34":14,"b:505:6:508:Infinity:undefined:undefined:undefined:undefined":57,"s:505:6:508:Infinity":151,"b:505:10:505:47:505:47:505:87":58,"s:507:8:507:Infinity":152,"b:509:6:511:Infinity:undefined:undefined:undefined:undefined":59,"s:509:6:511:Infinity":153,"s:510:8:510:Infinity":154,"s:514:4:514:Infinity":155,"f:520:16:520:44":15,"s:521:27:526:Infinity":156,"s:528:4:528:Infinity":157,"f:535:16:535:33":16,"s:536:16:536:Infinity":158,"b:539:4:543:Infinity:541:11:543:Infinity":60,"s:539:4:543:Infinity":159,"b:539:8:539:35:539:35:539:65":61,"s:540:6:540:Infinity":160,"s:542:6:542:Infinity":161,"s:545:27:549:Infinity":162,"s:551:4:551:Infinity":163}}}
,"/Users/apple/Documents/Project/PIS/services/worker/src/lib/album-cache.ts": {"path":"/Users/apple/Documents/Project/PIS/services/worker/src/lib/album-cache.ts","statementMap":{"0":{"start":{"line":15,"column":44},"end":{"line":15,"column":null}},"1":{"start":{"line":19,"column":4},"end":{"line":19,"column":null}},"2":{"start":{"line":22,"column":4},"end":{"line":24,"column":null}},"3":{"start":{"line":23,"column":6},"end":{"line":23,"column":null}},"4":{"start":{"line":28,"column":19},"end":{"line":28,"column":null}},"5":{"start":{"line":29,"column":4},"end":{"line":31,"column":null}},"6":{"start":{"line":30,"column":6},"end":{"line":30,"column":null}},"7":{"start":{"line":34,"column":4},"end":{"line":37,"column":null}},"8":{"start":{"line":35,"column":6},"end":{"line":35,"column":null}},"9":{"start":{"line":36,"column":6},"end":{"line":36,"column":null}},"10":{"start":{"line":39,"column":4},"end":{"line":39,"column":null}},"11":{"start":{"line":43,"column":4},"end":{"line":46,"column":null}},"12":{"start":{"line":50,"column":4},"end":{"line":50,"column":null}},"13":{"start":{"line":54,"column":4},"end":{"line":54,"column":null}},"14":{"start":{"line":58,"column":16},"end":{"line":58,"column":null}},"15":{"start":{"line":59,"column":4},"end":{"line":63,"column":null}},"16":{"start":{"line":60,"column":6},"end":{"line":62,"column":null}},"17":{"start":{"line":61,"column":8},"end":{"line":61,"column":null}},"18":{"start":{"line":67,"column":4},"end":{"line":67,"column":null}},"19":{"start":{"line":72,"column":44},"end":{"line":72,"column":null}},"20":{"start":{"line":75,"column":2},"end":{"line":78,"column":null}},"21":{"start":{"line":76,"column":16},"end":{"line":76,"column":null}},"22":{"start":{"line":77,"column":4},"end":{"line":77,"column":null}},"23":{"start":{"line":79,"column":2},"end":{"line":79,"column":null}},"24":{"start":{"line":83,"column":2},"end":{"line":85,"column":null}},"25":{"start":{"line":84,"column":4},"end":{"line":84,"column":null}}},"fnMap":{"0":{"name":"(anonymous_0)","decl":{"start":{"line":18,"column":2},"end":{"line":18,"column":14}},"loc":{"start":{"line":18,"column":38},"end":{"line":25,"column":null}},"line":18},"1":{"name":"(anonymous_1)","decl":{"start":{"line":22,"column":16},"end":{"line":22,"column":22}},"loc":{"start":{"line":22,"column":22},"end":{"line":24,"column":7}},"line":22},"2":{"name":"(anonymous_2)","decl":{"start":{"line":27,"column":2},"end":{"line":27,"column":6}},"loc":{"start":{"line":27,"column":43},"end":{"line":40,"column":null}},"line":27},"3":{"name":"(anonymous_3)","decl":{"start":{"line":42,"column":2},"end":{"line":42,"column":6}},"loc":{"start":{"line":42,"column":67},"end":{"line":47,"column":null}},"line":42},"4":{"name":"(anonymous_4)","decl":{"start":{"line":49,"column":2},"end":{"line":49,"column":9}},"loc":{"start":{"line":49,"column":32},"end":{"line":51,"column":null}},"line":49},"5":{"name":"(anonymous_5)","decl":{"start":{"line":53,"column":2},"end":{"line":53,"column":16}},"loc":{"start":{"line":53,"column":16},"end":{"line":55,"column":null}},"line":53},"6":{"name":"(anonymous_6)","decl":{"start":{"line":57,"column":10},"end":{"line":57,"column":26}},"loc":{"start":{"line":57,"column":26},"end":{"line":64,"column":null}},"line":57},"7":{"name":"(anonymous_7)","decl":{"start":{"line":66,"column":2},"end":{"line":66,"column":17}},"loc":{"start":{"line":66,"column":17},"end":{"line":68,"column":null}},"line":66},"8":{"name":"getAlbumCache","decl":{"start":{"line":74,"column":16},"end":{"line":74,"column":44}},"loc":{"start":{"line":74,"column":44},"end":{"line":80,"column":null}},"line":74},"9":{"name":"clearAlbumCache","decl":{"start":{"line":82,"column":16},"end":{"line":82,"column":40}},"loc":{"start":{"line":82,"column":40},"end":{"line":86,"column":null}},"line":82}},"branchMap":{"0":{"loc":{"start":{"line":18,"column":14},"end":{"line":18,"column":38}},"type":"default-arg","locations":[{"start":{"line":18,"column":30},"end":{"line":18,"column":38}}],"line":18},"1":{"loc":{"start":{"line":29,"column":4},"end":{"line":31,"column":null}},"type":"if","locations":[{"start":{"line":29,"column":4},"end":{"line":31,"column":null}},{"start":{},"end":{}}],"line":29},"2":{"loc":{"start":{"line":34,"column":4},"end":{"line":37,"column":null}},"type":"if","locations":[{"start":{"line":34,"column":4},"end":{"line":37,"column":null}},{"start":{},"end":{}}],"line":34},"3":{"loc":{"start":{"line":60,"column":6},"end":{"line":62,"column":null}},"type":"if","locations":[{"start":{"line":60,"column":6},"end":{"line":62,"column":null}},{"start":{},"end":{}}],"line":60},"4":{"loc":{"start":{"line":75,"column":2},"end":{"line":78,"column":null}},"type":"if","locations":[{"start":{"line":75,"column":2},"end":{"line":78,"column":null}},{"start":{},"end":{}}],"line":75},"5":{"loc":{"start":{"line":76,"column":25},"end":{"line":76,"column":67}},"type":"binary-expr","locations":[{"start":{"line":76,"column":25},"end":{"line":76,"column":59}},{"start":{"line":76,"column":59},"end":{"line":76,"column":67}}],"line":76},"6":{"loc":{"start":{"line":83,"column":2},"end":{"line":85,"column":null}},"type":"if","locations":[{"start":{"line":83,"column":2},"end":{"line":85,"column":null}},{"start":{},"end":{}}],"line":83}},"s":{"0":1,"1":1,"2":1,"3":0,"4":4,"5":4,"6":2,"7":2,"8":1,"9":1,"10":1,"11":8,"12":1,"13":14,"14":0,"15":0,"16":0,"17":0,"18":5,"19":1,"20":10,"21":1,"22":1,"23":10,"24":13,"25":13},"f":{"0":1,"1":0,"2":4,"3":8,"4":1,"5":14,"6":0,"7":5,"8":10,"9":13},"b":{"0":[1],"1":[2,2],"2":[1,1],"3":[0,0],"4":[1,9],"5":[1,1],"6":[13,0]},"meta":{"lastBranch":7,"lastFunction":10,"lastStatement":26,"seen":{"s:15:44:15:Infinity":0,"f:18:2:18:14":0,"b:18:30:18:38":0,"s:19:4:19:Infinity":1,"s:22:4:24:Infinity":2,"f:22:16:22:22":1,"s:23:6:23:Infinity":3,"f:27:2:27:6":2,"s:28:19:28:Infinity":4,"b:29:4:31:Infinity:undefined:undefined:undefined:undefined":1,"s:29:4:31:Infinity":5,"s:30:6:30:Infinity":6,"b:34:4:37:Infinity:undefined:undefined:undefined:undefined":2,"s:34:4:37:Infinity":7,"s:35:6:35:Infinity":8,"s:36:6:36:Infinity":9,"s:39:4:39:Infinity":10,"f:42:2:42:6":3,"s:43:4:46:Infinity":11,"f:49:2:49:9":4,"s:50:4:50:Infinity":12,"f:53:2:53:16":5,"s:54:4:54:Infinity":13,"f:57:10:57:26":6,"s:58:16:58:Infinity":14,"s:59:4:63:Infinity":15,"b:60:6:62:Infinity:undefined:undefined:undefined:undefined":3,"s:60:6:62:Infinity":16,"s:61:8:61:Infinity":17,"f:66:2:66:17":7,"s:67:4:67:Infinity":18,"s:72:44:72:Infinity":19,"f:74:16:74:44":8,"b:75:2:78:Infinity:undefined:undefined:undefined:undefined":4,"s:75:2:78:Infinity":20,"s:76:16:76:Infinity":21,"b:76:25:76:59:76:59:76:67":5,"s:77:4:77:Infinity":22,"s:79:2:79:Infinity":23,"f:82:16:82:40":9,"b:83:2:85:Infinity:undefined:undefined:undefined:undefined":6,"s:83:2:85:Infinity":24,"s:84:4:84:Infinity":25}}}
,"/Users/apple/Documents/Project/PIS/services/worker/src/lib/cloudflare-purge.ts": {"path":"/Users/apple/Documents/Project/PIS/services/worker/src/lib/cloudflare-purge.ts","statementMap":{"0":{"start":{"line":29,"column":37},"end":{"line":29,"column":null}},"1":{"start":{"line":32,"column":2},"end":{"line":40,"column":null}},"2":{"start":{"line":33,"column":4},"end":{"line":33,"column":null}},"3":{"start":{"line":34,"column":4},"end":{"line":39,"column":null}},"4":{"start":{"line":42,"column":2},"end":{"line":48,"column":null}},"5":{"start":{"line":43,"column":4},"end":{"line":47,"column":null}},"6":{"start":{"line":50,"column":2},"end":{"line":126,"column":null}},"7":{"start":{"line":52,"column":23},"end":{"line":52,"column":null}},"8":{"start":{"line":53,"column":32},"end":{"line":53,"column":null}},"9":{"start":{"line":55,"column":4},"end":{"line":57,"column":null}},"10":{"start":{"line":55,"column":17},"end":{"line":55,"column":20}},"11":{"start":{"line":56,"column":6},"end":{"line":56,"column":null}},"12":{"start":{"line":59,"column":33},"end":{"line":59,"column":null}},"13":{"start":{"line":60,"column":33},"end":{"line":60,"column":null}},"14":{"start":{"line":63,"column":4},"end":{"line":107,"column":null}},"15":{"start":{"line":64,"column":6},"end":{"line":101,"column":null}},"16":{"start":{"line":65,"column":25},"end":{"line":77,"column":null}},"17":{"start":{"line":79,"column":8},"end":{"line":97,"column":null}},"18":{"start":{"line":80,"column":28},"end":{"line":80,"column":null}},"19":{"start":{"line":80,"column":63},"end":{"line":80,"column":66}},"20":{"start":{"line":81,"column":10},"end":{"line":86,"column":null}},"21":{"start":{"line":87,"column":10},"end":{"line":87,"column":null}},"22":{"start":{"line":89,"column":26},"end":{"line":89,"column":null}},"23":{"start":{"line":90,"column":10},"end":{"line":96,"column":null}},"24":{"start":{"line":91,"column":12},"end":{"line":91,"column":null}},"25":{"start":{"line":92,"column":12},"end":{"line":92,"column":null}},"26":{"start":{"line":94,"column":12},"end":{"line":94,"column":null}},"27":{"start":{"line":95,"column":12},"end":{"line":95,"column":null}},"28":{"start":{"line":99,"column":8},"end":{"line":99,"column":null}},"29":{"start":{"line":100,"column":8},"end":{"line":100,"column":null}},"30":{"start":{"line":104,"column":6},"end":{"line":106,"column":null}},"31":{"start":{"line":105,"column":8},"end":{"line":105,"column":null}},"32":{"start":{"line":105,"column":37},"end":{"line":105,"column":61}},"33":{"start":{"line":109,"column":4},"end":{"line":116,"column":null}},"34":{"start":{"line":118,"column":25},"end":{"line":118,"column":null}},"35":{"start":{"line":119,"column":4},"end":{"line":119,"column":null}},"36":{"start":{"line":120,"column":4},"end":{"line":125,"column":null}},"37":{"start":{"line":137,"column":18},"end":{"line":137,"column":null}},"38":{"start":{"line":138,"column":14},"end":{"line":138,"column":null}},"39":{"start":{"line":139,"column":2},"end":{"line":139,"column":null}},"40":{"start":{"line":161,"column":25},"end":{"line":161,"column":null}},"41":{"start":{"line":164,"column":2},"end":{"line":166,"column":null}},"42":{"start":{"line":165,"column":4},"end":{"line":165,"column":null}},"43":{"start":{"line":167,"column":2},"end":{"line":169,"column":null}},"44":{"start":{"line":168,"column":4},"end":{"line":168,"column":null}},"45":{"start":{"line":170,"column":2},"end":{"line":172,"column":null}},"46":{"start":{"line":171,"column":4},"end":{"line":171,"column":null}},"47":{"start":{"line":174,"column":2},"end":{"line":180,"column":null}},"48":{"start":{"line":175,"column":4},"end":{"line":179,"column":null}},"49":{"start":{"line":183,"column":22},"end":{"line":183,"column":null}},"50":{"start":{"line":184,"column":24},"end":{"line":184,"column":null}},"51":{"start":{"line":186,"column":2},"end":{"line":190,"column":null}}},"fnMap":{"0":{"name":"purgeCloudflareCache","decl":{"start":{"line":26,"column":22},"end":{"line":26,"column":null}},"loc":{"start":{"line":28,"column":29},"end":{"line":127,"column":null}},"line":28},"1":{"name":"(anonymous_1)","decl":{"start":{"line":80,"column":56},"end":{"line":80,"column":63}},"loc":{"start":{"line":80,"column":63},"end":{"line":80,"column":66}},"line":80},"2":{"name":"(anonymous_2)","decl":{"start":{"line":105,"column":26},"end":{"line":105,"column":37}},"loc":{"start":{"line":105,"column":37},"end":{"line":105,"column":61}},"line":105},"3":{"name":"buildImageUrl","decl":{"start":{"line":136,"column":16},"end":{"line":136,"column":30}},"loc":{"start":{"line":136,"column":74},"end":{"line":140,"column":null}},"line":136},"4":{"name":"purgePhotoCache","decl":{"start":{"line":151,"column":22},"end":{"line":151,"column":null}},"loc":{"start":{"line":160,"column":29},"end":{"line":191,"column":null}},"line":160}},"branchMap":{"0":{"loc":{"start":{"line":32,"column":2},"end":{"line":40,"column":null}},"type":"if","locations":[{"start":{"line":32,"column":2},"end":{"line":40,"column":null}},{"start":{},"end":{}}],"line":32},"1":{"loc":{"start":{"line":32,"column":6},"end":{"line":32,"column":28}},"type":"binary-expr","locations":[{"start":{"line":32,"column":6},"end":{"line":32,"column":17}},{"start":{"line":32,"column":17},"end":{"line":32,"column":28}}],"line":32},"2":{"loc":{"start":{"line":42,"column":2},"end":{"line":48,"column":null}},"type":"if","locations":[{"start":{"line":42,"column":2},"end":{"line":48,"column":null}},{"start":{},"end":{}}],"line":42},"3":{"loc":{"start":{"line":79,"column":8},"end":{"line":97,"column":null}},"type":"if","locations":[{"start":{"line":79,"column":8},"end":{"line":97,"column":null}},{"start":{"line":88,"column":15},"end":{"line":97,"column":null}}],"line":79},"4":{"loc":{"start":{"line":90,"column":10},"end":{"line":96,"column":null}},"type":"if","locations":[{"start":{"line":90,"column":10},"end":{"line":96,"column":null}},{"start":{"line":93,"column":17},"end":{"line":96,"column":null}}],"line":90},"5":{"loc":{"start":{"line":104,"column":6},"end":{"line":106,"column":null}},"type":"if","locations":[{"start":{"line":104,"column":6},"end":{"line":106,"column":null}},{"start":{},"end":{}}],"line":104},"6":{"loc":{"start":{"line":113,"column":10},"end":{"line":115,"column":null}},"type":"binary-expr","locations":[{"start":{"line":113,"column":10},"end":{"line":113,"column":35}},{"start":{"line":113,"column":35},"end":{"line":115,"column":null}}],"line":113},"7":{"loc":{"start":{"line":118,"column":25},"end":{"line":118,"column":null}},"type":"cond-expr","locations":[{"start":{"line":118,"column":50},"end":{"line":118,"column":66}},{"start":{"line":118,"column":66},"end":{"line":118,"column":null}}],"line":118},"8":{"loc":{"start":{"line":164,"column":2},"end":{"line":166,"column":null}},"type":"if","locations":[{"start":{"line":164,"column":2},"end":{"line":166,"column":null}},{"start":{},"end":{}}],"line":164},"9":{"loc":{"start":{"line":167,"column":2},"end":{"line":169,"column":null}},"type":"if","locations":[{"start":{"line":167,"column":2},"end":{"line":169,"column":null}},{"start":{},"end":{}}],"line":167},"10":{"loc":{"start":{"line":170,"column":2},"end":{"line":172,"column":null}},"type":"if","locations":[{"start":{"line":170,"column":2},"end":{"line":172,"column":null}},{"start":{},"end":{}}],"line":170},"11":{"loc":{"start":{"line":174,"column":2},"end":{"line":180,"column":null}},"type":"if","locations":[{"start":{"line":174,"column":2},"end":{"line":180,"column":null}},{"start":{},"end":{}}],"line":174},"12":{"loc":{"start":{"line":183,"column":22},"end":{"line":183,"column":null}},"type":"binary-expr","locations":[{"start":{"line":183,"column":22},"end":{"line":183,"column":32}},{"start":{"line":183,"column":32},"end":{"line":183,"column":null}}],"line":183},"13":{"loc":{"start":{"line":184,"column":24},"end":{"line":184,"column":null}},"type":"binary-expr","locations":[{"start":{"line":184,"column":24},"end":{"line":184,"column":36}},{"start":{"line":184,"column":36},"end":{"line":184,"column":null}}],"line":184}},"s":{"0":7,"1":7,"2":1,"3":1,"4":6,"5":1,"6":5,"7":5,"8":5,"9":5,"10":5,"11":6,"12":5,"13":5,"14":5,"15":6,"16":6,"17":5,"18":1,"19":0,"20":1,"21":1,"22":4,"23":4,"24":4,"25":4,"26":0,"27":0,"28":1,"29":1,"30":6,"31":1,"32":1,"33":5,"34":0,"35":0,"36":0,"37":4,"38":4,"39":4,"40":2,"41":2,"42":1,"43":2,"44":1,"45":2,"46":1,"47":2,"48":1,"49":1,"50":2,"51":2},"f":{"0":7,"1":0,"2":1,"3":4,"4":2},"b":{"0":[1,6],"1":[7,6],"2":[1,5],"3":[1,4],"4":[4,0],"5":[1,5],"6":[5,2],"7":[0,0],"8":[1,1],"9":[1,1],"10":[1,1],"11":[1,1],"12":[1,1],"13":[2,1]},"meta":{"lastBranch":14,"lastFunction":5,"lastStatement":52,"seen":{"f:26:22:26:Infinity":0,"s:29:37:29:Infinity":0,"b:32:2:40:Infinity:undefined:undefined:undefined:undefined":0,"s:32:2:40:Infinity":1,"b:32:6:32:17:32:17:32:28":1,"s:33:4:33:Infinity":2,"s:34:4:39:Infinity":3,"b:42:2:48:Infinity:undefined:undefined:undefined:undefined":2,"s:42:2:48:Infinity":4,"s:43:4:47:Infinity":5,"s:50:2:126:Infinity":6,"s:52:23:52:Infinity":7,"s:53:32:53:Infinity":8,"s:55:4:57:Infinity":9,"s:55:17:55:20":10,"s:56:6:56:Infinity":11,"s:59:33:59:Infinity":12,"s:60:33:60:Infinity":13,"s:63:4:107:Infinity":14,"s:64:6:101:Infinity":15,"s:65:25:77:Infinity":16,"b:79:8:97:Infinity:88:15:97:Infinity":3,"s:79:8:97:Infinity":17,"s:80:28:80:Infinity":18,"f:80:56:80:63":1,"s:80:63:80:66":19,"s:81:10:86:Infinity":20,"s:87:10:87:Infinity":21,"s:89:26:89:Infinity":22,"b:90:10:96:Infinity:93:17:96:Infinity":4,"s:90:10:96:Infinity":23,"s:91:12:91:Infinity":24,"s:92:12:92:Infinity":25,"s:94:12:94:Infinity":26,"s:95:12:95:Infinity":27,"s:99:8:99:Infinity":28,"s:100:8:100:Infinity":29,"b:104:6:106:Infinity:undefined:undefined:undefined:undefined":5,"s:104:6:106:Infinity":30,"s:105:8:105:Infinity":31,"f:105:26:105:37":2,"s:105:37:105:61":32,"s:109:4:116:Infinity":33,"b:113:10:113:35:113:35:115:Infinity":6,"s:118:25:118:Infinity":34,"b:118:50:118:66:118:66:118:Infinity":7,"s:119:4:119:Infinity":35,"s:120:4:125:Infinity":36,"f:136:16:136:30":3,"s:137:18:137:Infinity":37,"s:138:14:138:Infinity":38,"s:139:2:139:Infinity":39,"f:151:22:151:Infinity":4,"s:161:25:161:Infinity":40,"b:164:2:166:Infinity:undefined:undefined:undefined:undefined":8,"s:164:2:166:Infinity":41,"s:165:4:165:Infinity":42,"b:167:2:169:Infinity:undefined:undefined:undefined:undefined":9,"s:167:2:169:Infinity":43,"s:168:4:168:Infinity":44,"b:170:2:172:Infinity:undefined:undefined:undefined:undefined":10,"s:170:2:172:Infinity":45,"s:171:4:171:Infinity":46,"b:174:2:180:Infinity:undefined:undefined:undefined:undefined":11,"s:174:2:180:Infinity":47,"s:175:4:179:Infinity":48,"s:183:22:183:Infinity":49,"b:183:22:183:32:183:32:183:Infinity":12,"s:184:24:184:Infinity":50,"b:184:24:184:36:184:36:184:Infinity":13,"s:186:2:190:Infinity":51}}}
,"/Users/apple/Documents/Project/PIS/services/worker/src/lib/minio.ts": {"path":"/Users/apple/Documents/Project/PIS/services/worker/src/lib/minio.ts","statementMap":{"0":{"start":{"line":4,"column":20},"end":{"line":10,"column":null}},"1":{"start":{"line":14,"column":20},"end":{"line":14,"column":null}},"2":{"start":{"line":15,"column":2},"end":{"line":15,"column":null}},"3":{"start":{"line":15,"column":18},"end":{"line":15,"column":null}},"4":{"start":{"line":17,"column":2},"end":{"line":29,"column":null}},"5":{"start":{"line":18,"column":16},"end":{"line":18,"column":null}},"6":{"start":{"line":19,"column":4},"end":{"line":25,"column":null}},"7":{"start":{"line":27,"column":4},"end":{"line":27,"column":null}},"8":{"start":{"line":28,"column":4},"end":{"line":28,"column":null}},"9":{"start":{"line":32,"column":26},"end":{"line":32,"column":null}},"10":{"start":{"line":34,"column":26},"end":{"line":34,"column":null}},"11":{"start":{"line":37,"column":2},"end":{"line":37,"column":null}},"12":{"start":{"line":41,"column":17},"end":{"line":41,"column":null}},"13":{"start":{"line":42,"column":27},"end":{"line":42,"column":null}},"14":{"start":{"line":44,"column":2},"end":{"line":48,"column":null}},"15":{"start":{"line":45,"column":4},"end":{"line":45,"column":null}},"16":{"start":{"line":45,"column":33},"end":{"line":45,"column":51}},"17":{"start":{"line":46,"column":4},"end":{"line":46,"column":null}},"18":{"start":{"line":46,"column":27},"end":{"line":46,"column":57}},"19":{"start":{"line":47,"column":4},"end":{"line":47,"column":null}},"20":{"start":{"line":47,"column":32},"end":{"line":47,"column":43}},"21":{"start":{"line":56,"column":2},"end":{"line":56,"column":null}},"22":{"start":{"line":60,"column":28},"end":{"line":60,"column":null}},"23":{"start":{"line":65,"column":17},"end":{"line":65,"column":null}},"24":{"start":{"line":66,"column":2},"end":{"line":66,"column":null}},"25":{"start":{"line":71,"column":17},"end":{"line":71,"column":null}},"26":{"start":{"line":72,"column":2},"end":{"line":72,"column":null}},"27":{"start":{"line":80,"column":17},"end":{"line":80,"column":null}},"28":{"start":{"line":81,"column":2},"end":{"line":86,"column":null}},"29":{"start":{"line":82,"column":4},"end":{"line":85,"column":null}},"30":{"start":{"line":83,"column":6},"end":{"line":84,"column":null}},"31":{"start":{"line":83,"column":15},"end":{"line":83,"column":null}},"32":{"start":{"line":84,"column":11},"end":{"line":84,"column":null}},"33":{"start":{"line":96,"column":17},"end":{"line":96,"column":null}},"34":{"start":{"line":97,"column":2},"end":{"line":106,"column":null}},"35":{"start":{"line":98,"column":4},"end":{"line":105,"column":null}},"36":{"start":{"line":102,"column":8},"end":{"line":103,"column":null}},"37":{"start":{"line":102,"column":17},"end":{"line":102,"column":null}},"38":{"start":{"line":103,"column":13},"end":{"line":103,"column":null}},"39":{"start":{"line":115,"column":17},"end":{"line":115,"column":null}},"40":{"start":{"line":116,"column":2},"end":{"line":121,"column":null}},"41":{"start":{"line":117,"column":4},"end":{"line":120,"column":null}},"42":{"start":{"line":118,"column":6},"end":{"line":119,"column":null}},"43":{"start":{"line":118,"column":15},"end":{"line":118,"column":null}},"44":{"start":{"line":119,"column":11},"end":{"line":119,"column":null}},"45":{"start":{"line":126,"column":17},"end":{"line":126,"column":null}},"46":{"start":{"line":127,"column":2},"end":{"line":132,"column":null}},"47":{"start":{"line":128,"column":4},"end":{"line":131,"column":null}},"48":{"start":{"line":129,"column":6},"end":{"line":130,"column":null}},"49":{"start":{"line":129,"column":15},"end":{"line":129,"column":null}},"50":{"start":{"line":130,"column":11},"end":{"line":130,"column":null}}},"fnMap":{"0":{"name":"createPublicMinioClient","decl":{"start":{"line":13,"column":9},"end":{"line":13,"column":56}},"loc":{"start":{"line":13,"column":56},"end":{"line":30,"column":null}},"line":13},"1":{"name":"getMinioClient","decl":{"start":{"line":36,"column":16},"end":{"line":36,"column":47}},"loc":{"start":{"line":36,"column":47},"end":{"line":38,"column":null}},"line":36},"2":{"name":"downloadFile","decl":{"start":{"line":40,"column":22},"end":{"line":40,"column":35}},"loc":{"start":{"line":40,"column":65},"end":{"line":49,"column":null}},"line":40},"3":{"name":"(anonymous_3)","decl":{"start":{"line":44,"column":21},"end":{"line":44,"column":22}},"loc":{"start":{"line":44,"column":42},"end":{"line":48,"column":3}},"line":44},"4":{"name":"(anonymous_4)","decl":{"start":{"line":45,"column":22},"end":{"line":45,"column":23}},"loc":{"start":{"line":45,"column":33},"end":{"line":45,"column":51}},"line":45},"5":{"name":"(anonymous_5)","decl":{"start":{"line":46,"column":21},"end":{"line":46,"column":27}},"loc":{"start":{"line":46,"column":27},"end":{"line":46,"column":57}},"line":46},"6":{"name":"(anonymous_6)","decl":{"start":{"line":47,"column":23},"end":{"line":47,"column":24}},"loc":{"start":{"line":47,"column":32},"end":{"line":47,"column":43}},"line":47},"7":{"name":"uploadFile","decl":{"start":{"line":51,"column":22},"end":{"line":51,"column":null}},"loc":{"start":{"line":55,"column":55},"end":{"line":57,"column":null}},"line":55},"8":{"name":"getPresignedPutUrl","decl":{"start":{"line":63,"column":22},"end":{"line":63,"column":41}},"loc":{"start":{"line":63,"column":93},"end":{"line":67,"column":null}},"line":63},"9":{"name":"getPresignedGetUrl","decl":{"start":{"line":70,"column":22},"end":{"line":70,"column":41}},"loc":{"start":{"line":70,"column":93},"end":{"line":73,"column":null}},"line":70},"10":{"name":"initMultipartUpload","decl":{"start":{"line":78,"column":22},"end":{"line":78,"column":42}},"loc":{"start":{"line":78,"column":72},"end":{"line":87,"column":null}},"line":78},"11":{"name":"(anonymous_11)","decl":{"start":{"line":81,"column":21},"end":{"line":81,"column":22}},"loc":{"start":{"line":81,"column":42},"end":{"line":86,"column":3}},"line":81},"12":{"name":"(anonymous_12)","decl":{"start":{"line":82,"column":59},"end":{"line":82,"column":60}},"loc":{"start":{"line":82,"column":93},"end":{"line":85,"column":5}},"line":82},"13":{"name":"uploadPart","decl":{"start":{"line":90,"column":22},"end":{"line":90,"column":null}},"loc":{"start":{"line":95,"column":29},"end":{"line":107,"column":null}},"line":95},"14":{"name":"(anonymous_14)","decl":{"start":{"line":97,"column":21},"end":{"line":97,"column":22}},"loc":{"start":{"line":97,"column":42},"end":{"line":106,"column":3}},"line":97},"15":{"name":"(anonymous_15)","decl":{"start":{"line":101,"column":6},"end":{"line":101,"column":7}},"loc":{"start":{"line":101,"column":36},"end":{"line":104,"column":null}},"line":101},"16":{"name":"completeMultipartUpload","decl":{"start":{"line":110,"column":22},"end":{"line":110,"column":null}},"loc":{"start":{"line":114,"column":17},"end":{"line":122,"column":null}},"line":114},"17":{"name":"(anonymous_17)","decl":{"start":{"line":116,"column":21},"end":{"line":116,"column":22}},"loc":{"start":{"line":116,"column":42},"end":{"line":121,"column":3}},"line":116},"18":{"name":"(anonymous_18)","decl":{"start":{"line":117,"column":69},"end":{"line":117,"column":70}},"loc":{"start":{"line":117,"column":85},"end":{"line":120,"column":5}},"line":117},"19":{"name":"abortMultipartUpload","decl":{"start":{"line":125,"column":22},"end":{"line":125,"column":43}},"loc":{"start":{"line":125,"column":89},"end":{"line":133,"column":null}},"line":125},"20":{"name":"(anonymous_20)","decl":{"start":{"line":127,"column":21},"end":{"line":127,"column":22}},"loc":{"start":{"line":127,"column":42},"end":{"line":132,"column":3}},"line":127},"21":{"name":"(anonymous_21)","decl":{"start":{"line":128,"column":59},"end":{"line":128,"column":60}},"loc":{"start":{"line":128,"column":75},"end":{"line":131,"column":5}},"line":128}},"branchMap":{"0":{"loc":{"start":{"line":5,"column":12},"end":{"line":5,"column":null}},"type":"binary-expr","locations":[{"start":{"line":5,"column":12},"end":{"line":5,"column":47}},{"start":{"line":5,"column":47},"end":{"line":5,"column":null}}],"line":5},"1":{"loc":{"start":{"line":6,"column":17},"end":{"line":6,"column":58}},"type":"binary-expr","locations":[{"start":{"line":6,"column":17},"end":{"line":6,"column":52}},{"start":{"line":6,"column":52},"end":{"line":6,"column":58}}],"line":6},"2":{"loc":{"start":{"line":8,"column":13},"end":{"line":8,"column":null}},"type":"binary-expr","locations":[{"start":{"line":8,"column":13},"end":{"line":8,"column":45}},{"start":{"line":8,"column":45},"end":{"line":8,"column":null}}],"line":8},"3":{"loc":{"start":{"line":9,"column":13},"end":{"line":9,"column":null}},"type":"binary-expr","locations":[{"start":{"line":9,"column":13},"end":{"line":9,"column":45}},{"start":{"line":9,"column":45},"end":{"line":9,"column":null}}],"line":9},"4":{"loc":{"start":{"line":15,"column":2},"end":{"line":15,"column":null}},"type":"if","locations":[{"start":{"line":15,"column":2},"end":{"line":15,"column":null}},{"start":{},"end":{}}],"line":15},"5":{"loc":{"start":{"line":21,"column":12},"end":{"line":21,"column":null}},"type":"cond-expr","locations":[{"start":{"line":21,"column":23},"end":{"line":21,"column":45}},{"start":{"line":21,"column":45},"end":{"line":21,"column":null}}],"line":21},"6":{"loc":{"start":{"line":21,"column":45},"end":{"line":21,"column":null}},"type":"cond-expr","locations":[{"start":{"line":21,"column":73},"end":{"line":21,"column":79}},{"start":{"line":21,"column":79},"end":{"line":21,"column":null}}],"line":21},"7":{"loc":{"start":{"line":23,"column":17},"end":{"line":23,"column":null}},"type":"binary-expr","locations":[{"start":{"line":23,"column":17},"end":{"line":23,"column":49}},{"start":{"line":23,"column":49},"end":{"line":23,"column":null}}],"line":23},"8":{"loc":{"start":{"line":24,"column":17},"end":{"line":24,"column":null}},"type":"binary-expr","locations":[{"start":{"line":24,"column":17},"end":{"line":24,"column":49}},{"start":{"line":24,"column":49},"end":{"line":24,"column":null}}],"line":24},"9":{"loc":{"start":{"line":34,"column":26},"end":{"line":34,"column":null}},"type":"binary-expr","locations":[{"start":{"line":34,"column":26},"end":{"line":34,"column":54}},{"start":{"line":34,"column":54},"end":{"line":34,"column":null}}],"line":34},"10":{"loc":{"start":{"line":54,"column":2},"end":{"line":54,"column":null}},"type":"default-arg","locations":[{"start":{"line":54,"column":37},"end":{"line":54,"column":null}}],"line":54},"11":{"loc":{"start":{"line":63,"column":54},"end":{"line":63,"column":93}},"type":"default-arg","locations":[{"start":{"line":63,"column":70},"end":{"line":63,"column":93}}],"line":63},"12":{"loc":{"start":{"line":65,"column":17},"end":{"line":65,"column":null}},"type":"binary-expr","locations":[{"start":{"line":65,"column":17},"end":{"line":65,"column":38}},{"start":{"line":65,"column":38},"end":{"line":65,"column":null}}],"line":65},"13":{"loc":{"start":{"line":70,"column":54},"end":{"line":70,"column":93}},"type":"default-arg","locations":[{"start":{"line":70,"column":70},"end":{"line":70,"column":93}}],"line":70},"14":{"loc":{"start":{"line":71,"column":17},"end":{"line":71,"column":null}},"type":"binary-expr","locations":[{"start":{"line":71,"column":17},"end":{"line":71,"column":38}},{"start":{"line":71,"column":38},"end":{"line":71,"column":null}}],"line":71},"15":{"loc":{"start":{"line":83,"column":6}
[...]
71":{"start":{"line":245,"column":6},"end":{"line":245,"column":null}},"72":{"start":{"line":250,"column":4},"end":{"line":250,"column":null}},"73":{"start":{"line":254,"column":4},"end":{"line":259,"column":null}},"74":{"start":{"line":255,"column":6},"end":{"line":255,"column":null}},"75":{"start":{"line":256,"column":6},"end":{"line":256,"column":null}},"76":{"start":{"line":258,"column":6},"end":{"line":258,"column":null}},"77":{"start":{"line":263,"column":37},"end":{"line":263,"column":null}},"78":{"start":{"line":264,"column":19},"end":{"line":264,"column":null}},"79":{"start":{"line":266,"column":4},"end":{"line":279,"column":null}},"80":{"start":{"line":267,"column":6},"end":{"line":276,"column":null}},"81":{"start":{"line":268,"column":8},"end":{"line":275,"column":null}},"82":{"start":{"line":269,"column":10},"end":{"line":274,"column":null}},"83":{"start":{"line":277,"column":6},"end":{"line":277,"column":null}},"84":{"start":{"line":277,"column":29},"end":{"line":277,"column":45}},"85":{"start":{"line":278,"column":6},"end":{"line":278,"column":null}},"86":{"start":{"line":278,"column":34},"end":{"line":278,"column":45}},"87":{"start":{"line":283,"column":4},"end":{"line":296,"column":null}},"88":{"start":{"line":285,"column":21},"end":{"line":285,"column":null}},"89":{"start":{"line":286,"column":6},"end":{"line":290,"column":null}},"90":{"start":{"line":291,"column":6},"end":{"line":291,"column":null}},"91":{"start":{"line":293,"column":27},"end":{"line":293,"column":null}},"92":{"start":{"line":294,"column":6},"end":{"line":294,"column":null}},"93":{"start":{"line":295,"column":6},"end":{"line":295,"column":null}},"94":{"start":{"line":300,"column":4},"end":{"line":300,"column":null}},"95":{"start":{"line":300,"column":25},"end":{"line":300,"column":null}},"96":{"start":{"line":302,"column":25},"end":{"line":302,"column":null}},"97":{"start":{"line":303,"column":27},"end":{"line":303,"column":null}},"98":{"start":{"line":304,"column":23},"end":{"line":304,"column":null}},"99":{"start":{"line":307,"column":18},"end":{"line":307,"column":null}},"100":{"start":{"line":308,"column":4},"end":{"line":320,"column":null}},"101":{"start":{"line":309,"column":26},"end":{"line":309,"column":null}},"102":{"start":{"line":311,"column":6},"end":{"line":317,"column":null}},"103":{"start":{"line":313,"column":8},"end":{"line":315,"column":null}},"104":{"start":{"line":314,"column":10},"end":{"line":314,"column":null}},"105":{"start":{"line":316,"column":8},"end":{"line":316,"column":null}},"106":{"start":{"line":319,"column":6},"end":{"line":319,"column":null}},"107":{"start":{"line":321,"column":4},"end":{"line":321,"column":null}}},"fnMap":{"0":{"name":"(anonymous_0)","decl":{"start":{"line":23,"column":2},"end":{"line":23,"column":14}},"loc":{"start":{"line":23,"column":37},"end":{"line":85,"column":null}},"line":23},"1":{"name":"(anonymous_1)","decl":{"start":{"line":87,"column":8},"end":{"line":87,"column":17}},"loc":{"start":{"line":87,"column":47},"end":{"line":96,"column":null}},"line":87},"2":{"name":"(anonymous_2)","decl":{"start":{"line":91,"column":23},"end":{"line":91,"column":24}},"loc":{"start":{"line":91,"column":44},"end":{"line":95,"column":5}},"line":91},"3":{"name":"(anonymous_3)","decl":{"start":{"line":92,"column":24},"end":{"line":92,"column":25}},"loc":{"start":{"line":92,"column":35},"end":{"line":92,"column":53}},"line":92},"4":{"name":"(anonymous_4)","decl":{"start":{"line":93,"column":23},"end":{"line":93,"column":29}},"loc":{"start":{"line":93,"column":29},"end":{"line":93,"column":59}},"line":93},"5":{"name":"(anonymous_5)","decl":{"start":{"line":94,"column":25},"end":{"line":94,"column":26}},"loc":{"start":{"line":94,"column":34},"end":{"line":94,"column":45}},"line":94},"6":{"name":"(anonymous_6)","decl":{"start":{"line":98,"column":8},"end":{"line":98,"column":null}},"loc":{"start":{"line":102,"column":27},"end":{"line":114,"column":null}},"line":102},"7":{"name":"(anonymous_7)","decl":{"start":{"line":116,"column":8},"end":{"line":116,"column":null}},"loc":{"start":{"line":119,"column":21},"end":{"line":129,"column":null}},"line":119},"8":{"name":"(anonymous_8)","decl":{"start":{"line":131,"column":8},"end":{"line":131,"column":null}},"loc":{"start":{"line":134,"column":21},"end":{"line":144,"column":null}},"line":134},"9":{"name":"(anonymous_9)","decl":{"start":{"line":146,"column":8},"end":{"line":146,"column":28}},"loc":{"start":{"line":146,"column":58},"end":{"line":166,"column":null}},"line":146},"10":{"name":"(anonymous_10)","decl":{"start":{"line":168,"column":8},"end":{"line":168,"column":null}},"loc":{"start":{"line":173,"column":31},"end":{"line":199,"column":null}},"line":173},"11":{"name":"(anonymous_11)","decl":{"start":{"line":201,"column":8},"end":{"line":201,"column":null}},"loc":{"start":{"line":205,"column":19},"end":{"line":230,"column":null}},"line":205},"12":{"name":"(anonymous_12)","decl":{"start":{"line":208,"column":35},"end":{"line":208,"column":44}},"loc":{"start":{"line":208,"column":44},"end":{"line":212,"column":8}},"line":208},"13":{"name":"(anonymous_13)","decl":{"start":{"line":232,"column":8},"end":{"line":232,"column":29}},"loc":{"start":{"line":232,"column":75},"end":{"line":247,"column":null}},"line":232},"14":{"name":"(anonymous_14)","decl":{"start":{"line":249,"column":8},"end":{"line":249,"column":15}},"loc":{"start":{"line":249,"column":43},"end":{"line":251,"column":null}},"line":249},"15":{"name":"(anonymous_15)","decl":{"start":{"line":253,"column":8},"end":{"line":253,"column":15}},"loc":{"start":{"line":253,"column":46},"end":{"line":260,"column":null}},"line":253},"16":{"name":"(anonymous_16)","decl":{"start":{"line":262,"column":8},"end":{"line":262,"column":20}},"loc":{"start":{"line":262,"column":62},"end":{"line":280,"column":null}},"line":262},"17":{"name":"(anonymous_17)","decl":{"start":{"line":266,"column":23},"end":{"line":266,"column":24}},"loc":{"start":{"line":266,"column":44},"end":{"line":279,"column":5}},"line":266},"18":{"name":"(anonymous_18)","decl":{"start":{"line":267,"column":24},"end":{"line":267,"column":25}},"loc":{"start":{"line":267,"column":33},"end":{"line":276,"column":7}},"line":267},"19":{"name":"(anonymous_19)","decl":{"start":{"line":277,"column":23},"end":{"line":277,"column":29}},"loc":{"start":{"line":277,"column":29},"end":{"line":277,"column":45}},"line":277},"20":{"name":"(anonymous_20)","decl":{"start":{"line":278,"column":25},"end":{"line":278,"column":26}},"loc":{"start":{"line":278,"column":34},"end":{"line":278,"column":45}},"line":278},"21":{"name":"(anonymous_21)","decl":{"start":{"line":282,"column":8},"end":{"line":282,"column":13}},"loc":{"start":{"line":282,"column":61},"end":{"line":297,"column":null}},"line":282},"22":{"name":"(anonymous_22)","decl":{"start":{"line":299,"column":10},"end":{"line":299,"column":22}},"loc":{"start":{"line":299,"column":43},"end":{"line":322,"column":null}},"line":299}},"branchMap":{"0":{"loc":{"start":{"line":26,"column":20},"end":{"line":26,"column":null}},"type":"binary-expr","locations":[{"start":{"line":26,"column":20},"end":{"line":26,"column":39}},{"start":{"line":26,"column":39},"end":{"line":26,"column":null}}],"line":26},"1":{"loc":{"start":{"line":27,"column":16},"end":{"line":27,"column":null}},"type":"binary-expr","locations":[{"start":{"line":27,"column":16},"end":{"line":27,"column":31}},{"start":{"line":27,"column":31},"end":{"line":27,"column":null}}],"line":27},"2":{"loc":{"start":{"line":28,"column":18},"end":{"line":28,"column":null}},"type":"binary-expr","locations":[{"start":{"line":28,"column":18},"end":{"line":28,"column":35}},{"start":{"line":28,"column":35},"end":{"line":28,"column":null}}],"line":28},"3":{"loc":{"start":{"line":46,"column":4},"end":{"line":69,"column":null}},"type":"if","locations":[{"start":{"line":46,"column":4},"end":{"line":69,"column":null}},{"start":{"line":66,"column":11},"end":{"line":69,"column":null}}],"line":46},"4":{"loc":{"start":{"line":50,"column":27},"end":{"line":50,"column":null}},"type":"cond-expr","locations":[{"start":{"line":50,"column":47},"end":{"line":50,"column":78}},{"start":{"line":50,"column":78},"end":{"line":50,"column":null}}],"line":50},"5":{"loc":{"start":{"line":50,"column":78},"end":{"line":50,"column":null}},"type":"cond-expr","locations":[{"start":{"line":50,"column":115},"end":{"line":50,"column":121}},{"start":{"line":50,"column":121},"end":{"line":50,"column":null}}],"line":50},"6":{"loc":{"start":{"line":72,"column":23},"end":{"line":74,"column":null}},"type":"cond-expr","locations":[{"start":{"line":73,"column":8},"end":{"line":73,"column":null}},{"start":{"line":74,"column":8},"end":{"line":74,"column":null}}],"line":72},"7":{"loc":{"start":{"line":78,"column":14},"end":{"line":78,"column":null}},"type":"binary-expr","locations":[{"start":{"line":78,"column":14},"end":{"line":78,"column":29}},{"start":{"line":78,"column":29},"end":{"line":78,"column":null}}],"line":78},"8":{"loc":{"start":{"line":101,"column":4},"end":{"line":101,"column":null}},"type":"default-arg","locations":[{"start":{"line":101,"column":39},"end":{"line":101,"column":null}}],"line":101},"9":{"loc":{"start":{"line":118,"column":4},"end":{"line":118,"column":null}},"type":"default-arg","locations":[{"start":{"line":118,"column":20},"end":{"line":118,"column":null}}],"line":118},"10":{"loc":{"start":{"line":133,"column":4},"end":{"line":133,"column":null}},"type":"default-arg","locations":[{"start":{"line":133,"column":20},"end":{"line":133,"column":null}}],"line":133},"11":{"loc":{"start":{"line":155,"column":6},"end":{"line":157,"column":null}},"type":"if","locations":[{"start":{"line":155,"column":6},"end":{"line":157,"column":null}},{"start":{},"end":{}}],"line":155},"12":{"loc":{"start":{"line":162,"column":27},"end":{"line":162,"column":null}},"type":"cond-expr","locations":[{"start":{"line":162,"column":50},"end":{"line":162,"column":64}},{"start":{"line":162,"column":64},"end":{"line":162,"column":null}}],"line":162},"13":{"loc":{"start":{"line":185,"column":6},"end":{"line":187,"column":null}},"type":"if","locations":[{"start":{"line":185,"column":6},"end":{"line":187,"column":null}},{"start":{},"end":{}}],"line":185},"14":{"loc":{"start":{"line":195,"column":27},"end":{"line":195,"column":null}},"type":"cond-expr","locations":[{"start":{"line":195,"column":50},"end":{"line":195,"column":64}},{"start":{"line":195,"column":64},"end":{"line":195,"column":null}}],"line":195},"15":{"loc":{"start":{"line":211,"column":14},"end":{"line":211,"column":null}},"type":"cond-expr","locations":[{"start":{"line":211,"column":42},"end":{"line":211,"column":54}},{"start":{"line":211,"column":54},"end":{"line":211,"column":null}}],"line":211},"16":{"loc":{"start":{"line":226,"column":27},"end":{"line":226,"column":null}},"type":"cond-expr","locations":[{"start":{"line":226,"column":50},"end":{"line":226,"column":64}},{"start":{"line":226,"column":64},"end":{"line":226,"column":null}}],"line":226},"17":{"loc":{"start":{"line":243,"column":27},"end":{"line":243,"column":null}},"type":"cond-expr","locations":[{"start":{"line":243,"column":50},"end":{"line":243,"column":64}},{"start":{"line":243,"column":64},"end":{"line":243,"column":null}}],"line":243},"18":{"loc":{"start":{"line":268,"column":8},"end":{"line":275,"column":null}},"type":"if","locations":[{"start":{"line":268,"column":8},"end":{"line":275,"column":null}},{"start":{},"end":{}}],"line":268},"19":{"loc":{"start":{"line":271,"column":18},"end":{"line":271,"column":null}},"type":"binary-expr","locations":[{"start":{"line":271,"column":18},"end":{"line":271,"column":30}},{"start":{"line":271,"column":30},"end":{"line":271,"column":null}}],"line":271},"20":{"loc":{"start":{"line":272,"column":26},"end":{"line":272,"column":null}},"type":"binary-expr","locations":[{"start":{"line":272,"column":26},"end":{"line":272,"column":46}},{"start":{"line":272,"column":46},"end":{"line":272,"column":null}}],"line":272},"21":{"loc":{"start":{"line":273,"column":18},"end":{"line":273,"column":null}},"type":"binary-expr","locations":[{"start":{"line":273,"column":18},"end":{"line":273,"column":30}},{"start":{"line":273,"column":30},"end":{"line":273,"column":null}}],"line":273},"22":{"loc":{"start":{"line":293,"column":27},"end":{"line":293,"column":null}},"type":"cond-expr","locations":[{"start":{"line":293,"column":50},"end":{"line":293,"column":64}},{"start":{"line":293,"column":64},"end":{"line":293,"column":null}}],"line":293},"23":{"loc":{"start":{"line":300,"column":4},"end":{"line":300,"column":null}},"type":"if","locations":[{"start":{"line":300,"column":4},"end":{"line":300,"column":null}},{"start":{},"end":{}}],"line":300},"24":{"loc":{"start":{"line":304,"column":23},"end":{"line":304,"column":null}},"type":"cond-expr","locations":[{"start":{"line":304,"column":43},"end":{"line":304,"column":119}},{"start":{"line":304,"column":119},"end":{"line":304,"column":null}}],"line":304},"25":{"loc":{"start":{"line":308,"column":4},"end":{"line":320,"column":null}},"type":"if","locations":[{"start":{"line":308,"column":4},"end":{"line":320,"column":null}},{"start":{},"end":{}}],"line":308},"26":{"loc":{"start":{"line":311,"column":6},"end":{"line":317,"column":null}},"type":"if","locations":[{"start":{"line":311,"column":6},"end":{"line":317,"column":null}},{"start":{},"end":{}}],"line":311},"27":{"loc":{"start":{"line":313,"column":8},"end":{"line":315,"column":null}},"type":"if","locations":[{"start":{"line":313,"column":8},"end":{"line":315,"column":null}},{"start":{},"end":{}}],"line":313},"28":{"loc":{"start":{"line":313,"column":12},"end":{"line":313,"column":70}},"type":"binary-expr","locations":[{"start":{"line":313,"column":12},"end":{"line":313,"column":43}},{"start":{"line":313,"column":43},"end":{"line":313,"column":70}}],"line":313}},"s":{"0":30,"1":30,"2":30,"3":30,"4":30,"5":30,"6":30,"7":30,"8":30,"9":30,"10":4,"11":4,"12":4,"13":4,"14":4,"15":4,"16":1,"17":1,"18":26,"19":30,"20":30,"21":2,"22":2,"23":2,"24":2,"25":1,"26":2,"27":1,"28":2,"29":1,"30":1,"31":1,"32":1,"33":1,"34":2,"35":2,"36":3,"37":3,"38":3,"39":2,"40":1,"41":1,"42":1,"43":2,"44":2,"45":2,"46":3,"47":3,"48":3,"49":2,"50":1,"51":1,"52":1,"53":2,"54":2,"55":2,"56":3,"57":3,"58":4,"59":3,"60":3,"61":2,"62":1,"63":1,"64":1,"65":2,"66":2,"67":2,"68":1,"69":1,"70":1,"71":1,"72":1,"73":2,"74":2,"75":1,"76":1,"77":2,"78":2,"79":2,"80":2,"81":2,"82":2,"83":2,"84":1,"85":2,"86":1,"87":2,"88":2,"89":2,"90":1,"91":1,"92":1,"93":1,"94":3,"95":2,"96":1,"97":1,"98":1,"99":3,"100":3,"101":1,"102":1,"103":0,"104":0,"105":0,"106":1,"107":0},"f":{"0":30,"1":2,"2":2,"3":1,"4":1,"5":1,"6":1,"7":1,"8":2,"9":3,"10":3,"11":3,"12":4,"13":2,"14":1,"15":2,"16":2,"17":2,"18":2,"19":1,"20":1,"21":2,"22":3},"b":{"0":[30,0],"1":[30,0],"2":[30,0],"3":[4,26],"4":[2,1],"5":[1,0],"6":[1,29],"7":[30,29],"8":[1],"9":[1],"10":[2],"11":[1,1],"12":[2,0],"13":[1,1],"14":[2,0],"15":[1,3],"16":[1,0],"17":[1,0],"18":[2,0],"19":[2,0],"20":[2,0],"21":[2,0],"22":[1,0],"23":[2,1],"24":[1,0],"25":[1,2],"26":[0,1],"27":[0,0],"28":[0,0]},"meta":{"lastBranch":29,"lastFunction":23,"lastStatement":108,"seen":{"f:23:2:23:14":0,"s:24:4:24:Infinity":0,"s:25:4:25:Infinity":1,"s:26:4:26:Infinity":2,"b:26:20:26:39:26:39:26:Infinity":0,"s:27:4:27:Infinity":3,"b:27:16:27:31:27:31:27:Infinity":1,"s:28:4:28:Infinity":4,"b:28:18:28:35:28:35:28:Infinity":2,"s:29:4:29:Infinity":5,"s:30:4:30:Infinity":6,"s:31:4:31:Infinity":7,"s:34:4:41:Infinity":8,"b:46:4:69:Infinity:66:11:69:Infinity":3,"s:46:4:69:Infinity":9,"s:47:6:65:Infinity":10,"s:48:29:48:Infinity":11,"s:50:27:50:Infinity":12,"b:50:47:50:78:50:78:50:Infinity":4,"b:50:115:50:121:50:121:50:Infinity":5,"s:51:29:51:Infinity":13,"s:53:8:60:Infinity":14,"s:61:8:61:Infinity":15,"s:63:8:63:Infinity":16,"s:64:8:64:Infinity":17,"s:68:6:68:Infinity":18,"s:72:23:74:Infinity":19,"b:73:8:73:Infinity:74:8:74:Infinity":6,"s:76:4:84:Infinity":20,"b:78:14:78:29:78:29:78:Infinity":7,"f:87:8:87:17":1,"s:88:19:88:Infinity":21,"s:89:29:89:Infinity":22,"s:91:4:95:Infinity":23,"f:91:23:91:24":2,"s:92:6:92:Infinity":24,"f:92:24:92:25":3,"s:92:35:92:53":25,"s:93:6:93:Infinity":26,"f:93:23:93:29":4,"s:93:29:93:59":27,"s:94:6:94:Infinity":28,"f:94:25:94:26":5,"s:94:34:94:45":29,"f:98:8:98:Infinity":6,"b:101:39:101:Infinity":8,"s:103:19:109:Infinity":30,"s:110:4:113:Infinity":31,"f:116:8:116:Infinity":7,"b:118:20:118:Infinity":9,"s:121:16:125:Infinity":32,"s:128:4:128:Infinity":33,"f:131:8:131:Infinity":8,"b:133:20:133:Infinity":10,"s:136:16:140:Infinity":34,"s:143:4:143:Infinity":35,"f:146:8:146:28":9,"s:147:4:165:Infinity":36,"s:148:22:151:Infinity":37,"s:153:23:153:Infinity":38,"b:155:6:157:Infinity:undefined:undefined:undefined:undefined":11,"s:155:6:157:Infinity":39,"s:156:8:156:Infinity":40,"s:159:6:159:Infinity":41,"s:160:6:160:Infinity":42,"s:162:27:162:Infinity":43,"b:162:50:162:64:162:64:162:Infinity":12,"s:163:6:163:Infinity":44,"s:164:6:164:Infinity":45,"f:168:8:168:Infinity":10,"s:174:4:198:Infinity":46,"s:175:22:181:Infinity":47,"s:183:23:183:Infinity":48,"b:185:6:187:Infinity:undefined:undefined:undefined:undefined":13,"s:185:6:187:Infinity":49,"s:186:8:186:Infinity":50,"s:191:19:191:Infinity":51,"s:193:6:193:Infinity":52,"s:195:27:195:Infinity":53,"b:195:50:195:64:195:64:195:Infinity":14,"s:196:6:196:Infinity":54,"s:197:6:197:Infinity":55,"f:201:8:201:Infinity":11,"s:206:4:229:Infinity":56,"s:208:25:212:Infinity":57,"f:208:35:208:44":12,"s:208:44:212:8":58,"b:211:42:211:54:211:54:211:Infinity":15,"s:214:22:221:Infinity":59,"s:223:6:223:Infinity":60,"s:224:6:224:Infinity":61,"s:226:27:226:Infinity":62,"b:226:50:226:64:226:64:226:Infinity":16,"s:227:6:227:Infinity":63,"s:228:6:228:Infinity":64,"f:232:8:232:29":13,"s:233:4:246:Infinity":65,"s:234:22:238:Infinity":66,"s:240:6:240:Infinity":67,"s:241:6:241:Infinity":68,"s:243:27:243:Infinity":69,"b:243:50:243:64:243:64:243:Infinity":17,"s:244:6:244:Infinity":70,"s:245:6:245:Infinity":71,"f:249:8:249:15":14,"s:250:4:250:Infinity":72,"f:253:8:253:15":15,"s:254:4:259:Infinity":73,"s:255:6:255:Infinity":74,"s:256:6:256:Infinity":75,"s:258:6:258:Infinity":76,"f:262:8:262:20":16,"s:263:37:263:Infinity":77,"s:264:19:264:Infinity":78,"s:266:4:279:Infinity":79,"f:266:23:266:24":17,"s:267:6:276:Infinity":80,"f:267:24:267:25":18,"b:268:8:275:Infinity:undefined:undefined:undefined:undefined":18,"s:268:8:275:Infinity":81,"s:269:10:274:Infinity":82,"b:271:18:271:30:271:30:271:Infinity":19,"b:272:26:272:46:272:46:272:Infinity":20,"b:273:18:273:30:273:30:273:Infinity":21,"s:277:6:277:Infinity":83,"f:277:23:277:29":19,"s:277:29:277:45":84,"s:278:6:278:Infinity":85,"f:278:25:278:26":20,"s:278:34:278:45":86,"f:282:8:282:13":21,"s:283:4:296:Infinity":87,"s:285:21:285:Infinity":88,"s:286:6:290:Infinity":89,"s:291:6:291:Infinity":90,"s:293:27:293:Infinity":91,"b:293:50:293:64:293:64:293:Infinity":22,"s:294:6:294:Infinity":92,"s:295:6:295:Infinity":93,"f:299:10:299:22":22,"b:300:4:300:Infinity:undefined:undefined:undefined:undefined":23,"s:300:4:300:Infinity":94,"s:300:25:300:Infinity":95,"s:302:25:302:Infinity":96,"s:303:27:303:Infinity":97,"s:304:23:304:Infinity":98,"b:304:43:304:119:304:119:304:Infinity":24,"s:307:18:307:Infinity":99,"b:308:4:320:Infinity:undefined:undefined:undefined:undefined":25,"s:308:4:320:Infinity":100,"s:309:26:309:Infinity":101,"b:311:6:317:Infinity:undefined:undefined:undefined:undefined":26,"s:311:6:317:Infinity":102,"b:313:8:315:Infinity:undefined:undefined:undefined:undefined":27,"s:313:8:315:Infinity":103,"b:313:12:313:43:313:43:313:70":28,"s:314:10:314:Infinity":104,"s:316:8:316:Infinity":105,"s:319:6:319:Infinity":106,"s:321:4:321:Infinity":107}}}
,"/Users/apple/Documents/Project/PIS/services/worker/src/lib/storage/types.ts": {"path":"/Users/apple/Documents/Project/PIS/services/worker/src/lib/storage/types.ts","statementMap":{},"fnMap":{},"branchMap":{},"s":{},"f":{},"b":{},"meta":{"lastBranch":0,"lastFunction":0,"lastStatement":0,"seen":{}}}
}
